
***************************************************
                 SN1 CODE EXECUTION
***************************************************


Run Specifications:
    Sigma_s: 1.0000               Sigma_f: 0.0000
    Sigma_t: 1.0000               Length (L): 5.0
    Alpha: 0.5000                 Max Iterations: 1000
    Quadrature Nodes: 8           Error Tolerance: 1.0e-06

Calculating GQ weights and discrete ordinates... Done.
Casting GQ data to a vector (weights) and array/vector (scattering angle)...Done.
Initializing variables and iterating over cell sizes...

GQ Weights:  w = [0.1012,0.2224,0.3137,0.3627,0.3627,0.3137,0.2224,0.1012]
GQ Nodes:   mu = [-0.9603,-0.7967,-0.5255,-0.1834,0.1834,0.5255,0.7967,0.9603]

Assigning boundary conditions...
    Analytical fluxes set.
    Calculating scaling factor... Done.
    LH Scaling factor = 0.1012
    Scaling numerical flux values... j_left = 1
Done.

---------------------------------------------
Begin looping over cell numbers...
---------------------------------------------

Number of cells = 20
    Set spatial step size... dz = 0.2500
    Initializing angular flux arrays... Done.
    Intializing scattering source terms... Done.
    Initialize computational error... Done.
    Beginning source iteration...
DEBUG: mu_n = -0.183435
DEBUG: Albedo flux for i = 3: 0
DEBUG: mu_n = -0.525532
DEBUG: Albedo flux for i = 2: 0
DEBUG: mu_n = -0.796666
DEBUG: Albedo flux for i = 1: 0
DEBUG: mu_n = -0.96029
DEBUG: Albedo flux for i = 0: 0.630052
DEBUG: mu_n = -0.183435
DEBUG: Albedo flux for i = 3: 0.0297951
DEBUG: mu_n = -0.525532
DEBUG: Albedo flux for i = 2: 0.0141266
DEBUG: mu_n = -0.796666
DEBUG: Albedo flux for i = 1: 0.00997089
DEBUG: mu_n = -0.96029
DEBUG: Albedo flux for i = 0: 0.638519
        Iteration 1: Error = 7.321699e-01
DEBUG: mu_n = -0.183435
DEBUG: Albedo flux for i = 3: 0.0437018
DEBUG: mu_n = -0.525532
DEBUG: Albedo flux for i = 2: 0.0207202
DEBUG: mu_n = -0.796666
DEBUG: Albedo flux for i = 1: 0.0146248
DEBUG: mu_n = -0.96029
DEBUG: Albedo flux for i = 0: 0.642472
        Iteration 2: Error = 3.473581e-01
DEBUG: mu_n = -0.183435
DEBUG: Albedo flux for i = 3: 0.0521846
DEBUG: mu_n = -0.525532
DEBUG: Albedo flux for i = 2: 0.0247421
DEBUG: mu_n = -0.796666
DEBUG: Albedo flux for i = 1: 0.0174635
DEBUG: mu_n = -0.96029
DEBUG: Albedo flux for i = 0: 0.644883
        Iteration 3: Error = 2.239829e-01
DEBUG: mu_n = -0.183435
DEBUG: Albedo flux for i = 3: 0.0581015
DEBUG: mu_n = -0.525532
DEBUG: Albedo flux for i = 2: 0.0275475
DEBUG: mu_n = -0.796666
DEBUG: Albedo flux for i = 1: 0.0194436
DEBUG: mu_n = -0.96029
DEBUG: Albedo flux for i = 0: 0.646564
        Iteration 4: Error = 1.640680e-01
DEBUG: mu_n = -0.183435
DEBUG: Albedo flux for i = 3: 0.062577
DEBUG: mu_n = -0.525532
DEBUG: Albedo flux for i = 2: 0.0296694
DEBUG: mu_n = -0.796666
DEBUG: Albedo flux for i = 1: 0.0209413
DEBUG: mu_n = -0.96029
DEBUG: Albedo flux for i = 0: 0.647836
        Iteration 5: Error = 1.286758e-01
DEBUG: mu_n = -0.183435
DEBUG: Albedo flux for i = 3: 0.0661507
DEBUG: mu_n = -0.525532
DEBUG: Albedo flux for i = 2: 0.0313638
DEBUG: mu_n = -0.796666
DEBUG: Albedo flux for i = 1: 0.0221373
DEBUG: mu_n = -0.96029
DEBUG: Albedo flux for i = 0: 0.648852
        Iteration 6: Error = 1.051638e-01
DEBUG: mu_n = -0.183435
DEBUG: Albedo flux for i = 3: 0.0691156
DEBUG: mu_n = -0.525532
DEBUG: Albedo flux for i = 2: 0.0327695
DEBUG: mu_n = -0.796666
DEBUG: Albedo flux for i = 1: 0.0231295
DEBUG: mu_n = -0.96029
DEBUG: Albedo flux for i = 0: 0.649694
        Iteration 7: Error = 8.828519e-02
DEBUG: mu_n = -0.183435
DEBUG: Albedo flux for i = 3: 0.0716451
DEBUG: mu_n = -0.525532
DEBUG: Albedo flux for i = 2: 0.0339688
DEBUG: mu_n = -0.796666
DEBUG: Albedo flux for i = 1: 0.0239759
DEBUG: mu_n = -0.96029
DEBUG: Albedo flux for i = 0: 0.650413
        Iteration 8: Error = 7.550150e-02
DEBUG: mu_n = -0.183435
DEBUG: Albedo flux for i = 3: 0.073848
DEBUG: mu_n = -0.525532
DEBUG: Albedo flux for i = 2: 0.0350133
DEBUG: mu_n = -0.796666
DEBUG: Albedo flux for i = 1: 0.0247132
DEBUG: mu_n = -0.96029
DEBUG: Albedo flux for i = 0: 0.651039
        Iteration 9: Error = 6.544203e-02
DEBUG: mu_n = -0.183435
DEBUG: Albedo flux for i = 3: 0.0757965
DEBUG: mu_n = -0.525532
DEBUG: Albedo flux for i = 2: 0.0359371
DEBUG: mu_n = -0.796666
DEBUG: Albedo flux for i = 1: 0.0253652
DEBUG: mu_n = -0.96029
DEBUG: Albedo flux for i = 0: 0.651593
        Iteration 10: Error = 5.730141e-02
DEBUG: mu_n = -0.183435
DEBUG: Albedo flux for i = 3: 0.0775401
DEBUG: mu_n = -0.525532
DEBUG: Albedo flux for i = 2: 0.0367638
DEBUG: mu_n = -0.796666
DEBUG: Albedo flux for i = 1: 0.0259487
DEBUG: mu_n = -0.96029
DEBUG: Albedo flux for i = 0: 0.652088
        Iteration 11: Error = 5.057318e-02
DEBUG: mu_n = -0.183435
DEBUG: Albedo flux for i = 3: 0.0791141
DEBUG: mu_n = -0.525532
DEBUG: Albedo flux for i = 2: 0.0375101
DEBUG: mu_n = -0.796666
DEBUG: Albedo flux for i = 1: 0.0264754
DEBUG: mu_n = -0.96029
DEBUG: Albedo flux for i = 0: 0.652536
        Iteration 12: Error = 4.492086e-02
DEBUG: mu_n = -0.183435
DEBUG: Albedo flux for i = 3: 0.0805444
DEBUG: mu_n = -0.525532
DEBUG: Albedo flux for i = 2: 0.0381882
DEBUG: mu_n = -0.796666
DEBUG: Albedo flux for i = 1: 0.0269541
DEBUG: mu_n = -0.96029
DEBUG: Albedo flux for i = 0: 0.652942
        Iteration 13: Error = 4.011058e-02
DEBUG: mu_n = -0.183435
DEBUG: Albedo flux for i = 3: 0.0818508
DEBUG: mu_n = -0.525532
DEBUG: Albedo flux for i = 2: 0.0388076
DEBUG: mu_n = -0.796666
DEBUG: Albedo flux for i = 1: 0.0273913
DEBUG: mu_n = -0.96029
DEBUG: Albedo flux for i = 0: 0.653314
        Iteration 14: Error = 3.597373e-02
DEBUG: mu_n = -0.183435
DEBUG: Albedo flux for i = 3: 0.0830487
DEBUG: mu_n = -0.525532
DEBUG: Albedo flux for i = 2: 0.0393756
DEBUG: mu_n = -0.796666
DEBUG: Albedo flux for i = 1: 0.0277922
DEBUG: mu_n = -0.96029
DEBUG: Albedo flux for i = 0: 0.653654
        Iteration 15: Error = 3.238497e-02
DEBUG: mu_n = -0.183435
DEBUG: Albedo flux for i = 3: 0.0841504
DEBUG: mu_n = -0.525532
DEBUG: Albedo flux for i = 2: 0.039898
DEBUG: mu_n = -0.796666
DEBUG: Albedo flux for i = 1: 0.0281608
DEBUG: mu_n = -0.96029
DEBUG: Albedo flux for i = 0: 0.653967
        Iteration 16: Error = 2.924882e-02
DEBUG: mu_n = -0.183435
DEBUG: Albedo flux for i = 3: 0.085166
DEBUG: mu_n = -0.525532
DEBUG: Albedo flux for i = 2: 0.0403795
DEBUG: mu_n = -0.796666
DEBUG: Albedo flux for i = 1: 0.0285007
DEBUG: mu_n = -0.96029
DEBUG: Albedo flux for i = 0: 0.654256
        Iteration 17: Error = 2.649101e-02
DEBUG: mu_n = -0.183435
DEBUG: Albedo flux for i = 3: 0.086104
DEBUG: mu_n = -0.525532
DEBUG: Albedo flux for i = 2: 0.0408242
DEBUG: mu_n = -0.796666
DEBUG: Albedo flux for i = 1: 0.0288146
DEBUG: mu_n = -0.96029
DEBUG: Albedo flux for i = 0: 0.654522
        Iteration 18: Error = 2.405274e-02
DEBUG: mu_n = -0.183435
DEBUG: Albedo flux for i = 3: 0.0869714
DEBUG: mu_n = -0.525532
DEBUG: Albedo flux for i = 2: 0.0412354
DEBUG: mu_n = -0.796666
DEBUG: Albedo flux for i = 1: 0.0291049
DEBUG: mu_n = -0.96029
DEBUG: Albedo flux for i = 0: 0.654769
        Iteration 19: Error = 2.188678e-02
DEBUG: mu_n = -0.183435
DEBUG: Albedo flux for i = 3: 0.0877745
DEBUG: mu_n = -0.525532
DEBUG: Albedo flux for i = 2: 0.0416162
DEBUG: mu_n = -0.796666
DEBUG: Albedo flux for i = 1: 0.0293736
DEBUG: mu_n = -0.96029
DEBUG: Albedo flux for i = 0: 0.654997
        Iteration 20: Error = 1.995468e-02
DEBUG: mu_n = -0.183435
DEBUG: Albedo flux for i = 3: 0.0885188
DEBUG: mu_n = -0.525532
DEBUG: Albedo flux for i = 2: 0.0419691
DEBUG: mu_n = -0.796666
DEBUG: Albedo flux for i = 1: 0.0296227
DEBUG: mu_n = -0.96029
DEBUG: Albedo flux for i = 0: 0.655209
        Iteration 21: Error = 1.822482e-02
DEBUG: mu_n = -0.183435
DEBUG: Albedo flux for i = 3: 0.089209
DEBUG: mu_n = -0.525532
DEBUG: Albedo flux for i = 2: 0.0422964
DEBUG: mu_n = -0.796666
DEBUG: Albedo flux for i = 1: 0.0298537
DEBUG: mu_n = -0.96029
DEBUG: Albedo flux for i = 0: 0.655405
        Iteration 22: Error = 1.667092e-02
DEBUG: mu_n = -0.183435
DEBUG: Albedo flux for i = 3: 0.0898495
DEBUG: mu_n = -0.525532
DEBUG: Albedo flux for i = 2: 0.0426
DEBUG: mu_n = -0.796666
DEBUG: Albedo flux for i = 1: 0.030068
DEBUG: mu_n = -0.96029
DEBUG: Albedo flux for i = 0: 0.655587
        Iteration 23: Error = 1.527095e-02
DEBUG: mu_n = -0.183435
DEBUG: Albedo flux for i = 3: 0.090444
DEBUG: mu_n = -0.525532
DEBUG: Albedo flux for i = 2: 0.0428819
DEBUG: mu_n = -0.796666
DEBUG: Albedo flux for i = 1: 0.030267
DEBUG: mu_n = -0.96029
DEBUG: Albedo flux for i = 0: 0.655756
        Iteration 24: Error = 1.400630e-02
DEBUG: mu_n = -0.183435
DEBUG: Albedo flux for i = 3: 0.0909962
DEBUG: mu_n = -0.525532
DEBUG: Albedo flux for i = 2: 0.0431437
DEBUG: mu_n = -0.796666
DEBUG: Albedo flux for i = 1: 0.0304518
DEBUG: mu_n = -0.96029
DEBUG: Albedo flux for i = 0: 0.655913
        Iteration 25: Error = 1.286116e-02
DEBUG: mu_n = -0.183435
DEBUG: Albedo flux for i = 3: 0.0915091
DEBUG: mu_n = -0.525532
DEBUG: Albedo flux for i = 2: 0.0433869
DEBUG: mu_n = -0.796666
DEBUG: Albedo flux for i = 1: 0.0306234
DEBUG: mu_n = -0.96029
DEBUG: Albedo flux for i = 0: 0.656058
        Iteration 26: Error = 1.182196e-02
DEBUG: mu_n = -0.183435
DEBUG: Albedo flux for i = 3: 0.0919857
DEBUG: mu_n = -0.525532
DEBUG: Albedo flux for i = 2: 0.0436129
DEBUG: mu_n = -0.796666
DEBUG: Albedo flux for i = 1: 0.0307829
DEBUG: mu_n = -0.96029
DEBUG: Albedo flux for i = 0: 0.656194
        Iteration 27: Error = 1.087704e-02
DEBUG: mu_n = -0.183435
DEBUG: Albedo flux for i = 3: 0.0924287
DEBUG: mu_n = -0.525532
DEBUG: Albedo flux for i = 2: 0.0438229
DEBUG: mu_n = -0.796666
DEBUG: Albedo flux for i = 1: 0.0309311
DEBUG: mu_n = -0.96029
DEBUG: Albedo flux for i = 0: 0.65632
        Iteration 28: Error = 1.001631e-02
DEBUG: mu_n = -0.183435
DEBUG: Albedo flux for i = 3: 0.0928404
DEBUG: mu_n = -0.525532
DEBUG: Albedo flux for i = 2: 0.0440181
DEBUG: mu_n = -0.796666
DEBUG: Albedo flux for i = 1: 0.0310689
DEBUG: mu_n = -0.96029
DEBUG: Albedo flux for i = 0: 0.656437
        Iteration 29: Error = 9.230973e-03
DEBUG: mu_n = -0.183435
DEBUG: Albedo flux for i = 3: 0.0932232
DEBUG: mu_n = -0.525532
DEBUG: Albedo flux for i = 2: 0.0441996
DEBUG: mu_n = -0.796666
DEBUG: Albedo flux for i = 1: 0.031197
DEBUG: mu_n = -0.96029
DEBUG: Albedo flux for i = 0: 0.656545
        Iteration 30: Error = 8.513351e-03
DEBUG: mu_n = -0.183435
DEBUG: Albedo flux for i = 3: 0.093579
DEBUG: mu_n = -0.525532
DEBUG: Albedo flux for i = 2: 0.0443683
DEBUG: mu_n = -0.796666
DEBUG: Albedo flux for i = 1: 0.0313161
DEBUG: mu_n = -0.96029
DEBUG: Albedo flux for i = 0: 0.656647
        Iteration 31: Error = 7.856707e-03
DEBUG: mu_n = -0.183435
DEBUG: Albedo flux for i = 3: 0.09391
DEBUG: mu_n = -0.525532
DEBUG: Albedo flux for i = 2: 0.0445252
DEBUG: mu_n = -0.796666
DEBUG: Albedo flux for i = 1: 0.0314269
DEBUG: mu_n = -0.96029
DEBUG: Albedo flux for i = 0: 0.656741
        Iteration 32: Error = 7.255103e-03
DEBUG: mu_n = -0.183435
DEBUG: Albedo flux for i = 3: 0.0942177
DEBUG: mu_n = -0.525532
DEBUG: Albedo flux for i = 2: 0.0446711
DEBUG: mu_n = -0.796666
DEBUG: Albedo flux for i = 1: 0.0315298
DEBUG: mu_n = -0.96029
DEBUG: Albedo flux for i = 0: 0.656828
        Iteration 33: Error = 6.703290e-03
DEBUG: mu_n = -0.183435
DEBUG: Albedo flux for i = 3: 0.0945038
DEBUG: mu_n = -0.525532
DEBUG: Albedo flux for i = 2: 0.0448068
DEBUG: mu_n = -0.796666
DEBUG: Albedo flux for i = 1: 0.0316256
DEBUG: mu_n = -0.96029
DEBUG: Albedo flux for i = 0: 0.656909
        Iteration 34: Error = 6.196611e-03
DEBUG: mu_n = -0.183435
DEBUG: Albedo flux for i = 3: 0.09477
DEBUG: mu_n = -0.525532
DEBUG: Albedo flux for i = 2: 0.044933
DEBUG: mu_n = -0.796666
DEBUG: Albedo flux for i = 1: 0.0317147
DEBUG: mu_n = -0.96029
DEBUG: Albedo flux for i = 0: 0.656985
        Iteration 35: Error = 5.730921e-03
DEBUG: mu_n = -0.183435
DEBUG: Albedo flux for i = 3: 0.0950175
DEBUG: mu_n = -0.525532
DEBUG: Albedo flux for i = 2: 0.0450503
DEBUG: mu_n = -0.796666
DEBUG: Albedo flux for i = 1: 0.0317975
DEBUG: mu_n = -0.96029
DEBUG: Albedo flux for i = 0: 0.657055
        Iteration 36: Error = 5.302521e-03
DEBUG: mu_n = -0.183435
DEBUG: Albedo flux for i = 3: 0.0952477
DEBUG: mu_n = -0.525532
DEBUG: Albedo flux for i = 2: 0.0451595
DEBUG: mu_n = -0.796666
DEBUG: Albedo flux for i = 1: 0.0318745
DEBUG: mu_n = -0.96029
DEBUG: Albedo flux for i = 0: 0.657121
        Iteration 37: Error = 4.908098e-03
DEBUG: mu_n = -0.183435
DEBUG: Albedo flux for i = 3: 0.0954619
DEBUG: mu_n = -0.525532
DEBUG: Albedo flux for i = 2: 0.045261
DEBUG: mu_n = -0.796666
DEBUG: Albedo flux for i = 1: 0.0319462
DEBUG: mu_n = -0.96029
DEBUG: Albedo flux for i = 0: 0.657182
        Iteration 38: Error = 4.544683e-03
DEBUG: mu_n = -0.183435
DEBUG: Albedo flux for i = 3: 0.095661
DEBUG: mu_n = -0.525532
DEBUG: Albedo flux for i = 2: 0.0453554
DEBUG: mu_n = -0.796666
DEBUG: Albedo flux for i = 1: 0.0320129
DEBUG: mu_n = -0.96029
DEBUG: Albedo flux for i = 0: 0.657238
        Iteration 39: Error = 4.209601e-03
DEBUG: mu_n = -0.183435
DEBUG: Albedo flux for i = 3: 0.0958463
DEBUG: mu_n = -0.525532
DEBUG: Albedo flux for i = 2: 0.0454433
DEBUG: mu_n = -0.796666
DEBUG: Albedo flux for i = 1: 0.0320748
DEBUG: mu_n = -0.96029
DEBUG: Albedo flux for i = 0: 0.657291
        Iteration 40: Error = 3.900444e-03
DEBUG: mu_n = -0.183435
DEBUG: Albedo flux for i = 3: 0.0960186
DEBUG: mu_n = -0.525532
DEBUG: Albedo flux for i = 2: 0.045525
DEBUG: mu_n = -0.796666
DEBUG: Albedo flux for i = 1: 0.0321325
DEBUG: mu_n = -0.96029
DEBUG: Albedo flux for i = 0: 0.65734
        Iteration 41: Error = 3.615036e-03
DEBUG: mu_n = -0.183435
DEBUG: Albedo flux for i = 3: 0.0961789
DEBUG: mu_n = -0.525532
DEBUG: Albedo flux for i = 2: 0.045601
DEBUG: mu_n = -0.796666
DEBUG: Albedo flux for i = 1: 0.0321862
DEBUG: mu_n = -0.96029
DEBUG: Albedo flux for i = 0: 0.657385
        Iteration 42: Error = 3.351405e-03
DEBUG: mu_n = -0.183435
DEBUG: Albedo flux for i = 3: 0.096328
DEBUG: mu_n = -0.525532
DEBUG: Albedo flux for i = 2: 0.0456716
DEBUG: mu_n = -0.796666
DEBUG: Albedo flux for i = 1: 0.032236
DEBUG: mu_n = -0.96029
DEBUG: Albedo flux for i = 0: 0.657428
        Iteration 43: Error = 3.107767e-03
DEBUG: mu_n = -0.183435
DEBUG: Albedo flux for i = 3: 0.0964667
DEBUG: mu_n = -0.525532
DEBUG: Albedo flux for i = 2: 0.0457374
DEBUG: mu_n = -0.796666
DEBUG: Albedo flux for i = 1: 0.0322825
DEBUG: mu_n = -0.96029
DEBUG: Albedo flux for i = 0: 0.657467
        Iteration 44: Error = 2.882498e-03
DEBUG: mu_n = -0.183435
DEBUG: Albedo flux for i = 3: 0.0965957
DEBUG: mu_n = -0.525532
DEBUG: Albedo flux for i = 2: 0.0457986
DEBUG: mu_n = -0.796666
DEBUG: Albedo flux for i = 1: 0.0323256
DEBUG: mu_n = -0.96029
DEBUG: Albedo flux for i = 0: 0.657504
        Iteration 45: Error = 2.674122e-03
DEBUG: mu_n = -0.183435
DEBUG: Albedo flux for i = 3: 0.0967157
DEBUG: mu_n = -0.525532
DEBUG: Albedo flux for i = 2: 0.0458555
DEBUG: mu_n = -0.796666
DEBUG: Albedo flux for i = 1: 0.0323658
DEBUG: mu_n = -0.96029
DEBUG: Albedo flux for i = 0: 0.657538
        Iteration 46: Error = 2.481294e-03
DEBUG: mu_n = -0.183435
DEBUG: Albedo flux for i = 3: 0.0968273
DEBUG: mu_n = -0.525532
DEBUG: Albedo flux for i = 2: 0.0459084
DEBUG: mu_n = -0.796666
DEBUG: Albedo flux for i = 1: 0.0324031
DEBUG: mu_n = -0.96029
DEBUG: Albedo flux for i = 0: 0.65757
        Iteration 47: Error = 2.302788e-03
DEBUG: mu_n = -0.183435
DEBUG: Albedo flux for i = 3: 0.0969311
DEBUG: mu_n = -0.525532
DEBUG: Albedo flux for i = 2: 0.0459576
DEBUG: mu_n = -0.796666
DEBUG: Albedo flux for i = 1: 0.0324379
DEBUG: mu_n = -0.96029
DEBUG: Albedo flux for i = 0: 0.657599
        Iteration 48: Error = 2.137482e-03
DEBUG: mu_n = -0.183435
DEBUG: Albedo flux for i = 3: 0.0970277
DEBUG: mu_n = -0.525532
DEBUG: Albedo flux for i = 2: 0.0460034
DEBUG: mu_n = -0.796666
DEBUG: Albedo flux for i = 1: 0.0324702
DEBUG: mu_n = -0.96029
DEBUG: Albedo flux for i = 0: 0.657627
        Iteration 49: Error = 1.984351e-03
DEBUG: mu_n = -0.183435
DEBUG: Albedo flux for i = 3: 0.0971176
DEBUG: mu_n = -0.525532
DEBUG: Albedo flux for i = 2: 0.046046
DEBUG: mu_n = -0.796666
DEBUG: Albedo flux for i = 1: 0.0325003
DEBUG: mu_n = -0.96029
DEBUG: Albedo flux for i = 0: 0.657652
        Iteration 50: Error = 1.842455e-03
DEBUG: mu_n = -0.183435
DEBUG: Albedo flux for i = 3: 0.0972012
DEBUG: mu_n = -0.525532
DEBUG: Albedo flux for i = 2: 0.0460856
DEBUG: mu_n = -0.796666
DEBUG: Albedo flux for i = 1: 0.0325283
DEBUG: mu_n = -0.96029
DEBUG: Albedo flux for i = 0: 0.657676
        Iteration 51: Error = 1.710934e-03
DEBUG: mu_n = -0.183435
DEBUG: Albedo flux for i = 3: 0.0972789
DEBUG: mu_n = -0.525532
DEBUG: Albedo flux for i = 2: 0.0461225
DEBUG: mu_n = -0.796666
DEBUG: Albedo flux for i = 1: 0.0325543
DEBUG: mu_n = -0.96029
DEBUG: Albedo flux for i = 0: 0.657698
        Iteration 52: Error = 1.588998e-03
DEBUG: mu_n = -0.183435
DEBUG: Albedo flux for i = 3: 0.0973512
DEBUG: mu_n = -0.525532
DEBUG: Albedo flux for i = 2: 0.0461568
DEBUG: mu_n = -0.796666
DEBUG: Albedo flux for i = 1: 0.0325785
DEBUG: mu_n = -0.96029
DEBUG: Albedo flux for i = 0: 0.657719
        Iteration 53: Error = 1.475922e-03
DEBUG: mu_n = -0.183435
DEBUG: Albedo flux for i = 3: 0.0974185
DEBUG: mu_n = -0.525532
DEBUG: Albedo flux for i = 2: 0.0461887
DEBUG: mu_n = -0.796666
DEBUG: Albedo flux for i = 1: 0.032601
DEBUG: mu_n = -0.96029
DEBUG: Albedo flux for i = 0: 0.657738
        Iteration 54: Error = 1.371039e-03
DEBUG: mu_n = -0.183435
DEBUG: Albedo flux for i = 3: 0.0974811
DEBUG: mu_n = -0.525532
DEBUG: Albedo flux for i = 2: 0.0462184
DEBUG: mu_n = -0.796666
DEBUG: Albedo flux for i = 1: 0.0326219
DEBUG: mu_n = -0.96029
DEBUG: Albedo flux for i = 0: 0.657756
        Iteration 55: Error = 1.273735e-03
DEBUG: mu_n = -0.183435
DEBUG: Albedo flux for i = 3: 0.0975393
DEBUG: mu_n = -0.525532
DEBUG: Albedo flux for i = 2: 0.046246
DEBUG: mu_n = -0.796666
DEBUG: Albedo flux for i = 1: 0.0326414
DEBUG: mu_n = -0.96029
DEBUG: Albedo flux for i = 0: 0.657772
        Iteration 56: Error = 1.183445e-03
DEBUG: mu_n = -0.183435
DEBUG: Albedo flux for i = 3: 0.0975935
DEBUG: mu_n = -0.525532
DEBUG: Albedo flux for i = 2: 0.0462717
DEBUG: mu_n = -0.796666
DEBUG: Albedo flux for i = 1: 0.0326595
DEBUG: mu_n = -0.96029
DEBUG: Albedo flux for i = 0: 0.657788
        Iteration 57: Error = 1.099649e-03
DEBUG: mu_n = -0.183435
DEBUG: Albedo flux for i = 3: 0.0976439
DEBUG: mu_n = -0.525532
DEBUG: Albedo flux for i = 2: 0.0462955
DEBUG: mu_n = -0.796666
DEBUG: Albedo flux for i = 1: 0.0326764
DEBUG: mu_n = -0.96029
DEBUG: Albedo flux for i = 0: 0.657802
        Iteration 58: Error = 1.021867e-03
DEBUG: mu_n = -0.183435
DEBUG: Albedo flux for i = 3: 0.0976907
DEBUG: mu_n = -0.525532
DEBUG: Albedo flux for i = 2: 0.0463178
DEBUG: mu_n = -0.796666
DEBUG: Albedo flux for i = 1: 0.0326921
DEBUG: mu_n = -0.96029
DEBUG: Albedo flux for i = 0: 0.657815
        Iteration 59: Error = 9.496565e-04
DEBUG: mu_n = -0.183435
DEBUG: Albedo flux for i = 3: 0.0977343
DEBUG: mu_n = -0.525532
DEBUG: Albedo flux for i = 2: 0.0463384
DEBUG: mu_n = -0.796666
DEBUG: Albedo flux for i = 1: 0.0327067
DEBUG: mu_n = -0.96029
DEBUG: Albedo flux for i = 0: 0.657828
        Iteration 60: Error = 8.826089e-04
DEBUG: mu_n = -0.183435
DEBUG: Albedo flux for i = 3: 0.0977749
DEBUG: mu_n = -0.525532
DEBUG: Albedo flux for i = 2: 0.0463577
DEBUG: mu_n = -0.796666
DEBUG: Albedo flux for i = 1: 0.0327202
DEBUG: mu_n = -0.96029
DEBUG: Albedo flux for i = 0: 0.657839
        Iteration 61: Error = 8.203470e-04
DEBUG: mu_n = -0.183435
DEBUG: Albedo flux for i = 3: 0.0978126
DEBUG: mu_n = -0.525532
DEBUG: Albedo flux for i = 2: 0.0463755
DEBUG: mu_n = -0.796666
DEBUG: Albedo flux for i = 1: 0.0327329
DEBUG: mu_n = -0.96029
DEBUG: Albedo flux for i = 0: 0.65785
        Iteration 62: Error = 7.625221e-04
DEBUG: mu_n = -0.183435
DEBUG: Albedo flux for i = 3: 0.0978477
DEBUG: mu_n = -0.525532
DEBUG: Albedo flux for i = 2: 0.0463922
DEBUG: mu_n = -0.796666
DEBUG: Albedo flux for i = 1: 0.0327446
DEBUG: mu_n = -0.96029
DEBUG: Albedo flux for i = 0: 0.65786
        Iteration 63: Error = 7.088118e-04
DEBUG: mu_n = -0.183435
DEBUG: Albedo flux for i = 3: 0.0978803
DEBUG: mu_n = -0.525532
DEBUG: Albedo flux for i = 2: 0.0464077
DEBUG: mu_n = -0.796666
DEBUG: Albedo flux for i = 1: 0.0327555
DEBUG: mu_n = -0.96029
DEBUG: Albedo flux for i = 0: 0.657869
        Iteration 64: Error = 6.589182e-04
DEBUG: mu_n = -0.183435
DEBUG: Albedo flux for i = 3: 0.0979107
DEBUG: mu_n = -0.525532
DEBUG: Albedo flux for i = 2: 0.0464221
DEBUG: mu_n = -0.796666
DEBUG: Albedo flux for i = 1: 0.0327657
DEBUG: mu_n = -0.96029
DEBUG: Albedo flux for i = 0: 0.657878
        Iteration 65: Error = 6.125655e-04
DEBUG: mu_n = -0.183435
DEBUG: Albedo flux for i = 3: 0.0979389
DEBUG: mu_n = -0.525532
DEBUG: Albedo flux for i = 2: 0.0464354
DEBUG: mu_n = -0.796666
DEBUG: Albedo flux for i = 1: 0.0327752
DEBUG: mu_n = -0.96029
DEBUG: Albedo flux for i = 0: 0.657886
        Iteration 66: Error = 5.694985e-04
DEBUG: mu_n = -0.183435
DEBUG: Albedo flux for i = 3: 0.0979652
DEBUG: mu_n = -0.525532
DEBUG: Albedo flux for i = 2: 0.0464479
DEBUG: mu_n = -0.796666
DEBUG: Albedo flux for i = 1: 0.0327839
DEBUG: mu_n = -0.96029
DEBUG: Albedo flux for i = 0: 0.657893
        Iteration 67: Error = 5.294810e-04
DEBUG: mu_n = -0.183435
DEBUG: Albedo flux for i = 3: 0.0979897
DEBUG: mu_n = -0.525532
DEBUG: Albedo flux for i = 2: 0.0464595
DEBUG: mu_n = -0.796666
DEBUG: Albedo flux for i = 1: 0.0327921
DEBUG: mu_n = -0.96029
DEBUG: Albedo flux for i = 0: 0.6579
        Iteration 68: Error = 4.922940e-04
DEBUG: mu_n = -0.183435
DEBUG: Albedo flux for i = 3: 0.0980124
DEBUG: mu_n = -0.525532
DEBUG: Albedo flux for i = 2: 0.0464703
DEBUG: mu_n = -0.796666
DEBUG: Albedo flux for i = 1: 0.0327997
DEBUG: mu_n = -0.96029
DEBUG: Albedo flux for i = 0: 0.657907
        Iteration 69: Error = 4.577348e-04
DEBUG: mu_n = -0.183435
DEBUG: Albedo flux for i = 3: 0.0980335
DEBUG: mu_n = -0.525532
DEBUG: Albedo flux for i = 2: 0.0464803
DEBUG: mu_n = -0.796666
DEBUG: Albedo flux for i = 1: 0.0328068
DEBUG: mu_n = -0.96029
DEBUG: Albedo flux for i = 0: 0.657913
        Iteration 70: Error = 4.256157e-04
DEBUG: mu_n = -0.183435
DEBUG: Albedo flux for i = 3: 0.0980532
DEBUG: mu_n = -0.525532
DEBUG: Albedo flux for i = 2: 0.0464896
DEBUG: mu_n = -0.796666
DEBUG: Albedo flux for i = 1: 0.0328134
DEBUG: mu_n = -0.96029
DEBUG: Albedo flux for i = 0: 0.657918
        Iteration 71: Error = 3.957623e-04
DEBUG: mu_n = -0.183435
DEBUG: Albedo flux for i = 3: 0.0980715
DEBUG: mu_n = -0.525532
DEBUG: Albedo flux for i = 2: 0.0464983
DEBUG: mu_n = -0.796666
DEBUG: Albedo flux for i = 1: 0.0328195
DEBUG: mu_n = -0.96029
DEBUG: Albedo flux for i = 0: 0.657923
        Iteration 72: Error = 3.680133e-04
DEBUG: mu_n = -0.183435
DEBUG: Albedo flux for i = 3: 0.0980885
DEBUG: mu_n = -0.525532
DEBUG: Albedo flux for i = 2: 0.0465064
DEBUG: mu_n = -0.796666
DEBUG: Albedo flux for i = 1: 0.0328252
DEBUG: mu_n = -0.96029
DEBUG: Albedo flux for i = 0: 0.657928
        Iteration 73: Error = 3.422189e-04
DEBUG: mu_n = -0.183435
DEBUG: Albedo flux for i = 3: 0.0981044
DEBUG: mu_n = -0.525532
DEBUG: Albedo flux for i = 2: 0.0465139
DEBUG: mu_n = -0.796666
DEBUG: Albedo flux for i = 1: 0.0328305
DEBUG: mu_n = -0.96029
DEBUG: Albedo flux for i = 0: 0.657933
        Iteration 74: Error = 3.182402e-04
DEBUG: mu_n = -0.183435
DEBUG: Albedo flux for i = 3: 0.0981191
DEBUG: mu_n = -0.525532
DEBUG: Albedo flux for i = 2: 0.0465209
DEBUG: mu_n = -0.796666
DEBUG: Albedo flux for i = 1: 0.0328355
DEBUG: mu_n = -0.96029
DEBUG: Albedo flux for i = 0: 0.657937
        Iteration 75: Error = 2.959484e-04
DEBUG: mu_n = -0.183435
DEBUG: Albedo flux for i = 3: 0.0981328
DEBUG: mu_n = -0.525532
DEBUG: Albedo flux for i = 2: 0.0465274
DEBUG: mu_n = -0.796666
DEBUG: Albedo flux for i = 1: 0.03284
DEBUG: mu_n = -0.96029
DEBUG: Albedo flux for i = 0: 0.657941
        Iteration 76: Error = 2.752239e-04
DEBUG: mu_n = -0.183435
DEBUG: Albedo flux for i = 3: 0.0981456
DEBUG: mu_n = -0.525532
DEBUG: Albedo flux for i = 2: 0.0465334
DEBUG: mu_n = -0.796666
DEBUG: Albedo flux for i = 1: 0.0328443
DEBUG: mu_n = -0.96029
DEBUG: Albedo flux for i = 0: 0.657944
        Iteration 77: Error = 2.559556e-04
DEBUG: mu_n = -0.183435
DEBUG: Albedo flux for i = 3: 0.0981574
DEBUG: mu_n = -0.525532
DEBUG: Albedo flux for i = 2: 0.046539
DEBUG: mu_n = -0.796666
DEBUG: Albedo flux for i = 1: 0.0328483
DEBUG: mu_n = -0.96029
DEBUG: Albedo flux for i = 0: 0.657948
        Iteration 78: Error = 2.380407e-04
DEBUG: mu_n = -0.183435
DEBUG: Albedo flux for i = 3: 0.0981685
DEBUG: mu_n = -0.525532
DEBUG: Albedo flux for i = 2: 0.0465443
DEBUG: mu_n = -0.796666
DEBUG: Albedo flux for i = 1: 0.032852
DEBUG: mu_n = -0.96029
DEBUG: Albedo flux for i = 0: 0.657951
        Iteration 79: Error = 2.213834e-04
DEBUG: mu_n = -0.183435
DEBUG: Albedo flux for i = 3: 0.0981787
DEBUG: mu_n = -0.525532
DEBUG: Albedo flux for i = 2: 0.0465491
DEBUG: mu_n = -0.796666
DEBUG: Albedo flux for i = 1: 0.0328554
DEBUG: mu_n = -0.96029
DEBUG: Albedo flux for i = 0: 0.657954
        Iteration 80: Error = 2.058950e-04
DEBUG: mu_n = -0.183435
DEBUG: Albedo flux for i = 3: 0.0981883
DEBUG: mu_n = -0.525532
DEBUG: Albedo flux for i = 2: 0.0465537
DEBUG: mu_n = -0.796666
DEBUG: Albedo flux for i = 1: 0.0328586
DEBUG: mu_n = -0.96029
DEBUG: Albedo flux for i = 0: 0.657957
        Iteration 81: Error = 1.914930e-04
DEBUG: mu_n = -0.183435
DEBUG: Albedo flux for i = 3: 0.0981972
DEBUG: mu_n = -0.525532
DEBUG: Albedo flux for i = 2: 0.0465579
DEBUG: mu_n = -0.796666
DEBUG: Albedo flux for i = 1: 0.0328616
DEBUG: mu_n = -0.96029
DEBUG: Albedo flux for i = 0: 0.657959
        Iteration 82: Error = 1.781008e-04
DEBUG: mu_n = -0.183435
DEBUG: Albedo flux for i = 3: 0.0982054
DEBUG: mu_n = -0.525532
DEBUG: Albedo flux for i = 2: 0.0465618
DEBUG: mu_n = -0.796666
DEBUG: Albedo flux for i = 1: 0.0328643
DEBUG: mu_n = -0.96029
DEBUG: Albedo flux for i = 0: 0.657961
        Iteration 83: Error = 1.656474e-04
DEBUG: mu_n = -0.183435
DEBUG: Albedo flux for i = 3: 0.0982131
DEBUG: mu_n = -0.525532
DEBUG: Albedo flux for i = 2: 0.0465654
DEBUG: mu_n = -0.796666
DEBUG: Albedo flux for i = 1: 0.0328669
DEBUG: mu_n = -0.96029
DEBUG: Albedo flux for i = 0: 0.657964
        Iteration 84: Error = 1.540665e-04
DEBUG: mu_n = -0.183435
DEBUG: Albedo flux for i = 3: 0.0982202
DEBUG: mu_n = -0.525532
DEBUG: Albedo flux for i = 2: 0.0465688
DEBUG: mu_n = -0.796666
DEBUG: Albedo flux for i = 1: 0.0328693
DEBUG: mu_n = -0.96029
DEBUG: Albedo flux for i = 0: 0.657966
        Iteration 85: Error = 1.432968e-04
DEBUG: mu_n = -0.183435
DEBUG: Albedo flux for i = 3: 0.0982269
DEBUG: mu_n = -0.525532
DEBUG: Albedo flux for i = 2: 0.046572
DEBUG: mu_n = -0.796666
DEBUG: Albedo flux for i = 1: 0.0328715
DEBUG: mu_n = -0.96029
DEBUG: Albedo flux for i = 0: 0.657968
        Iteration 86: Error = 1.332814e-04
DEBUG: mu_n = -0.183435
DEBUG: Albedo flux for i = 3: 0.0982331
DEBUG: mu_n = -0.525532
DEBUG: Albedo flux for i = 2: 0.0465749
DEBUG: mu_n = -0.796666
DEBUG: Albedo flux for i = 1: 0.0328736
DEBUG: mu_n = -0.96029
DEBUG: Albedo flux for i = 0: 0.657969
        Iteration 87: Error = 1.239671e-04
DEBUG: mu_n = -0.183435
DEBUG: Albedo flux for i = 3: 0.0982388
DEBUG: mu_n = -0.525532
DEBUG: Albedo flux for i = 2: 0.0465776
DEBUG: mu_n = -0.796666
DEBUG: Albedo flux for i = 1: 0.0328755
DEBUG: mu_n = -0.96029
DEBUG: Albedo flux for i = 0: 0.657971
        Iteration 88: Error = 1.153047e-04
DEBUG: mu_n = -0.183435
DEBUG: Albedo flux for i = 3: 0.0982442
DEBUG: mu_n = -0.525532
DEBUG: Albedo flux for i = 2: 0.0465802
DEBUG: mu_n = -0.796666
DEBUG: Albedo flux for i = 1: 0.0328773
DEBUG: mu_n = -0.96029
DEBUG: Albedo flux for i = 0: 0.657972
        Iteration 89: Error = 1.072486e-04
DEBUG: mu_n = -0.183435
DEBUG: Albedo flux for i = 3: 0.0982492
DEBUG: mu_n = -0.525532
DEBUG: Albedo flux for i = 2: 0.0465825
DEBUG: mu_n = -0.796666
DEBUG: Albedo flux for i = 1: 0.032879
DEBUG: mu_n = -0.96029
DEBUG: Albedo flux for i = 0: 0.657974
        Iteration 90: Error = 9.975603e-05
DEBUG: mu_n = -0.183435
DEBUG: Albedo flux for i = 3: 0.0982538
DEBUG: mu_n = -0.525532
DEBUG: Albedo flux for i = 2: 0.0465847
DEBUG: mu_n = -0.796666
DEBUG: Albedo flux for i = 1: 0.0328805
DEBUG: mu_n = -0.96029
DEBUG: Albedo flux for i = 0: 0.657975
        Iteration 91: Error = 9.278759e-05
DEBUG: mu_n = -0.183435
DEBUG: Albedo flux for i = 3: 0.0982581
DEBUG: mu_n = -0.525532
DEBUG: Albedo flux for i = 2: 0.0465868
DEBUG: mu_n = -0.796666
DEBUG: Albedo flux for i = 1: 0.032882
DEBUG: mu_n = -0.96029
DEBUG: Albedo flux for i = 0: 0.657976
        Iteration 92: Error = 8.630650e-05
DEBUG: mu_n = -0.183435
DEBUG: Albedo flux for i = 3: 0.0982621
DEBUG: mu_n = -0.525532
DEBUG: Albedo flux for i = 2: 0.0465887
DEBUG: mu_n = -0.796666
DEBUG: Albedo flux for i = 1: 0.0328833
DEBUG: mu_n = -0.96029
DEBUG: Albedo flux for i = 0: 0.657978
        Iteration 93: Error = 8.027860e-05
DEBUG: mu_n = -0.183435
DEBUG: Albedo flux for i = 3: 0.0982658
DEBUG: mu_n = -0.525532
DEBUG: Albedo flux for i = 2: 0.0465904
DEBUG: mu_n = -0.796666
DEBUG: Albedo flux for i = 1: 0.0328846
DEBUG: mu_n = -0.96029
DEBUG: Albedo flux for i = 0: 0.657979
        Iteration 94: Error = 7.467213e-05
DEBUG: mu_n = -0.183435
DEBUG: Albedo flux for i = 3: 0.0982693
DEBUG: mu_n = -0.525532
DEBUG: Albedo flux for i = 2: 0.0465921
DEBUG: mu_n = -0.796666
DEBUG: Albedo flux for i = 1: 0.0328857
DEBUG: mu_n = -0.96029
DEBUG: Albedo flux for i = 0: 0.65798
        Iteration 95: Error = 6.945757e-05
DEBUG: mu_n = -0.183435
DEBUG: Albedo flux for i = 3: 0.0982725
DEBUG: mu_n = -0.525532
DEBUG: Albedo flux for i = 2: 0.0465936
DEBUG: mu_n = -0.796666
DEBUG: Albedo flux for i = 1: 0.0328868
DEBUG: mu_n = -0.96029
DEBUG: Albedo flux for i = 0: 0.65798
        Iteration 96: Error = 6.460748e-05
DEBUG: mu_n = -0.183435
DEBUG: Albedo flux for i = 3: 0.0982755
DEBUG: mu_n = -0.525532
DEBUG: Albedo flux for i = 2: 0.046595
DEBUG: mu_n = -0.796666
DEBUG: Albedo flux for i = 1: 0.0328878
DEBUG: mu_n = -0.96029
DEBUG: Albedo flux for i = 0: 0.657981
        Iteration 97: Error = 6.009634e-05
DEBUG: mu_n = -0.183435
DEBUG: Albedo flux for i = 3: 0.0982783
DEBUG: mu_n = -0.525532
DEBUG: Albedo flux for i = 2: 0.0465964
DEBUG: mu_n = -0.796666
DEBUG: Albedo flux for i = 1: 0.0328887
DEBUG: mu_n = -0.96029
DEBUG: Albedo flux for i = 0: 0.657982
        Iteration 98: Error = 5.590042e-05
DEBUG: mu_n = -0.183435
DEBUG: Albedo flux for i = 3: 0.0982809
DEBUG: mu_n = -0.525532
DEBUG: Albedo flux for i = 2: 0.0465976
DEBUG: mu_n = -0.796666
DEBUG: Albedo flux for i = 1: 0.0328896
DEBUG: mu_n = -0.96029
DEBUG: Albedo flux for i = 0: 0.657983
        Iteration 99: Error = 5.199767e-05
DEBUG: mu_n = -0.183435
DEBUG: Albedo flux for i = 3: 0.0982833
DEBUG: mu_n = -0.525532
DEBUG: Albedo flux for i = 2: 0.0465987
DEBUG: mu_n = -0.796666
DEBUG: Albedo flux for i = 1: 0.0328904
DEBUG: mu_n = -0.96029
DEBUG: Albedo flux for i = 0: 0.657984
        Iteration 100: Error = 4.836757e-05
DEBUG: mu_n = -0.183435
DEBUG: Albedo flux for i = 3: 0.0982856
DEBUG: mu_n = -0.525532
DEBUG: Albedo flux for i = 2: 0.0465998
DEBUG: mu_n = -0.796666
DEBUG: Albedo flux for i = 1: 0.0328912
DEBUG: mu_n = -0.96029
DEBUG: Albedo flux for i = 0: 0.657984
        Iteration 101: Error = 4.499105e-05
DEBUG: mu_n = -0.183435
DEBUG: Albedo flux for i = 3: 0.0982877
DEBUG: mu_n = -0.525532
DEBUG: Albedo flux for i = 2: 0.0466008
DEBUG: mu_n = -0.796666
DEBUG: Albedo flux for i = 1: 0.0328919
DEBUG: mu_n = -0.96029
DEBUG: Albedo flux for i = 0: 0.657985
        Iteration 102: Error = 4.185038e-05
DEBUG: mu_n = -0.183435
DEBUG: Albedo flux for i = 3: 0.0982896
DEBUG: mu_n = -0.525532
DEBUG: Albedo flux for i = 2: 0.0466017
DEBUG: mu_n = -0.796666
DEBUG: Albedo flux for i = 1: 0.0328925
DEBUG: mu_n = -0.96029
DEBUG: Albedo flux for i = 0: 0.657985
        Iteration 103: Error = 3.892906e-05
DEBUG: mu_n = -0.183435
DEBUG: Albedo flux for i = 3: 0.0982914
DEBUG: mu_n = -0.525532
DEBUG: Albedo flux for i = 2: 0.0466026
DEBUG: mu_n = -0.796666
DEBUG: Albedo flux for i = 1: 0.0328931
DEBUG: mu_n = -0.96029
DEBUG: Albedo flux for i = 0: 0.657986
        Iteration 104: Error = 3.621177e-05
DEBUG: mu_n = -0.183435
DEBUG: Albedo flux for i = 3: 0.0982931
DEBUG: mu_n = -0.525532
DEBUG: Albedo flux for i = 2: 0.0466034
DEBUG: mu_n = -0.796666
DEBUG: Albedo flux for i = 1: 0.0328937
DEBUG: mu_n = -0.96029
DEBUG: Albedo flux for i = 0: 0.657986
        Iteration 105: Error = 3.368423e-05
DEBUG: mu_n = -0.183435
DEBUG: Albedo flux for i = 3: 0.0982947
DEBUG: mu_n = -0.525532
DEBUG: Albedo flux for i = 2: 0.0466041
DEBUG: mu_n = -0.796666
DEBUG: Albedo flux for i = 1: 0.0328942
DEBUG: mu_n = -0.96029
DEBUG: Albedo flux for i = 0: 0.657987
        Iteration 106: Error = 3.133318e-05
DEBUG: mu_n = -0.183435
DEBUG: Albedo flux for i = 3: 0.0982961
DEBUG: mu_n = -0.525532
DEBUG: Albedo flux for i = 2: 0.0466048
DEBUG: mu_n = -0.796666
DEBUG: Albedo flux for i = 1: 0.0328947
DEBUG: mu_n = -0.96029
DEBUG: Albedo flux for i = 0: 0.657987
        Iteration 107: Error = 2.914630e-05
DEBUG: mu_n = -0.183435
DEBUG: Albedo flux for i = 3: 0.0982975
DEBUG: mu_n = -0.525532
DEBUG: Albedo flux for i = 2: 0.0466054
DEBUG: mu_n = -0.796666
DEBUG: Albedo flux for i = 1: 0.0328951
DEBUG: mu_n = -0.96029
DEBUG: Albedo flux for i = 0: 0.657988
        Iteration 108: Error = 2.711210e-05
DEBUG: mu_n = -0.183435
DEBUG: Albedo flux for i = 3: 0.0982988
DEBUG: mu_n = -0.525532
DEBUG: Albedo flux for i = 2: 0.046606
DEBUG: mu_n = -0.796666
DEBUG: Albedo flux for i = 1: 0.0328956
DEBUG: mu_n = -0.96029
DEBUG: Albedo flux for i = 0: 0.657988
        Iteration 109: Error = 2.521993e-05
DEBUG: mu_n = -0.183435
DEBUG: Albedo flux for i = 3: 0.0982999
DEBUG: mu_n = -0.525532
DEBUG: Albedo flux for i = 2: 0.0466066
DEBUG: mu_n = -0.796666
DEBUG: Albedo flux for i = 1: 0.032896
DEBUG: mu_n = -0.96029
DEBUG: Albedo flux for i = 0: 0.657988
        Iteration 110: Error = 2.345985e-05
DEBUG: mu_n = -0.183435
DEBUG: Albedo flux for i = 3: 0.098301
DEBUG: mu_n = -0.525532
DEBUG: Albedo flux for i = 2: 0.0466071
DEBUG: mu_n = -0.796666
DEBUG: Albedo flux for i = 1: 0.0328963
DEBUG: mu_n = -0.96029
DEBUG: Albedo flux for i = 0: 0.657989
        Iteration 111: Error = 2.182264e-05
DEBUG: mu_n = -0.183435
DEBUG: Albedo flux for i = 3: 0.098302
DEBUG: mu_n = -0.525532
DEBUG: Albedo flux for i = 2: 0.0466076
DEBUG: mu_n = -0.796666
DEBUG: Albedo flux for i = 1: 0.0328967
DEBUG: mu_n = -0.96029
DEBUG: Albedo flux for i = 0: 0.657989
        Iteration 112: Error = 2.029972e-05
DEBUG: mu_n = -0.183435
DEBUG: Albedo flux for i = 3: 0.098303
DEBUG: mu_n = -0.525532
DEBUG: Albedo flux for i = 2: 0.046608
DEBUG: mu_n = -0.796666
DEBUG: Albedo flux for i = 1: 0.032897
DEBUG: mu_n = -0.96029
DEBUG: Albedo flux for i = 0: 0.657989
        Iteration 113: Error = 1.888311e-05
DEBUG: mu_n = -0.183435
DEBUG: Albedo flux for i = 3: 0.0983039
DEBUG: mu_n = -0.525532
DEBUG: Albedo flux for i = 2: 0.0466085
DEBUG: mu_n = -0.796666
DEBUG: Albedo flux for i = 1: 0.0328973
DEBUG: mu_n = -0.96029
DEBUG: Albedo flux for i = 0: 0.657989
        Iteration 114: Error = 1.756538e-05
DEBUG: mu_n = -0.183435
DEBUG: Albedo flux for i = 3: 0.0983047
DEBUG: mu_n = -0.525532
DEBUG: Albedo flux for i = 2: 0.0466089
DEBUG: mu_n = -0.796666
DEBUG: Albedo flux for i = 1: 0.0328975
DEBUG: mu_n = -0.96029
DEBUG: Albedo flux for i = 0: 0.65799
        Iteration 115: Error = 1.633963e-05
DEBUG: mu_n = -0.183435
DEBUG: Albedo flux for i = 3: 0.0983054
DEBUG: mu_n = -0.525532
DEBUG: Albedo flux for i = 2: 0.0466092
DEBUG: mu_n = -0.796666
DEBUG: Albedo flux for i = 1: 0.0328978
DEBUG: mu_n = -0.96029
DEBUG: Albedo flux for i = 0: 0.65799
        Iteration 116: Error = 1.519943e-05
DEBUG: mu_n = -0.183435
DEBUG: Albedo flux for i = 3: 0.0983061
DEBUG: mu_n = -0.525532
DEBUG: Albedo flux for i = 2: 0.0466095
DEBUG: mu_n = -0.796666
DEBUG: Albedo flux for i = 1: 0.032898
DEBUG: mu_n = -0.96029
DEBUG: Albedo flux for i = 0: 0.65799
        Iteration 117: Error = 1.413880e-05
DEBUG: mu_n = -0.183435
DEBUG: Albedo flux for i = 3: 0.0983068
DEBUG: mu_n = -0.525532
DEBUG: Albedo flux for i = 2: 0.0466099
DEBUG: mu_n = -0.796666
DEBUG: Albedo flux for i = 1: 0.0328983
DEBUG: mu_n = -0.96029
DEBUG: Albedo flux for i = 0: 0.65799
        Iteration 118: Error = 1.315221e-05
DEBUG: mu_n = -0.183435
DEBUG: Albedo flux for i = 3: 0.0983074
DEBUG: mu_n = -0.525532
DEBUG: Albedo flux for i = 2: 0.0466101
DEBUG: mu_n = -0.796666
DEBUG: Albedo flux for i = 1: 0.0328985
DEBUG: mu_n = -0.96029
DEBUG: Albedo flux for i = 0: 0.65799
        Iteration 119: Error = 1.223447e-05
DEBUG: mu_n = -0.183435
DEBUG: Albedo flux for i = 3: 0.098308
DEBUG: mu_n = -0.525532
DEBUG: Albedo flux for i = 2: 0.0466104
DEBUG: mu_n = -0.796666
DEBUG: Albedo flux for i = 1: 0.0328987
DEBUG: mu_n = -0.96029
DEBUG: Albedo flux for i = 0: 0.657991
        Iteration 120: Error = 1.138077e-05
DEBUG: mu_n = -0.183435
DEBUG: Albedo flux for i = 3: 0.0983085
DEBUG: mu_n = -0.525532
DEBUG: Albedo flux for i = 2: 0.0466107
DEBUG: mu_n = -0.796666
DEBUG: Albedo flux for i = 1: 0.0328988
DEBUG: mu_n = -0.96029
DEBUG: Albedo flux for i = 0: 0.657991
        Iteration 121: Error = 1.058666e-05
DEBUG: mu_n = -0.183435
DEBUG: Albedo flux for i = 3: 0.098309
DEBUG: mu_n = -0.525532
DEBUG: Albedo flux for i = 2: 0.0466109
DEBUG: mu_n = -0.796666
DEBUG: Albedo flux for i = 1: 0.032899
DEBUG: mu_n = -0.96029
DEBUG: Albedo flux for i = 0: 0.657991
        Iteration 122: Error = 9.847960e-06
DEBUG: mu_n = -0.183435
DEBUG: Albedo flux for i = 3: 0.0983095
DEBUG: mu_n = -0.525532
DEBUG: Albedo flux for i = 2: 0.0466111
DEBUG: mu_n = -0.796666
DEBUG: Albedo flux for i = 1: 0.0328991
DEBUG: mu_n = -0.96029
DEBUG: Albedo flux for i = 0: 0.657991
        Iteration 123: Error = 9.160813e-06
DEBUG: mu_n = -0.183435
DEBUG: Albedo flux for i = 3: 0.0983099
DEBUG: mu_n = -0.525532
DEBUG: Albedo flux for i = 2: 0.0466113
DEBUG: mu_n = -0.796666
DEBUG: Albedo flux for i = 1: 0.0328993
DEBUG: mu_n = -0.96029
DEBUG: Albedo flux for i = 0: 0.657991
        Iteration 124: Error = 8.521617e-06
DEBUG: mu_n = -0.183435
DEBUG: Albedo flux for i = 3: 0.0983103
DEBUG: mu_n = -0.525532
DEBUG: Albedo flux for i = 2: 0.0466115
DEBUG: mu_n = -0.796666
DEBUG: Albedo flux for i = 1: 0.0328994
DEBUG: mu_n = -0.96029
DEBUG: Albedo flux for i = 0: 0.657991
        Iteration 125: Error = 7.927026e-06
DEBUG: mu_n = -0.183435
DEBUG: Albedo flux for i = 3: 0.0983106
DEBUG: mu_n = -0.525532
DEBUG: Albedo flux for i = 2: 0.0466117
DEBUG: mu_n = -0.796666
DEBUG: Albedo flux for i = 1: 0.0328995
DEBUG: mu_n = -0.96029
DEBUG: Albedo flux for i = 0: 0.657991
        Iteration 126: Error = 7.373927e-06
DEBUG: mu_n = -0.183435
DEBUG: Albedo flux for i = 3: 0.098311
DEBUG: mu_n = -0.525532
DEBUG: Albedo flux for i = 2: 0.0466118
DEBUG: mu_n = -0.796666
DEBUG: Albedo flux for i = 1: 0.0328997
DEBUG: mu_n = -0.96029
DEBUG: Albedo flux for i = 0: 0.657991
        Iteration 127: Error = 6.859422e-06
DEBUG: mu_n = -0.183435
DEBUG: Albedo flux for i = 3: 0.0983113
DEBUG: mu_n = -0.525532
DEBUG: Albedo flux for i = 2: 0.046612
DEBUG: mu_n = -0.796666
DEBUG: Albedo flux for i = 1: 0.0328998
DEBUG: mu_n = -0.96029
DEBUG: Albedo flux for i = 0: 0.657992
        Iteration 128: Error = 6.380820e-06
DEBUG: mu_n = -0.183435
DEBUG: Albedo flux for i = 3: 0.0983116
DEBUG: mu_n = -0.525532
DEBUG: Albedo flux for i = 2: 0.0466121
DEBUG: mu_n = -0.796666
DEBUG: Albedo flux for i = 1: 0.0328999
DEBUG: mu_n = -0.96029
DEBUG: Albedo flux for i = 0: 0.657992
        Iteration 129: Error = 5.935614e-06
DEBUG: mu_n = -0.183435
DEBUG: Albedo flux for i = 3: 0.0983119
DEBUG: mu_n = -0.525532
DEBUG: Albedo flux for i = 2: 0.0466123
DEBUG: mu_n = -0.796666
DEBUG: Albedo flux for i = 1: 0.0329
DEBUG: mu_n = -0.96029
DEBUG: Albedo flux for i = 0: 0.657992
        Iteration 130: Error = 5.521474e-06
DEBUG: mu_n = -0.183435
DEBUG: Albedo flux for i = 3: 0.0983121
DEBUG: mu_n = -0.525532
DEBUG: Albedo flux for i = 2: 0.0466124
DEBUG: mu_n = -0.796666
DEBUG: Albedo flux for i = 1: 0.0329
DEBUG: mu_n = -0.96029
DEBUG: Albedo flux for i = 0: 0.657992
        Iteration 131: Error = 5.136230e-06
DEBUG: mu_n = -0.183435
DEBUG: Albedo flux for i = 3: 0.0983124
DEBUG: mu_n = -0.525532
DEBUG: Albedo flux for i = 2: 0.0466125
DEBUG: mu_n = -0.796666
DEBUG: Albedo flux for i = 1: 0.0329001
DEBUG: mu_n = -0.96029
DEBUG: Albedo flux for i = 0: 0.657992
        Iteration 132: Error = 4.777868e-06
DEBUG: mu_n = -0.183435
DEBUG: Albedo flux for i = 3: 0.0983126
DEBUG: mu_n = -0.525532
DEBUG: Albedo flux for i = 2: 0.0466126
DEBUG: mu_n = -0.796666
DEBUG: Albedo flux for i = 1: 0.0329002
DEBUG: mu_n = -0.96029
DEBUG: Albedo flux for i = 0: 0.657992
        Iteration 133: Error = 4.444511e-06
DEBUG: mu_n = -0.183435
DEBUG: Albedo flux for i = 3: 0.0983128
DEBUG: mu_n = -0.525532
DEBUG: Albedo flux for i = 2: 0.0466127
DEBUG: mu_n = -0.796666
DEBUG: Albedo flux for i = 1: 0.0329003
DEBUG: mu_n = -0.96029
DEBUG: Albedo flux for i = 0: 0.657992
        Iteration 134: Error = 4.134414e-06
DEBUG: mu_n = -0.183435
DEBUG: Albedo flux for i = 3: 0.098313
DEBUG: mu_n = -0.525532
DEBUG: Albedo flux for i = 2: 0.0466128
DEBUG: mu_n = -0.796666
DEBUG: Albedo flux for i = 1: 0.0329003
DEBUG: mu_n = -0.96029
DEBUG: Albedo flux for i = 0: 0.657992
        Iteration 135: Error = 3.845953e-06
DEBUG: mu_n = -0.183435
DEBUG: Albedo flux for i = 3: 0.0983132
DEBUG: mu_n = -0.525532
DEBUG: Albedo flux for i = 2: 0.0466129
DEBUG: mu_n = -0.796666
DEBUG: Albedo flux for i = 1: 0.0329004
DEBUG: mu_n = -0.96029
DEBUG: Albedo flux for i = 0: 0.657992
        Iteration 136: Error = 3.577620e-06
DEBUG: mu_n = -0.183435
DEBUG: Albedo flux for i = 3: 0.0983133
DEBUG: mu_n = -0.525532
DEBUG: Albedo flux for i = 2: 0.046613
DEBUG: mu_n = -0.796666
DEBUG: Albedo flux for i = 1: 0.0329004
DEBUG: mu_n = -0.96029
DEBUG: Albedo flux for i = 0: 0.657992
        Iteration 137: Error = 3.328009e-06
DEBUG: mu_n = -0.183435
DEBUG: Albedo flux for i = 3: 0.0983135
DEBUG: mu_n = -0.525532
DEBUG: Albedo flux for i = 2: 0.046613
DEBUG: mu_n = -0.796666
DEBUG: Albedo flux for i = 1: 0.0329005
DEBUG: mu_n = -0.96029
DEBUG: Albedo flux for i = 0: 0.657992
        Iteration 138: Error = 3.095814e-06
DEBUG: mu_n = -0.183435
DEBUG: Albedo flux for i = 3: 0.0983136
DEBUG: mu_n = -0.525532
DEBUG: Albedo flux for i = 2: 0.0466131
DEBUG: mu_n = -0.796666
DEBUG: Albedo flux for i = 1: 0.0329005
DEBUG: mu_n = -0.96029
DEBUG: Albedo flux for i = 0: 0.657992
        Iteration 139: Error = 2.879820e-06
DEBUG: mu_n = -0.183435
DEBUG: Albedo flux for i = 3: 0.0983138
DEBUG: mu_n = -0.525532
DEBUG: Albedo flux for i = 2: 0.0466132
DEBUG: mu_n = -0.796666
DEBUG: Albedo flux for i = 1: 0.0329006
DEBUG: mu_n = -0.96029
DEBUG: Albedo flux for i = 0: 0.657992
        Iteration 140: Error = 2.678897e-06
DEBUG: mu_n = -0.183435
DEBUG: Albedo flux for i = 3: 0.0983139
DEBUG: mu_n = -0.525532
DEBUG: Albedo flux for i = 2: 0.0466132
DEBUG: mu_n = -0.796666
DEBUG: Albedo flux for i = 1: 0.0329006
DEBUG: mu_n = -0.96029
DEBUG: Albedo flux for i = 0: 0.657992
        Iteration 141: Error = 2.491992e-06
DEBUG: mu_n = -0.183435
DEBUG: Albedo flux for i = 3: 0.098314
DEBUG: mu_n = -0.525532
DEBUG: Albedo flux for i = 2: 0.0466133
DEBUG: mu_n = -0.796666
DEBUG: Albedo flux for i = 1: 0.0329007
DEBUG: mu_n = -0.96029
DEBUG: Albedo flux for i = 0: 0.657992
        Iteration 142: Error = 2.318128e-06
DEBUG: mu_n = -0.183435
DEBUG: Albedo flux for i = 3: 0.0983141
DEBUG: mu_n = -0.525532
DEBUG: Albedo flux for i = 2: 0.0466133
DEBUG: mu_n = -0.796666
DEBUG: Albedo flux for i = 1: 0.0329007
DEBUG: mu_n = -0.96029
DEBUG: Albedo flux for i = 0: 0.657992
        Iteration 143: Error = 2.156395e-06
DEBUG: mu_n = -0.183435
DEBUG: Albedo flux for i = 3: 0.0983142
DEBUG: mu_n = -0.525532
DEBUG: Albedo flux for i = 2: 0.0466134
DEBUG: mu_n = -0.796666
DEBUG: Albedo flux for i = 1: 0.0329007
DEBUG: mu_n = -0.96029
DEBUG: Albedo flux for i = 0: 0.657992
        Iteration 144: Error = 2.005946e-06
DEBUG: mu_n = -0.183435
DEBUG: Albedo flux for i = 3: 0.0983143
DEBUG: mu_n = -0.525532
DEBUG: Albedo flux for i = 2: 0.0466134
DEBUG: mu_n = -0.796666
DEBUG: Albedo flux for i = 1: 0.0329008
DEBUG: mu_n = -0.96029
DEBUG: Albedo flux for i = 0: 0.657992
        Iteration 145: Error = 1.865993e-06
DEBUG: mu_n = -0.183435
DEBUG: Albedo flux for i = 3: 0.0983144
DEBUG: mu_n = -0.525532
DEBUG: Albedo flux for i = 2: 0.0466135
DEBUG: mu_n = -0.796666
DEBUG: Albedo flux for i = 1: 0.0329008
DEBUG: mu_n = -0.96029
DEBUG: Albedo flux for i = 0: 0.657992
        Iteration 146: Error = 1.735806e-06
DEBUG: mu_n = -0.183435
DEBUG: Albedo flux for i = 3: 0.0983145
DEBUG: mu_n = -0.525532
DEBUG: Albedo flux for i = 2: 0.0466135
DEBUG: mu_n = -0.796666
DEBUG: Albedo flux for i = 1: 0.0329008
DEBUG: mu_n = -0.96029
DEBUG: Albedo flux for i = 0: 0.657992
        Iteration 147: Error = 1.614701e-06
DEBUG: mu_n = -0.183435
DEBUG: Albedo flux for i = 3: 0.0983146
DEBUG: mu_n = -0.525532
DEBUG: Albedo flux for i = 2: 0.0466135
DEBUG: mu_n = -0.796666
DEBUG: Albedo flux for i = 1: 0.0329009
DEBUG: mu_n = -0.96029
DEBUG: Albedo flux for i = 0: 0.657992
        Iteration 148: Error = 1.502046e-06
DEBUG: mu_n = -0.183435
DEBUG: Albedo flux for i = 3: 0.0983146
DEBUG: mu_n = -0.525532
DEBUG: Albedo flux for i = 2: 0.0466136
DEBUG: mu_n = -0.796666
DEBUG: Albedo flux for i = 1: 0.0329009
DEBUG: mu_n = -0.96029
DEBUG: Albedo flux for i = 0: 0.657992
        Iteration 149: Error = 1.397251e-06
DEBUG: mu_n = -0.183435
DEBUG: Albedo flux for i = 3: 0.0983147
DEBUG: mu_n = -0.525532
DEBUG: Albedo flux for i = 2: 0.0466136
DEBUG: mu_n = -0.796666
DEBUG: Albedo flux for i = 1: 0.0329009
DEBUG: mu_n = -0.96029
DEBUG: Albedo flux for i = 0: 0.657992
        Iteration 150: Error = 1.299767e-06
DEBUG: mu_n = -0.183435
DEBUG: Albedo flux for i = 3: 0.0983148
DEBUG: mu_n = -0.525532
DEBUG: Albedo flux for i = 2: 0.0466136
DEBUG: mu_n = -0.796666
DEBUG: Albedo flux for i = 1: 0.0329009
DEBUG: mu_n = -0.96029
DEBUG: Albedo flux for i = 0: 0.657992
        Iteration 151: Error = 1.209085e-06
DEBUG: mu_n = -0.183435
DEBUG: Albedo flux for i = 3: 0.0983148
DEBUG: mu_n = -0.525532
DEBUG: Albedo flux for i = 2: 0.0466137
DEBUG: mu_n = -0.796666
DEBUG: Albedo flux for i = 1: 0.0329009
DEBUG: mu_n = -0.96029
DEBUG: Albedo flux for i = 0: 0.657993
        Iteration 152: Error = 1.124730e-06
DEBUG: mu_n = -0.183435
DEBUG: Albedo flux for i = 3: 0.0983149
DEBUG: mu_n = -0.525532
DEBUG: Albedo flux for i = 2: 0.0466137
DEBUG: mu_n = -0.796666
DEBUG: Albedo flux for i = 1: 0.032901
DEBUG: mu_n = -0.96029
DEBUG: Albedo flux for i = 0: 0.657993
        Iteration 153: Error = 1.046260e-06
DEBUG: mu_n = -0.183435
DEBUG: Albedo flux for i = 3: 0.0983149
DEBUG: mu_n = -0.525532
DEBUG: Albedo flux for i = 2: 0.0466137
DEBUG: mu_n = -0.796666
DEBUG: Albedo flux for i = 1: 0.032901
DEBUG: mu_n = -0.96029
DEBUG: Albedo flux for i = 0: 0.657993
        Iteration 154: Error = 9.732644e-07
    Completed processing 20 cells.
    Exporting scalar fluxes to CSV file...
    CSV export completed: 20_case5_albedo-0.5_out.csv

Number of cells = 100
    Set spatial step size... dz = 0.0500
    Initializing angular flux arrays... Done.
    Intializing scattering source terms... Done.
    Initialize computational error... Done.
    Beginning source iteration...
DEBUG: mu_n = -0.183435
DEBUG: Albedo flux for i = 3: 0
DEBUG: mu_n = -0.525532
DEBUG: Albedo flux for i = 2: 0
DEBUG: mu_n = -0.796666
DEBUG: Albedo flux for i = 1: 0
DEBUG: mu_n = -0.96029
DEBUG: Albedo flux for i = 0: 0.777082
DEBUG: mu_n = -0.183435
DEBUG: Albedo flux for i = 3: 0.00971366
DEBUG: mu_n = -0.525532
DEBUG: Albedo flux for i = 2: 0.00367765
DEBUG: mu_n = -0.796666
DEBUG: Albedo flux for i = 1: 0.00246409
DEBUG: mu_n = -0.96029
DEBUG: Albedo flux for i = 0: 0.779137
        Iteration 1: Error = 7.216417e-01
DEBUG: mu_n = -0.183435
DEBUG: Albedo flux for i = 3: 0.0133637
DEBUG: mu_n = -0.525532
DEBUG: Albedo flux for i = 2: 0.00505958
DEBUG: mu_n = -0.796666
DEBUG: Albedo flux for i = 1: 0.00339002
DEBUG: mu_n = -0.96029
DEBUG: Albedo flux for i = 0: 0.779909
        Iteration 2: Error = 3.431939e-01
DEBUG: mu_n = -0.183435
DEBUG: Albedo flux for i = 3: 0.0154936
DEBUG: mu_n = -0.525532
DEBUG: Albedo flux for i = 2: 0.00586595
DEBUG: mu_n = -0.796666
DEBUG: Albedo flux for i = 1: 0.0039303
DEBUG: mu_n = -0.96029
DEBUG: Albedo flux for i = 0: 0.78036
        Iteration 3: Error = 2.218075e-01
DEBUG: mu_n = -0.183435
DEBUG: Albedo flux for i = 3: 0.0169621
DEBUG: mu_n = -0.525532
DEBUG: Albedo flux for i = 2: 0.00642194
DEBUG: mu_n = -0.796666
DEBUG: Albedo flux for i = 1: 0.00430283
DEBUG: mu_n = -0.96029
DEBUG: Albedo flux for i = 0: 0.780671
        Iteration 4: Error = 1.626685e-01
DEBUG: mu_n = -0.183435
DEBUG: Albedo flux for i = 3: 0.01807
DEBUG: mu_n = -0.525532
DEBUG: Albedo flux for i = 2: 0.00684139
DEBUG: mu_n = -0.796666
DEBUG: Albedo flux for i = 1: 0.00458386
DEBUG: mu_n = -0.96029
DEBUG: Albedo flux for i = 0: 0.780905
        Iteration 5: Error = 1.275959e-01
DEBUG: mu_n = -0.183435
DEBUG: Albedo flux for i = 3: 0.0189548
DEBUG: mu_n = -0.525532
DEBUG: Albedo flux for i = 2: 0.00717638
DEBUG: mu_n = -0.796666
DEBUG: Albedo flux for i = 1: 0.00480831
DEBUG: mu_n = -0.96029
DEBUG: Albedo flux for i = 0: 0.781092
        Iteration 6: Error = 1.042148e-01
DEBUG: mu_n = -0.183435
DEBUG: Albedo flux for i = 3: 0.0196896
DEBUG: mu_n = -0.525532
DEBUG: Albedo flux for i = 2: 0.00745458
DEBUG: mu_n = -0.796666
DEBUG: Albedo flux for i = 1: 0.00499472
DEBUG: mu_n = -0.96029
DEBUG: Albedo flux for i = 0: 0.781248
        Iteration 7: Error = 8.738875e-02
DEBUG: mu_n = -0.183435
DEBUG: Albedo flux for i = 3: 0.0203171
DEBUG: mu_n = -0.525532
DEBUG: Albedo flux for i = 2: 0.00769215
DEBUG: mu_n = -0.796666
DEBUG: Albedo flux for i = 1: 0.00515389
DEBUG: mu_n = -0.96029
DEBUG: Albedo flux for i = 0: 0.78138
        Iteration 8: Error = 7.462735e-02
DEBUG: mu_n = -0.183435
DEBUG: Albedo flux for i = 3: 0.0208639
DEBUG: mu_n = -0.525532
DEBUG: Albedo flux for i = 2: 0.00789918
DEBUG: mu_n = -0.796666
DEBUG: Albedo flux for i = 1: 0.00529261
DEBUG: mu_n = -0.96029
DEBUG: Albedo flux for i = 0: 0.781496
        Iteration 9: Error = 6.458087e-02
DEBUG: mu_n = -0.183435
DEBUG: Albedo flux for i = 3: 0.0213476
DEBUG: mu_n = -0.525532
DEBUG: Albedo flux for i = 2: 0.00808232
DEBUG: mu_n = -0.796666
DEBUG: Albedo flux for i = 1: 0.00541531
DEBUG: mu_n = -0.96029
DEBUG: Albedo flux for i = 0: 0.781598
        Iteration 10: Error = 5.645261e-02
DEBUG: mu_n = -0.183435
DEBUG: Albedo flux for i = 3: 0.0217803
DEBUG: mu_n = -0.525532
DEBUG: Albedo flux for i = 2: 0.00824615
DEBUG: mu_n = -0.796666
DEBUG: Albedo flux for i = 1: 0.00552508
DEBUG: mu_n = -0.96029
DEBUG: Albedo flux for i = 0: 0.78169
        Iteration 11: Error = 4.973924e-02
DEBUG: mu_n = -0.183435
DEBUG: Albedo flux for i = 3: 0.0221706
DEBUG: mu_n = -0.525532
DEBUG: Albedo flux for i = 2: 0.00839392
DEBUG: mu_n = -0.796666
DEBUG: Albedo flux for i = 1: 0.00562409
DEBUG: mu_n = -0.96029
DEBUG: Albedo flux for i = 0: 0.781772
        Iteration 12: Error = 4.410496e-02
DEBUG: mu_n = -0.183435
DEBUG: Albedo flux for i = 3: 0.0225249
DEBUG: mu_n = -0.525532
DEBUG: Albedo flux for i = 2: 0.00852805
DEBUG: mu_n = -0.796666
DEBUG: Albedo flux for i = 1: 0.00571396
DEBUG: mu_n = -0.96029
DEBUG: Albedo flux for i = 0: 0.781847
        Iteration 13: Error = 3.931559e-02
DEBUG: mu_n = -0.183435
DEBUG: Albedo flux for i = 3: 0.022848
DEBUG: mu_n = -0.525532
DEBUG: Albedo flux for i = 2: 0.00865039
DEBUG: mu_n = -0.796666
DEBUG: Albedo flux for i = 1: 0.00579593
DEBUG: mu_n = -0.96029
DEBUG: Albedo flux for i = 0: 0.781916
        Iteration 14: Error = 3.520187e-02
DEBUG: mu_n = -0.183435
DEBUG: Albedo flux for i = 3: 0.0231439
DEBUG: mu_n = -0.525532
DEBUG: Albedo flux for i = 2: 0.00876239
DEBUG: mu_n = -0.796666
DEBUG: Albedo flux for i = 1: 0.00587097
DEBUG: mu_n = -0.96029
DEBUG: Albedo flux for i = 0: 0.781978
        Iteration 15: Error = 3.163780e-02
DEBUG: mu_n = -0.183435
DEBUG: Albedo flux for i = 3: 0.0234154
DEBUG: mu_n = -0.525532
DEBUG: Albedo flux for i = 2: 0.00886521
DEBUG: mu_n = -0.796666
DEBUG: Albedo flux for i = 1: 0.00593986
DEBUG: mu_n = -0.96029
DEBUG: Albedo flux for i = 0: 0.782036
        Iteration 16: Error = 2.852733e-02
DEBUG: mu_n = -0.183435
DEBUG: Albedo flux for i = 3: 0.0236653
DEBUG: mu_n = -0.525532
DEBUG: Albedo flux for i = 2: 0.00895981
DEBUG: mu_n = -0.796666
DEBUG: Albedo flux for i = 1: 0.00600325
DEBUG: mu_n = -0.96029
DEBUG: Albedo flux for i = 0: 0.782089
        Iteration 17: Error = 2.579567e-02
DEBUG: mu_n = -0.183435
DEBUG: Albedo flux for i = 3: 0.0238956
DEBUG: mu_n = -0.525532
DEBUG: Albedo flux for i = 2: 0.009047
DEBUG: mu_n = -0.796666
DEBUG: Albedo flux for i = 1: 0.00606166
DEBUG: mu_n = -0.96029
DEBUG: Albedo flux for i = 0: 0.782137
        Iteration 18: Error = 2.338368e-02
DEBUG: mu_n = -0.183435
DEBUG: Albedo flux for i = 3: 0.0241081
DEBUG: mu_n = -0.525532
DEBUG: Albedo flux for i = 2: 0.00912746
DEBUG: mu_n = -0.796666
DEBUG: Albedo flux for i = 1: 0.00611558
DEBUG: mu_n = -0.96029
DEBUG: Albedo flux for i = 0: 0.782182
        Iteration 19: Error = 2.124383e-02
DEBUG: mu_n = -0.183435
DEBUG: Albedo flux for i = 3: 0.0243045
DEBUG: mu_n = -0.525532
DEBUG: Albedo flux for i = 2: 0.00920181
DEBUG: mu_n = -0.796666
DEBUG: Albedo flux for i = 1: 0.00616539
DEBUG: mu_n = -0.96029
DEBUG: Albedo flux for i = 0: 0.782224
        Iteration 20: Error = 1.933747e-02
DEBUG: mu_n = -0.183435
DEBUG: Albedo flux for i = 3: 0.0244861
DEBUG: mu_n = -0.525532
DEBUG: Albedo flux for i = 2: 0.00927056
DEBUG: mu_n = -0.796666
DEBUG: Albedo flux for i = 1: 0.00621145
DEBUG: mu_n = -0.96029
DEBUG: Albedo flux for i = 0: 0.782262
        Iteration 21: Error = 1.763283e-02
DEBUG: mu_n = -0.183435
DEBUG: Albedo flux for i = 3: 0.0246541
DEBUG: mu_n = -0.525532
DEBUG: Albedo flux for i = 2: 0.00933418
DEBUG: mu_n = -0.796666
DEBUG: Albedo flux for i = 1: 0.00625408
DEBUG: mu_n = -0.96029
DEBUG: Albedo flux for i = 0: 0.782298
        Iteration 22: Error = 1.610354e-02
DEBUG: mu_n = -0.183435
DEBUG: Albedo flux for i = 3: 0.0248097
DEBUG: mu_n = -0.525532
DEBUG: Albedo flux for i = 2: 0.00939308
DEBUG: mu_n = -0.796666
DEBUG: Albedo flux for i = 1: 0.00629354
DEBUG: mu_n = -0.96029
DEBUG: Albedo flux for i = 0: 0.782331
        Iteration 23: Error = 1.472749e-02
DEBUG: mu_n = -0.183435
DEBUG: Albedo flux for i = 3: 0.0249538
DEBUG: mu_n = -0.525532
DEBUG: Albedo flux for i = 2: 0.00944764
DEBUG: mu_n = -0.796666
DEBUG: Albedo flux for i = 1: 0.0063301
DEBUG: mu_n = -0.96029
DEBUG: Albedo flux for i = 0: 0.782361
        Iteration 24: Error = 1.348605e-02
DEBUG: mu_n = -0.183435
DEBUG: Albedo flux for i = 3: 0.0250873
DEBUG: mu_n = -0.525532
DEBUG: Albedo flux for i = 2: 0.00949821
DEBUG: mu_n = -0.796666
DEBUG: Albedo flux for i = 1: 0.00636398
DEBUG: mu_n = -0.96029
DEBUG: Albedo flux for i = 0: 0.782389
        Iteration 25: Error = 1.236335e-02
DEBUG: mu_n = -0.183435
DEBUG: Albedo flux for i = 3: 0.0252111
DEBUG: mu_n = -0.525532
DEBUG: Albedo flux for i = 2: 0.00954508
DEBUG: mu_n = -0.796666
DEBUG: Albedo flux for i = 1: 0.00639539
DEBUG: mu_n = -0.96029
DEBUG: Albedo flux for i = 0: 0.782416
        Iteration 26: Error = 1.134584e-02
DEBUG: mu_n = -0.183435
DEBUG: Albedo flux for i = 3: 0.0253259
DEBUG: mu_n = -0.525532
DEBUG: Albedo flux for i = 2: 0.00958854
DEBUG: mu_n = -0.796666
DEBUG: Albedo flux for i = 1: 0.00642451
DEBUG: mu_n = -0.96029
DEBUG: Albedo flux for i = 0: 0.78244
        Iteration 27: Error = 1.042186e-02
DEBUG: mu_n = -0.183435
DEBUG: Albedo flux for i = 3: 0.0254324
DEBUG: mu_n = -0.525532
DEBUG: Albedo flux for i = 2: 0.00962884
DEBUG: mu_n = -0.796666
DEBUG: Albedo flux for i = 1: 0.00645151
DEBUG: mu_n = -0.96029
DEBUG: Albedo flux for i = 0: 0.782462
        Iteration 28: Error = 9.581299e-03
DEBUG: mu_n = -0.183435
DEBUG: Albedo flux for i = 3: 0.0255311
DEBUG: mu_n = -0.525532
DEBUG: Albedo flux for i = 2: 0.00966623
DEBUG: mu_n = -0.796666
DEBUG: Albedo flux for i = 1: 0.00647656
DEBUG: mu_n = -0.96029
DEBUG: Albedo flux for i = 0: 0.782483
        Iteration 29: Error = 8.815392e-03
DEBUG: mu_n = -0.183435
DEBUG: Albedo flux for i = 3: 0.0256227
DEBUG: mu_n = -0.525532
DEBUG: Albedo flux for i = 2: 0.00970091
DEBUG: mu_n = -0.796666
DEBUG: Albedo flux for i = 1: 0.00649979
DEBUG: mu_n = -0.96029
DEBUG: Albedo flux for i = 0: 0.782503
        Iteration 30: Error = 8.116473e-03
DEBUG: mu_n = -0.183435
DEBUG: Albedo flux for i = 3: 0.0257077
DEBUG: mu_n = -0.525532
DEBUG: Albedo flux for i = 2: 0.00973308
DEBUG: mu_n = -0.796666
DEBUG: Albedo flux for i = 1: 0.00652135
DEBUG: mu_n = -0.96029
DEBUG: Albedo flux for i = 0: 0.782521
        Iteration 31: Error = 7.477819e-03
DEBUG: mu_n = -0.183435
DEBUG: Albedo flux for i = 3: 0.0257866
DEBUG: mu_n = -0.525532
DEBUG: Albedo flux for i = 2: 0.00976294
DEBUG: mu_n = -0.796666
DEBUG: Albedo flux for i = 1: 0.00654136
DEBUG: mu_n = -0.96029
DEBUG: Albedo flux for i = 0: 0.782537
        Iteration 32: Error = 6.893512e-03
DEBUG: mu_n = -0.183435
DEBUG: Albedo flux for i = 3: 0.0258598
DEBUG: mu_n = -0.525532
DEBUG: Albedo flux for i = 2: 0.00979065
DEBUG: mu_n = -0.796666
DEBUG: Albedo flux for i = 1: 0.00655992
DEBUG: mu_n = -0.96029
DEBUG: Albedo flux for i = 0: 0.782553
        Iteration 33: Error = 6.358321e-03
DEBUG: mu_n = -0.183435
DEBUG: Albedo flux for i = 3: 0.0259277
DEBUG: mu_n = -0.525532
DEBUG: Albedo flux for i = 2: 0.00981636
DEBUG: mu_n = -0.796666
DEBUG: Albedo flux for i = 1: 0.00657715
DEBUG: mu_n = -0.96029
DEBUG: Albedo flux for i = 0: 0.782567
        Iteration 34: Error = 5.867608e-03
DEBUG: mu_n = -0.183435
DEBUG: Albedo flux for i = 3: 0.0259907
DEBUG: mu_n = -0.525532
DEBUG: Albedo flux for i = 2: 0.00984022
DEBUG: mu_n = -0.796666
DEBUG: Albedo flux for i = 1: 0.00659314
DEBUG: mu_n = -0.96029
DEBUG: Albedo flux for i = 0: 0.782581
        Iteration 35: Error = 5.417247e-03
DEBUG: mu_n = -0.183435
DEBUG: Albedo flux for i = 3: 0.0260492
DEBUG: mu_n = -0.525532
DEBUG: Albedo flux for i = 2: 0.00986237
DEBUG: mu_n = -0.796666
DEBUG: Albedo flux for i = 1: 0.00660798
DEBUG: mu_n = -0.96029
DEBUG: Albedo flux for i = 0: 0.782593
        Iteration 36: Error = 5.003558e-03
DEBUG: mu_n = -0.183435
DEBUG: Albedo flux for i = 3: 0.0261035
DEBUG: mu_n = -0.525532
DEBUG: Albedo flux for i = 2: 0.00988293
DEBUG: mu_n = -0.796666
DEBUG: Albedo flux for i = 1: 0.00662176
DEBUG: mu_n = -0.96029
DEBUG: Albedo flux for i = 0: 0.782604
        Iteration 37: Error = 4.623250e-03
DEBUG: mu_n = -0.183435
DEBUG: Albedo flux for i = 3: 0.0261539
DEBUG: mu_n = -0.525532
DEBUG: Albedo flux for i = 2: 0.00990201
DEBUG: mu_n = -0.796666
DEBUG: Albedo flux for i = 1: 0.00663454
DEBUG: mu_n = -0.96029
DEBUG: Albedo flux for i = 0: 0.782615
        Iteration 38: Error = 4.273370e-03
DEBUG: mu_n = -0.183435
DEBUG: Albedo flux for i = 3: 0.0262007
DEBUG: mu_n = -0.525532
DEBUG: Albedo flux for i = 2: 0.00991973
DEBUG: mu_n = -0.796666
DEBUG: Albedo flux for i = 1: 0.00664641
DEBUG: mu_n = -0.96029
DEBUG: Albedo flux for i = 0: 0.782625
        Iteration 39: Error = 3.951263e-03
DEBUG: mu_n = -0.183435
DEBUG: Albedo flux for i = 3: 0.0262441
DEBUG: mu_n = -0.525532
DEBUG: Albedo flux for i = 2: 0.00993617
DEBUG: mu_n = -0.796666
DEBUG: Albedo flux for i = 1: 0.00665742
DEBUG: mu_n = -0.96029
DEBUG: Albedo flux for i = 0: 0.782634
        Iteration 40: Error = 3.654539e-03
DEBUG: mu_n = -0.183435
DEBUG: Albedo flux for i = 3: 0.0262844
DEBUG: mu_n = -0.525532
DEBUG: Albedo flux for i = 2: 0.00995143
DEBUG: mu_n = -0.796666
DEBUG: Albedo flux for i = 1: 0.00666765
DEBUG: mu_n = -0.96029
DEBUG: Albedo flux for i = 0: 0.782643
        Iteration 41: Error = 3.381040e-03
DEBUG: mu_n = -0.183435
DEBUG: Albedo flux for i = 3: 0.0263218
DEBUG: mu_n = -0.525532
DEBUG: Albedo flux for i = 2: 0.0099656
DEBUG: mu_n = -0.796666
DEBUG: Albedo flux for i = 1: 0.00667714
DEBUG: mu_n = -0.96029
DEBUG: Albedo flux for i = 0: 0.782651
        Iteration 42: Error = 3.128812e-03
DEBUG: mu_n = -0.183435
DEBUG: Albedo flux for i = 3: 0.0263566
DEBUG: mu_n = -0.525532
DEBUG: Albedo flux for i = 2: 0.00997875
DEBUG: mu_n = -0.796666
DEBUG: Albedo flux for i = 1: 0.00668596
DEBUG: mu_n = -0.96029
DEBUG: Albedo flux for i = 0: 0.782658
        Iteration 43: Error = 2.896088e-03
DEBUG: mu_n = -0.183435
DEBUG: Albedo flux for i = 3: 0.0263888
DEBUG: mu_n = -0.525532
DEBUG: Albedo flux for i = 2: 0.00999096
DEBUG: mu_n = -0.796666
DEBUG: Albedo flux for i = 1: 0.00669414
DEBUG: mu_n = -0.96029
DEBUG: Albedo flux for i = 0: 0.782665
        Iteration 44: Error = 2.681260e-03
DEBUG: mu_n = -0.183435
DEBUG: Albedo flux for i = 3: 0.0264188
DEBUG: mu_n = -0.525532
DEBUG: Albedo flux for i = 2: 0.0100023
DEBUG: mu_n = -0.796666
DEBUG: Albedo flux for i = 1: 0.00670173
DEBUG: mu_n = -0.96029
DEBUG: Albedo flux for i = 0: 0.782671
        Iteration 45: Error = 2.482870e-03
DEBUG: mu_n = -0.183435
DEBUG: Albedo flux for i = 3: 0.0264466
DEBUG: mu_n = -0.525532
DEBUG: Albedo flux for i = 2: 0.0100128
DEBUG: mu_n = -0.796666
DEBUG: Albedo flux for i = 1: 0.00670878
DEBUG: mu_n = -0.96029
DEBUG: Albedo flux for i = 0: 0.782677
        Iteration 46: Error = 2.299589e-03
DEBUG: mu_n = -0.183435
DEBUG: Albedo flux for i = 3: 0.0264724
DEBUG: mu_n = -0.525532
DEBUG: Albedo flux for i = 2: 0.0100226
DEBUG: mu_n = -0.796666
DEBUG: Albedo flux for i = 1: 0.00671532
DEBUG: mu_n = -0.96029
DEBUG: Albedo flux for i = 0: 0.782682
        Iteration 47: Error = 2.130205e-03
DEBUG: mu_n = -0.183435
DEBUG: Albedo flux for i = 3: 0.0264963
DEBUG: mu_n = -0.525532
DEBUG: Albedo flux for i = 2: 0.0100316
DEBUG: mu_n = -0.796666
DEBUG: Albedo flux for i = 1: 0.0067214
DEBUG: mu_n = -0.96029
DEBUG: Albedo flux for i = 0: 0.782688
        Iteration 48: Error = 1.973613e-03
DEBUG: mu_n = -0.183435
DEBUG: Albedo flux for i = 3: 0.0265185
DEBUG: mu_n = -0.525532
DEBUG: Albedo flux for i = 2: 0.0100401
DEBUG: mu_n = -0.796666
DEBUG: Albedo flux for i = 1: 0.00672704
DEBUG: mu_n = -0.96029
DEBUG: Albedo flux for i = 0: 0.782692
        Iteration 49: Error = 1.828802e-03
DEBUG: mu_n = -0.183435
DEBUG: Albedo flux for i = 3: 0.0265392
DEBUG: mu_n = -0.525532
DEBUG: Albedo flux for i = 2: 0.0100479
DEBUG: mu_n = -0.796666
DEBUG: Albedo flux for i = 1: 0.00673227
DEBUG: mu_n = -0.96029
DEBUG: Albedo flux for i = 0: 0.782697
        Iteration 50: Error = 1.694847e-03
DEBUG: mu_n = -0.183435
DEBUG: Albedo flux for i = 3: 0.0265583
DEBUG: mu_n = -0.525532
DEBUG: Albedo flux for i = 2: 0.0100551
DEBUG: mu_n = -0.796666
DEBUG: Albedo flux for i = 1: 0.00673713
DEBUG: mu_n = -0.96029
DEBUG: Albedo flux for i = 0: 0.782701
        Iteration 51: Error = 1.570904e-03
DEBUG: mu_n = -0.183435
DEBUG: Albedo flux for i = 3: 0.0265761
DEBUG: mu_n = -0.525532
DEBUG: Albedo flux for i = 2: 0.0100619
DEBUG: mu_n = -0.796666
DEBUG: Albedo flux for i = 1: 0.00674165
DEBUG: mu_n = -0.96029
DEBUG: Albedo flux for i = 0: 0.782704
        Iteration 52: Error = 1.456194e-03
DEBUG: mu_n = -0.183435
DEBUG: Albedo flux for i = 3: 0.0265926
DEBUG: mu_n = -0.525532
DEBUG: Albedo flux for i = 2: 0.0100681
DEBUG: mu_n = -0.796666
DEBUG: Albedo flux for i = 1: 0.00674584
DEBUG: mu_n = -0.96029
DEBUG: Albedo flux for i = 0: 0.782708
        Iteration 53: Error = 1.350007e-03
DEBUG: mu_n = -0.183435
DEBUG: Albedo flux for i = 3: 0.026608
DEBUG: mu_n = -0.525532
DEBUG: Albedo flux for i = 2: 0.0100739
DEBUG: mu_n = -0.796666
DEBUG: Albedo flux for i = 1: 0.00674972
DEBUG: mu_n = -0.96029
DEBUG: Albedo flux for i = 0: 0.782711
        Iteration 54: Error = 1.251689e-03
DEBUG: mu_n = -0.183435
DEBUG: Albedo flux for i = 3: 0.0266222
DEBUG: mu_n = -0.525532
DEBUG: Albedo flux for i = 2: 0.0100793
DEBUG: mu_n = -0.796666
DEBUG: Albedo flux for i = 1: 0.00675333
DEBUG: mu_n = -0.96029
DEBUG: Albedo flux for i = 0: 0.782714
        Iteration 55: Error = 1.160639e-03
DEBUG: mu_n = -0.183435
DEBUG: Albedo flux for i = 3: 0.0266354
DEBUG: mu_n = -0.525532
DEBUG: Albedo flux for i = 2: 0.0100843
DEBUG: mu_n = -0.796666
DEBUG: Albedo flux for i = 1: 0.00675669
DEBUG: mu_n = -0.96029
DEBUG: Albedo flux for i = 0: 0.782717
        Iteration 56: Error = 1.076304e-03
DEBUG: mu_n = -0.183435
DEBUG: Albedo flux for i = 3: 0.0266477
DEBUG: mu_n = -0.525532
DEBUG: Albedo flux for i = 2: 0.010089
DEBUG: mu_n = -0.796666
DEBUG: Albedo flux for i = 1: 0.0067598
DEBUG: mu_n = -0.96029
DEBUG: Albedo flux for i = 0: 0.78272
        Iteration 57: Error = 9.981776e-04
DEBUG: mu_n = -0.183435
DEBUG: Albedo flux for i = 3: 0.0266591
DEBUG: mu_n = -0.525532
DEBUG: Albedo flux for i = 2: 0.0100933
DEBUG: mu_n = -0.796666
DEBUG: Albedo flux for i = 1: 0.00676269
DEBUG: mu_n = -0.96029
DEBUG: Albedo flux for i = 0: 0.782722
        Iteration 58: Error = 9.257903e-04
DEBUG: mu_n = -0.183435
DEBUG: Albedo flux for i = 3: 0.0266696
DEBUG: mu_n = -0.525532
DEBUG: Albedo flux for i = 2: 0.0100973
DEBUG: mu_n = -0.796666
DEBUG: Albedo flux for i = 1: 0.00676537
DEBUG: mu_n = -0.96029
DEBUG: Albedo flux for i = 0: 0.782724
        Iteration 59: Error = 8.587112e-04
DEBUG: mu_n = -0.183435
DEBUG: Albedo flux for i = 3: 0.0266794
DEBUG: mu_n = -0.525532
DEBUG: Albedo flux for i = 2: 0.010101
DEBUG: mu_n = -0.796666
DEBUG: Albedo flux for i = 1: 0.00676786
DEBUG: mu_n = -0.96029
DEBUG: Albedo flux for i = 0: 0.782726
        Iteration 60: Error = 7.965430e-04
DEBUG: mu_n = -0.183435
DEBUG: Albedo flux for i = 3: 0.0266886
DEBUG: mu_n = -0.525532
DEBUG: Albedo flux for i = 2: 0.0101044
DEBUG: mu_n = -0.796666
DEBUG: Albedo flux for i = 1: 0.00677017
DEBUG: mu_n = -0.96029
DEBUG: Albedo flux for i = 0: 0.782728
        Iteration 61: Error = 7.389191e-04
DEBUG: mu_n = -0.183435
DEBUG: Albedo flux for i = 3: 0.026697
DEBUG: mu_n = -0.525532
DEBUG: Albedo flux for i = 2: 0.0101076
DEBUG: mu_n = -0.796666
DEBUG: Albedo flux for i = 1: 0.00677231
DEBUG: mu_n = -0.96029
DEBUG: Albedo flux for i = 0: 0.78273
        Iteration 62: Error = 6.855012e-04
DEBUG: mu_n = -0.183435
DEBUG: Albedo flux for i = 3: 0.0267049
DEBUG: mu_n = -0.525532
DEBUG: Albedo flux for i = 2: 0.0101106
DEBUG: mu_n = -0.796666
DEBUG: Albedo flux for i = 1: 0.0067743
DEBUG: mu_n = -0.96029
DEBUG: Albedo flux for i = 0: 0.782732
        Iteration 63: Error = 6.359772e-04
DEBUG: mu_n = -0.183435
DEBUG: Albedo flux for i = 3: 0.0267122
DEBUG: mu_n = -0.525532
DEBUG: Albedo flux for i = 2: 0.0101134
DEBUG: mu_n = -0.796666
DEBUG: Albedo flux for i = 1: 0.00677615
DEBUG: mu_n = -0.96029
DEBUG: Albedo flux for i = 0: 0.782733
        Iteration 64: Error = 5.900587e-04
DEBUG: mu_n = -0.183435
DEBUG: Albedo flux for i = 3: 0.0267189
DEBUG: mu_n = -0.525532
DEBUG: Albedo flux for i = 2: 0.0101159
DEBUG: mu_n = -0.796666
DEBUG: Albedo flux for i = 1: 0.00677787
DEBUG: mu_n = -0.96029
DEBUG: Albedo flux for i = 0: 0.782735
        Iteration 65: Error = 5.474794e-04
DEBUG: mu_n = -0.183435
DEBUG: Albedo flux for i = 3: 0.0267252
DEBUG: mu_n = -0.525532
DEBUG: Albedo flux for i = 2: 0.0101183
DEBUG: mu_n = -0.796666
DEBUG: Albedo flux for i = 1: 0.00677946
DEBUG: mu_n = -0.96029
DEBUG: Albedo flux for i = 0: 0.782736
        Iteration 66: Error = 5.079931e-04
DEBUG: mu_n = -0.183435
DEBUG: Albedo flux for i = 3: 0.026731
DEBUG: mu_n = -0.525532
DEBUG: Albedo flux for i = 2: 0.0101205
DEBUG: mu_n = -0.796666
DEBUG: Albedo flux for i = 1: 0.00678094
DEBUG: mu_n = -0.96029
DEBUG: Albedo flux for i = 0: 0.782737
        Iteration 67: Error = 4.713724e-04
DEBUG: mu_n = -0.183435
DEBUG: Albedo flux for i = 3: 0.0267365
DEBUG: mu_n = -0.525532
DEBUG: Albedo flux for i = 2: 0.0101226
DEBUG: mu_n = -0.796666
DEBUG: Albedo flux for i = 1: 0.00678232
DEBUG: mu_n = -0.96029
DEBUG: Albedo flux for i = 0: 0.782738
        Iteration 68: Error = 4.374068e-04
DEBUG: mu_n = -0.183435
DEBUG: Albedo flux for i = 3: 0.0267415
DEBUG: mu_n = -0.525532
DEBUG: Albedo flux for i = 2: 0.0101245
DEBUG: mu_n = -0.796666
DEBUG: Albedo flux for i = 1: 0.00678359
DEBUG: mu_n = -0.96029
DEBUG: Albedo flux for i = 0: 0.782739
        Iteration 69: Error = 4.059017e-04
DEBUG: mu_n = -0.183435
DEBUG: Albedo flux for i = 3: 0.0267461
DEBUG: mu_n = -0.525532
DEBUG: Albedo flux for i = 2: 0.0101262
DEBUG: mu_n = -0.796666
DEBUG: Albedo flux for i = 1: 0.00678478
DEBUG: mu_n = -0.96029
DEBUG: Albedo flux for i = 0: 0.78274
        Iteration 70: Error = 3.766771e-04
DEBUG: mu_n = -0.183435
DEBUG: Albedo flux for i = 3: 0.0267505
DEBUG: mu_n = -0.525532
DEBUG: Albedo flux for i = 2: 0.0101279
DEBUG: mu_n = -0.796666
DEBUG: Albedo flux for i = 1: 0.00678587
DEBUG: mu_n = -0.96029
DEBUG: Albedo flux for i = 0: 0.782741
        Iteration 71: Error = 3.495663e-04
DEBUG: mu_n = -0.183435
DEBUG: Albedo flux for i = 3: 0.0267545
DEBUG: mu_n = -0.525532
DEBUG: Albedo flux for i = 2: 0.0101294
DEBUG: mu_n = -0.796666
DEBUG: Albedo flux for i = 1: 0.00678689
DEBUG: mu_n = -0.96029
DEBUG: Albedo flux for i = 0: 0.782742
        Iteration 72: Error = 3.244151e-04
DEBUG: mu_n = -0.183435
DEBUG: Albedo flux for i = 3: 0.0267582
DEBUG: mu_n = -0.525532
DEBUG: Albedo flux for i = 2: 0.0101308
DEBUG: mu_n = -0.796666
DEBUG: Albedo flux for i = 1: 0.00678784
DEBUG: mu_n = -0.96029
DEBUG: Albedo flux for i = 0: 0.782743
        Iteration 73: Error = 3.010807e-04
DEBUG: mu_n = -0.183435
DEBUG: Albedo flux for i = 3: 0.0267617
DEBUG: mu_n = -0.525532
DEBUG: Albedo flux for i = 2: 0.0101321
DEBUG: mu_n = -0.796666
DEBUG: Albedo flux for i = 1: 0.00678872
DEBUG: mu_n = -0.96029
DEBUG: Albedo flux for i = 0: 0.782744
        Iteration 74: Error = 2.794309e-04
DEBUG: mu_n = -0.183435
DEBUG: Albedo flux for i = 3: 0.0267649
DEBUG: mu_n = -0.525532
DEBUG: Albedo flux for i = 2: 0.0101333
DEBUG: mu_n = -0.796666
DEBUG: Albedo flux for i = 1: 0.00678954
DEBUG: mu_n = -0.96029
DEBUG: Albedo flux for i = 0: 0.782744
        Iteration 75: Error = 2.593432e-04
DEBUG: mu_n = -0.183435
DEBUG: Albedo flux for i = 3: 0.0267679
DEBUG: mu_n = -0.525532
DEBUG: Albedo flux for i = 2: 0.0101345
DEBUG: mu_n = -0.796666
DEBUG: Albedo flux for i = 1: 0.0067903
DEBUG: mu_n = -0.96029
DEBUG: Albedo flux for i = 0: 0.782745
        Iteration 76: Error = 2.407041e-04
DEBUG: mu_n = -0.183435
DEBUG: Albedo flux for i = 3: 0.0267707
DEBUG: mu_n = -0.525532
DEBUG: Albedo flux for i = 2: 0.0101355
DEBUG: mu_n = -0.796666
DEBUG: Albedo flux for i = 1: 0.006791
DEBUG: mu_n = -0.96029
DEBUG: Albedo flux for i = 0: 0.782746
        Iteration 77: Error = 2.234085e-04
DEBUG: mu_n = -0.183435
DEBUG: Albedo flux for i = 3: 0.0267732
DEBUG: mu_n = -0.525532
DEBUG: Albedo flux for i = 2: 0.0101365
DEBUG: mu_n = -0.796666
DEBUG: Albedo flux for i = 1: 0.00679165
DEBUG: mu_n = -0.96029
DEBUG: Albedo flux for i = 0: 0.782746
        Iteration 78: Error = 2.073592e-04
DEBUG: mu_n = -0.183435
DEBUG: Albedo flux for i = 3: 0.0267756
DEBUG: mu_n = -0.525532
DEBUG: Albedo flux for i = 2: 0.0101374
DEBUG: mu_n = -0.796666
DEBUG: Albedo flux for i = 1: 0.00679226
DEBUG: mu_n = -0.96029
DEBUG: Albedo flux for i = 0: 0.782747
        Iteration 79: Error = 1.924657e-04
DEBUG: mu_n = -0.183435
DEBUG: Albedo flux for i = 3: 0.0267779
DEBUG: mu_n = -0.525532
DEBUG: Albedo flux for i = 2: 0.0101382
DEBUG: mu_n = -0.796666
DEBUG: Albedo flux for i = 1: 0.00679282
DEBUG: mu_n = -0.96029
DEBUG: Albedo flux for i = 0: 0.782747
        Iteration 80: Error = 1.786444e-04
DEBUG: mu_n = -0.183435
DEBUG: Albedo flux for i = 3: 0.0267799
DEBUG: mu_n = -0.525532
DEBUG: Albedo flux for i = 2: 0.010139
DEBUG: mu_n = -0.796666
DEBUG: Albedo flux for i = 1: 0.00679334
DEBUG: mu_n = -0.96029
DEBUG: Albedo flux for i = 0: 0.782748
        Iteration 81: Error = 1.658179e-04
DEBUG: mu_n = -0.183435
DEBUG: Albedo flux for i = 3: 0.0267818
DEBUG: mu_n = -0.525532
DEBUG: Albedo flux for i = 2: 0.0101398
DEBUG: mu_n = -0.796666
DEBUG: Albedo flux for i = 1: 0.00679383
DEBUG: mu_n = -0.96029
DEBUG: Albedo flux for i = 0: 0.782748
        Iteration 82: Error = 1.539141e-04
DEBUG: mu_n = -0.183435
DEBUG: Albedo flux for i = 3: 0.0267836
DEBUG: mu_n = -0.525532
DEBUG: Albedo flux for i = 2: 0.0101404
DEBUG: mu_n = -0.796666
DEBUG: Albedo flux for i = 1: 0.00679428
DEBUG: mu_n = -0.96029
DEBUG: Albedo flux for i = 0: 0.782748
        Iteration 83: Error = 1.428666e-04
DEBUG: mu_n = -0.183435
DEBUG: Albedo flux for i = 3: 0.0267853
DEBUG: mu_n = -0.525532
DEBUG: Albedo flux for i = 2: 0.010141
DEBUG: mu_n = -0.796666
DEBUG: Albedo flux for i = 1: 0.0067947
DEBUG: mu_n = -0.96029
DEBUG: Albedo flux for i = 0: 0.782749
        Iteration 84: Error = 1.326133e-04
DEBUG: mu_n = -0.183435
DEBUG: Albedo flux for i = 3: 0.0267868
DEBUG: mu_n = -0.525532
DEBUG: Albedo flux for i = 2: 0.0101416
DEBUG: mu_n = -0.796666
DEBUG: Albedo flux for i = 1: 0.00679509
DEBUG: mu_n = -0.96029
DEBUG: Albedo flux for i = 0: 0.782749
        Iteration 85: Error = 1.230972e-04
DEBUG: mu_n = -0.183435
DEBUG: Albedo flux for i = 3: 0.0267882
DEBUG: mu_n = -0.525532
DEBUG: Albedo flux for i = 2: 0.0101422
DEBUG: mu_n = -0.796666
DEBUG: Albedo flux for i = 1: 0.00679545
DEBUG: mu_n = -0.96029
DEBUG: Albedo flux for i = 0: 0.782749
        Iteration 86: Error = 1.142649e-04
DEBUG: mu_n = -0.183435
DEBUG: Albedo flux for i = 3: 0.0267895
DEBUG: mu_n = -0.525532
DEBUG: Albedo flux for i = 2: 0.0101427
DEBUG: mu_n = -0.796666
DEBUG: Albedo flux for i = 1: 0.00679578
DEBUG: mu_n = -0.96029
DEBUG: Albedo flux for i = 0: 0.78275
        Iteration 87: Error = 1.060672e-04
DEBUG: mu_n = -0.183435
DEBUG: Albedo flux for i = 3: 0.0267907
DEBUG: mu_n = -0.525532
DEBUG: Albedo flux for i = 2: 0.0101431
DEBUG: mu_n = -0.796666
DEBUG: Albedo flux for i = 1: 0.00679609
DEBUG: mu_n = -0.96029
DEBUG: Albedo flux for i = 0: 0.78275
        Iteration 88: Error = 9.845846e-05
DEBUG: mu_n = -0.183435
DEBUG: Albedo flux for i = 3: 0.0267919
DEBUG: mu_n = -0.525532
DEBUG: Albedo flux for i = 2: 0.0101436
DEBUG: mu_n = -0.796666
DEBUG: Albedo flux for i = 1: 0.00679638
DEBUG: mu_n = -0.96029
DEBUG: Albedo flux for i = 0: 0.78275
        Iteration 89: Error = 9.139617e-05
DEBUG: mu_n = -0.183435
DEBUG: Albedo flux for i = 3: 0.0267929
DEBUG: mu_n = -0.525532
DEBUG: Albedo flux for i = 2: 0.010144
DEBUG: mu_n = -0.796666
DEBUG: Albedo flux for i = 1: 0.00679665
DEBUG: mu_n = -0.96029
DEBUG: Albedo flux for i = 0: 0.78275
        Iteration 90: Error = 8.484101e-05
DEBUG: mu_n = -0.183435
DEBUG: Albedo flux for i = 3: 0.0267939
DEBUG: mu_n = -0.525532
DEBUG: Albedo flux for i = 2: 0.0101443
DEBUG: mu_n = -0.796666
DEBUG: Albedo flux for i = 1: 0.00679689
DEBUG: mu_n = -0.96029
DEBUG: Albedo flux for i = 0: 0.782751
        Iteration 91: Error = 7.875649e-05
DEBUG: mu_n = -0.183435
DEBUG: Albedo flux for i = 3: 0.0267948
DEBUG: mu_n = -0.525532
DEBUG: Albedo flux for i = 2: 0.0101447
DEBUG: mu_n = -0.796666
DEBUG: Albedo flux for i = 1: 0.00679713
DEBUG: mu_n = -0.96029
DEBUG: Albedo flux for i = 0: 0.782751
        Iteration 92: Error = 7.310875e-05
DEBUG: mu_n = -0.183435
DEBUG: Albedo flux for i = 3: 0.0267957
DEBUG: mu_n = -0.525532
DEBUG: Albedo flux for i = 2: 0.010145
DEBUG: mu_n = -0.796666
DEBUG: Albedo flux for i = 1: 0.00679734
DEBUG: mu_n = -0.96029
DEBUG: Albedo flux for i = 0: 0.782751
        Iteration 93: Error = 6.786639e-05
DEBUG: mu_n = -0.183435
DEBUG: Albedo flux for i = 3: 0.0267965
DEBUG: mu_n = -0.525532
DEBUG: Albedo flux for i = 2: 0.0101453
DEBUG: mu_n = -0.796666
DEBUG: Albedo flux for i = 1: 0.00679754
DEBUG: mu_n = -0.96029
DEBUG: Albedo flux for i = 0: 0.782751
        Iteration 94: Error = 6.300025e-05
DEBUG: mu_n = -0.183435
DEBUG: Albedo flux for i = 3: 0.0267972
DEBUG: mu_n = -0.525532
DEBUG: Albedo flux for i = 2: 0.0101456
DEBUG: mu_n = -0.796666
DEBUG: Albedo flux for i = 1: 0.00679772
DEBUG: mu_n = -0.96029
DEBUG: Albedo flux for i = 0: 0.782751
        Iteration 95: Error = 5.848329e-05
DEBUG: mu_n = -0.183435
DEBUG: Albedo flux for i = 3: 0.0267979
DEBUG: mu_n = -0.525532
DEBUG: Albedo flux for i = 2: 0.0101458
DEBUG: mu_n = -0.796666
DEBUG: Albedo flux for i = 1: 0.00679789
DEBUG: mu_n = -0.96029
DEBUG: Albedo flux for i = 0: 0.782751
        Iteration 96: Error = 5.429042e-05
DEBUG: mu_n = -0.183435
DEBUG: Albedo flux for i = 3: 0.0267985
DEBUG: mu_n = -0.525532
DEBUG: Albedo flux for i = 2: 0.0101461
DEBUG: mu_n = -0.796666
DEBUG: Albedo flux for i = 1: 0.00679805
DEBUG: mu_n = -0.96029
DEBUG: Albedo flux for i = 0: 0.782751
        Iteration 97: Error = 5.039835e-05
DEBUG: mu_n = -0.183435
DEBUG: Albedo flux for i = 3: 0.0267991
DEBUG: mu_n = -0.525532
DEBUG: Albedo flux for i = 2: 0.0101463
DEBUG: mu_n = -0.796666
DEBUG: Albedo flux for i = 1: 0.0067982
DEBUG: mu_n = -0.96029
DEBUG: Albedo flux for i = 0: 0.782752
        Iteration 98: Error = 4.678547e-05
DEBUG: mu_n = -0.183435
DEBUG: Albedo flux for i = 3: 0.0267996
DEBUG: mu_n = -0.525532
DEBUG: Albedo flux for i = 2: 0.0101465
DEBUG: mu_n = -0.796666
DEBUG: Albedo flux for i = 1: 0.00679834
DEBUG: mu_n = -0.96029
DEBUG: Albedo flux for i = 0: 0.782752
        Iteration 99: Error = 4.343174e-05
DEBUG: mu_n = -0.183435
DEBUG: Albedo flux for i = 3: 0.0268001
DEBUG: mu_n = -0.525532
DEBUG: Albedo flux for i = 2: 0.0101467
DEBUG: mu_n = -0.796666
DEBUG: Albedo flux for i = 1: 0.00679847
DEBUG: mu_n = -0.96029
DEBUG: Albedo flux for i = 0: 0.782752
        Iteration 100: Error = 4.031854e-05
DEBUG: mu_n = -0.183435
DEBUG: Albedo flux for i = 3: 0.0268006
DEBUG: mu_n = -0.525532
DEBUG: Albedo flux for i = 2: 0.0101468
DEBUG: mu_n = -0.796666
DEBUG: Albedo flux for i = 1: 0.00679858
DEBUG: mu_n = -0.96029
DEBUG: Albedo flux for i = 0: 0.782752
        Iteration 101: Error = 3.742861e-05
DEBUG: mu_n = -0.183435
DEBUG: Albedo flux for i = 3: 0.026801
DEBUG: mu_n = -0.525532
DEBUG: Albedo flux for i = 2: 0.010147
DEBUG: mu_n = -0.796666
DEBUG: Albedo flux for i = 1: 0.00679869
DEBUG: mu_n = -0.96029
DEBUG: Albedo flux for i = 0: 0.782752
        Iteration 102: Error = 3.474592e-05
DEBUG: mu_n = -0.183435
DEBUG: Albedo flux for i = 3: 0.0268014
DEBUG: mu_n = -0.525532
DEBUG: Albedo flux for i = 2: 0.0101472
DEBUG: mu_n = -0.796666
DEBUG: Albedo flux for i = 1: 0.0067988
DEBUG: mu_n = -0.96029
DEBUG: Albedo flux for i = 0: 0.782752
        Iteration 103: Error = 3.225559e-05
DEBUG: mu_n = -0.183435
DEBUG: Albedo flux for i = 3: 0.0268018
DEBUG: mu_n = -0.525532
DEBUG: Albedo flux for i = 2: 0.0101473
DEBUG: mu_n = -0.796666
DEBUG: Albedo flux for i = 1: 0.00679889
DEBUG: mu_n = -0.96029
DEBUG: Albedo flux for i = 0: 0.782752
        Iteration 104: Error = 2.994382e-05
DEBUG: mu_n = -0.183435
DEBUG: Albedo flux for i = 3: 0.0268021
DEBUG: mu_n = -0.525532
DEBUG: Albedo flux for i = 2: 0.0101474
DEBUG: mu_n = -0.796666
DEBUG: Albedo flux for i = 1: 0.00679898
DEBUG: mu_n = -0.96029
DEBUG: Albedo flux for i = 0: 0.782752
        Iteration 105: Error = 2.779779e-05
DEBUG: mu_n = -0.183435
DEBUG: Albedo flux for i = 3: 0.0268024
DEBUG: mu_n = -0.525532
DEBUG: Albedo flux for i = 2: 0.0101476
DEBUG: mu_n = -0.796666
DEBUG: Albedo flux for i = 1: 0.00679906
DEBUG: mu_n = -0.96029
DEBUG: Albedo flux for i = 0: 0.782752
        Iteration 106: Error = 2.580562e-05
DEBUG: mu_n = -0.183435
DEBUG: Albedo flux for i = 3: 0.0268027
DEBUG: mu_n = -0.525532
DEBUG: Albedo flux for i = 2: 0.0101477
DEBUG: mu_n = -0.796666
DEBUG: Albedo flux for i = 1: 0.00679913
DEBUG: mu_n = -0.96029
DEBUG: Albedo flux for i = 0: 0.782752
        Iteration 107: Error = 2.395627e-05
DEBUG: mu_n = -0.183435
DEBUG: Albedo flux for i = 3: 0.026803
DEBUG: mu_n = -0.525532
DEBUG: Albedo flux for i = 2: 0.0101478
DEBUG: mu_n = -0.796666
DEBUG: Albedo flux for i = 1: 0.0067992
DEBUG: mu_n = -0.96029
DEBUG: Albedo flux for i = 0: 0.782752
        Iteration 108: Error = 2.223949e-05
DEBUG: mu_n = -0.183435
DEBUG: Albedo flux for i = 3: 0.0268033
DEBUG: mu_n = -0.525532
DEBUG: Albedo flux for i = 2: 0.0101479
DEBUG: mu_n = -0.796666
DEBUG: Albedo flux for i = 1: 0.00679927
DEBUG: mu_n = -0.96029
DEBUG: Albedo flux for i = 0: 0.782752
        Iteration 109: Error = 2.064577e-05
DEBUG: mu_n = -0.183435
DEBUG: Albedo flux for i = 3: 0.0268035
DEBUG: mu_n = -0.525532
DEBUG: Albedo flux for i = 2: 0.010148
DEBUG: mu_n = -0.796666
DEBUG: Albedo flux for i = 1: 0.00679933
DEBUG: mu_n = -0.96029
DEBUG: Albedo flux for i = 0: 0.782753
        Iteration 110: Error = 1.916629e-05
DEBUG: mu_n = -0.183435
DEBUG: Albedo flux for i = 3: 0.0268037
DEBUG: mu_n = -0.525532
DEBUG: Albedo flux for i = 2: 0.010148
DEBUG: mu_n = -0.796666
DEBUG: Albedo flux for i = 1: 0.00679939
DEBUG: mu_n = -0.96029
DEBUG: Albedo flux for i = 0: 0.782753
        Iteration 111: Error = 1.779286e-05
DEBUG: mu_n = -0.183435
DEBUG: Albedo flux for i = 3: 0.0268039
DEBUG: mu_n = -0.525532
DEBUG: Albedo flux for i = 2: 0.0101481
DEBUG: mu_n = -0.796666
DEBUG: Albedo flux for i = 1: 0.00679944
DEBUG: mu_n = -0.96029
DEBUG: Albedo flux for i = 0: 0.782753
        Iteration 112: Error = 1.651786e-05
DEBUG: mu_n = -0.183435
DEBUG: Albedo flux for i = 3: 0.0268041
DEBUG: mu_n = -0.525532
DEBUG: Albedo flux for i = 2: 0.0101482
DEBUG: mu_n = -0.796666
DEBUG: Albedo flux for i = 1: 0.00679949
DEBUG: mu_n = -0.96029
DEBUG: Albedo flux for i = 0: 0.782753
        Iteration 113: Error = 1.533425e-05
DEBUG: mu_n = -0.183435
DEBUG: Albedo flux for i = 3: 0.0268043
DEBUG: mu_n = -0.525532
DEBUG: Albedo flux for i = 2: 0.0101483
DEBUG: mu_n = -0.796666
DEBUG: Albedo flux for i = 1: 0.00679953
DEBUG: mu_n = -0.96029
DEBUG: Albedo flux for i = 0: 0.782753
        Iteration 114: Error = 1.423547e-05
DEBUG: mu_n = -0.183435
DEBUG: Albedo flux for i = 3: 0.0268045
DEBUG: mu_n = -0.525532
DEBUG: Albedo flux for i = 2: 0.0101483
DEBUG: mu_n = -0.796666
DEBUG: Albedo flux for i = 1: 0.00679957
DEBUG: mu_n = -0.96029
DEBUG: Albedo flux for i = 0: 0.782753
        Iteration 115: Error = 1.321543e-05
DEBUG: mu_n = -0.183435
DEBUG: Albedo flux for i = 3: 0.0268046
DEBUG: mu_n = -0.525532
DEBUG: Albedo flux for i = 2: 0.0101484
DEBUG: mu_n = -0.796666
DEBUG: Albedo flux for i = 1: 0.00679961
DEBUG: mu_n = -0.96029
DEBUG: Albedo flux for i = 0: 0.782753
        Iteration 116: Error = 1.226850e-05
DEBUG: mu_n = -0.183435
DEBUG: Albedo flux for i = 3: 0.0268048
DEBUG: mu_n = -0.525532
DEBUG: Albedo flux for i = 2: 0.0101484
DEBUG: mu_n = -0.796666
DEBUG: Albedo flux for i = 1: 0.00679965
DEBUG: mu_n = -0.96029
DEBUG: Albedo flux for i = 0: 0.782753
        Iteration 117: Error = 1.138943e-05
DEBUG: mu_n = -0.183435
DEBUG: Albedo flux for i = 3: 0.0268049
DEBUG: mu_n = -0.525532
DEBUG: Albedo flux for i = 2: 0.0101485
DEBUG: mu_n = -0.796666
DEBUG: Albedo flux for i = 1: 0.00679968
DEBUG: mu_n = -0.96029
DEBUG: Albedo flux for i = 0: 0.782753
        Iteration 118: Error = 1.057335e-05
DEBUG: mu_n = -0.183435
DEBUG: Albedo flux for i = 3: 0.026805
DEBUG: mu_n = -0.525532
DEBUG: Albedo flux for i = 2: 0.0101485
DEBUG: mu_n = -0.796666
DEBUG: Albedo flux for i = 1: 0.00679971
DEBUG: mu_n = -0.96029
DEBUG: Albedo flux for i = 0: 0.782753
        Iteration 119: Error = 9.815756e-06
DEBUG: mu_n = -0.183435
DEBUG: Albedo flux for i = 3: 0.0268051
DEBUG: mu_n = -0.525532
DEBUG: Albedo flux for i = 2: 0.0101486
DEBUG: mu_n = -0.796666
DEBUG: Albedo flux for i = 1: 0.00679974
DEBUG: mu_n = -0.96029
DEBUG: Albedo flux for i = 0: 0.782753
        Iteration 120: Error = 9.112451e-06
DEBUG: mu_n = -0.183435
DEBUG: Albedo flux for i = 3: 0.0268052
DEBUG: mu_n = -0.525532
DEBUG: Albedo flux for i = 2: 0.0101486
DEBUG: mu_n = -0.796666
DEBUG: Albedo flux for i = 1: 0.00679977
DEBUG: mu_n = -0.96029
DEBUG: Albedo flux for i = 0: 0.782753
        Iteration 121: Error = 8.459543e-06
DEBUG: mu_n = -0.183435
DEBUG: Albedo flux for i = 3: 0.0268053
DEBUG: mu_n = -0.525532
DEBUG: Albedo flux for i = 2: 0.0101487
DEBUG: mu_n = -0.796666
DEBUG: Albedo flux for i = 1: 0.00679979
DEBUG: mu_n = -0.96029
DEBUG: Albedo flux for i = 0: 0.782753
        Iteration 122: Error = 7.853422e-06
DEBUG: mu_n = -0.183435
DEBUG: Albedo flux for i = 3: 0.0268054
DEBUG: mu_n = -0.525532
DEBUG: Albedo flux for i = 2: 0.0101487
DEBUG: mu_n = -0.796666
DEBUG: Albedo flux for i = 1: 0.00679982
DEBUG: mu_n = -0.96029
DEBUG: Albedo flux for i = 0: 0.782753
        Iteration 123: Error = 7.290733e-06
DEBUG: mu_n = -0.183435
DEBUG: Albedo flux for i = 3: 0.0268055
DEBUG: mu_n = -0.525532
DEBUG: Albedo flux for i = 2: 0.0101487
DEBUG: mu_n = -0.796666
DEBUG: Albedo flux for i = 1: 0.00679984
DEBUG: mu_n = -0.96029
DEBUG: Albedo flux for i = 0: 0.782753
        Iteration 124: Error = 6.768363e-06
DEBUG: mu_n = -0.183435
DEBUG: Albedo flux for i = 3: 0.0268056
DEBUG: mu_n = -0.525532
DEBUG: Albedo flux for i = 2: 0.0101487
DEBUG: mu_n = -0.796666
DEBUG: Albedo flux for i = 1: 0.00679986
DEBUG: mu_n = -0.96029
DEBUG: Albedo flux for i = 0: 0.782753
        Iteration 125: Error = 6.283424e-06
DEBUG: mu_n = -0.183435
DEBUG: Albedo flux for i = 3: 0.0268057
DEBUG: mu_n = -0.525532
DEBUG: Albedo flux for i = 2: 0.0101488
DEBUG: mu_n = -0.796666
DEBUG: Albedo flux for i = 1: 0.00679988
DEBUG: mu_n = -0.96029
DEBUG: Albedo flux for i = 0: 0.782753
        Iteration 126: Error = 5.833232e-06
DEBUG: mu_n = -0.183435
DEBUG: Albedo flux for i = 3: 0.0268057
DEBUG: mu_n = -0.525532
DEBUG: Albedo flux for i = 2: 0.0101488
DEBUG: mu_n = -0.796666
DEBUG: Albedo flux for i = 1: 0.00679989
DEBUG: mu_n = -0.96029
DEBUG: Albedo flux for i = 0: 0.782753
        Iteration 127: Error = 5.415298e-06
DEBUG: mu_n = -0.183435
DEBUG: Albedo flux for i = 3: 0.0268058
DEBUG: mu_n = -0.525532
DEBUG: Albedo flux for i = 2: 0.0101488
DEBUG: mu_n = -0.796666
DEBUG: Albedo flux for i = 1: 0.00679991
DEBUG: mu_n = -0.96029
DEBUG: Albedo flux for i = 0: 0.782753
        Iteration 128: Error = 5.027309e-06
DEBUG: mu_n = -0.183435
DEBUG: Albedo flux for i = 3: 0.0268059
DEBUG: mu_n = -0.525532
DEBUG: Albedo flux for i = 2: 0.0101488
DEBUG: mu_n = -0.796666
DEBUG: Albedo flux for i = 1: 0.00679992
DEBUG: mu_n = -0.96029
DEBUG: Albedo flux for i = 0: 0.782753
        Iteration 129: Error = 4.667121e-06
DEBUG: mu_n = -0.183435
DEBUG: Albedo flux for i = 3: 0.0268059
DEBUG: mu_n = -0.525532
DEBUG: Albedo flux for i = 2: 0.0101489
DEBUG: mu_n = -0.796666
DEBUG: Albedo flux for i = 1: 0.00679994
DEBUG: mu_n = -0.96029
DEBUG: Albedo flux for i = 0: 0.782753
        Iteration 130: Error = 4.332740e-06
DEBUG: mu_n = -0.183435
DEBUG: Albedo flux for i = 3: 0.026806
DEBUG: mu_n = -0.525532
DEBUG: Albedo flux for i = 2: 0.0101489
DEBUG: mu_n = -0.796666
DEBUG: Albedo flux for i = 1: 0.00679995
DEBUG: mu_n = -0.96029
DEBUG: Albedo flux for i = 0: 0.782753
        Iteration 131: Error = 4.022317e-06
DEBUG: mu_n = -0.183435
DEBUG: Albedo flux for i = 3: 0.026806
DEBUG: mu_n = -0.525532
DEBUG: Albedo flux for i = 2: 0.0101489
DEBUG: mu_n = -0.796666
DEBUG: Albedo flux for i = 1: 0.00679996
DEBUG: mu_n = -0.96029
DEBUG: Albedo flux for i = 0: 0.782753
        Iteration 132: Error = 3.734136e-06
DEBUG: mu_n = -0.183435
DEBUG: Albedo flux for i = 3: 0.0268061
DEBUG: mu_n = -0.525532
DEBUG: Albedo flux for i = 2: 0.0101489
DEBUG: mu_n = -0.796666
DEBUG: Albedo flux for i = 1: 0.00679997
DEBUG: mu_n = -0.96029
DEBUG: Albedo flux for i = 0: 0.782753
        Iteration 133: Error = 3.466603e-06
DEBUG: mu_n = -0.183435
DEBUG: Albedo flux for i = 3: 0.0268061
DEBUG: mu_n = -0.525532
DEBUG: Albedo flux for i = 2: 0.0101489
DEBUG: mu_n = -0.796666
DEBUG: Albedo flux for i = 1: 0.00679998
DEBUG: mu_n = -0.96029
DEBUG: Albedo flux for i = 0: 0.782753
        Iteration 134: Error = 3.218238e-06
DEBUG: mu_n = -0.183435
DEBUG: Albedo flux for i = 3: 0.0268061
DEBUG: mu_n = -0.525532
DEBUG: Albedo flux for i = 2: 0.0101489
DEBUG: mu_n = -0.796666
DEBUG: Albedo flux for i = 1: 0.00679999
DEBUG: mu_n = -0.96029
DEBUG: Albedo flux for i = 0: 0.782753
        Iteration 135: Error = 2.987668e-06
DEBUG: mu_n = -0.183435
DEBUG: Albedo flux for i = 3: 0.0268062
DEBUG: mu_n = -0.525532
DEBUG: Albedo flux for i = 2: 0.010149
DEBUG: mu_n = -0.796666
DEBUG: Albedo flux for i = 1: 0.0068
DEBUG: mu_n = -0.96029
DEBUG: Albedo flux for i = 0: 0.782753
        Iteration 136: Error = 2.773618e-06
DEBUG: mu_n = -0.183435
DEBUG: Albedo flux for i = 3: 0.0268062
DEBUG: mu_n = -0.525532
DEBUG: Albedo flux for i = 2: 0.010149
DEBUG: mu_n = -0.796666
DEBUG: Albedo flux for i = 1: 0.00680001
DEBUG: mu_n = -0.96029
DEBUG: Albedo flux for i = 0: 0.782753
        Iteration 137: Error = 2.574903e-06
DEBUG: mu_n = -0.183435
DEBUG: Albedo flux for i = 3: 0.0268062
DEBUG: mu_n = -0.525532
DEBUG: Albedo flux for i = 2: 0.010149
DEBUG: mu_n = -0.796666
DEBUG: Albedo flux for i = 1: 0.00680002
DEBUG: mu_n = -0.96029
DEBUG: Albedo flux for i = 0: 0.782753
        Iteration 138: Error = 2.390426e-06
DEBUG: mu_n = -0.183435
DEBUG: Albedo flux for i = 3: 0.0268063
DEBUG: mu_n = -0.525532
DEBUG: Albedo flux for i = 2: 0.010149
DEBUG: mu_n = -0.796666
DEBUG: Albedo flux for i = 1: 0.00680002
DEBUG: mu_n = -0.96029
DEBUG: Albedo flux for i = 0: 0.782753
        Iteration 139: Error = 2.219166e-06
DEBUG: mu_n = -0.183435
DEBUG: Albedo flux for i = 3: 0.0268063
DEBUG: mu_n = -0.525532
DEBUG: Albedo flux for i = 2: 0.010149
DEBUG: mu_n = -0.796666
DEBUG: Albedo flux for i = 1: 0.00680003
DEBUG: mu_n = -0.96029
DEBUG: Albedo flux for i = 0: 0.782753
        Iteration 140: Error = 2.060177e-06
DEBUG: mu_n = -0.183435
DEBUG: Albedo flux for i = 3: 0.0268063
DEBUG: mu_n = -0.525532
DEBUG: Albedo flux for i = 2: 0.010149
DEBUG: mu_n = -0.796666
DEBUG: Albedo flux for i = 1: 0.00680004
DEBUG: mu_n = -0.96029
DEBUG: Albedo flux for i = 0: 0.782753
        Iteration 141: Error = 1.912578e-06
DEBUG: mu_n = -0.183435
DEBUG: Albedo flux for i = 3: 0.0268063
DEBUG: mu_n = -0.525532
DEBUG: Albedo flux for i = 2: 0.010149
DEBUG: mu_n = -0.796666
DEBUG: Albedo flux for i = 1: 0.00680004
DEBUG: mu_n = -0.96029
DEBUG: Albedo flux for i = 0: 0.782753
        Iteration 142: Error = 1.775554e-06
DEBUG: mu_n = -0.183435
DEBUG: Albedo flux for i = 3: 0.0268063
DEBUG: mu_n = -0.525532
DEBUG: Albedo flux for i = 2: 0.010149
DEBUG: mu_n = -0.796666
DEBUG: Albedo flux for i = 1: 0.00680005
DEBUG: mu_n = -0.96029
DEBUG: Albedo flux for i = 0: 0.782753
        Iteration 143: Error = 1.648347e-06
DEBUG: mu_n = -0.183435
DEBUG: Albedo flux for i = 3: 0.0268064
DEBUG: mu_n = -0.525532
DEBUG: Albedo flux for i = 2: 0.010149
DEBUG: mu_n = -0.796666
DEBUG: Albedo flux for i = 1: 0.00680005
DEBUG: mu_n = -0.96029
DEBUG: Albedo flux for i = 0: 0.782753
        Iteration 144: Error = 1.530253e-06
DEBUG: mu_n = -0.183435
DEBUG: Albedo flux for i = 3: 0.0268064
DEBUG: mu_n = -0.525532
DEBUG: Albedo flux for i = 2: 0.010149
DEBUG: mu_n = -0.796666
DEBUG: Albedo flux for i = 1: 0.00680006
DEBUG: mu_n = -0.96029
DEBUG: Albedo flux for i = 0: 0.782753
        Iteration 145: Error = 1.420621e-06
DEBUG: mu_n = -0.183435
DEBUG: Albedo flux for i = 3: 0.0268064
DEBUG: mu_n = -0.525532
DEBUG: Albedo flux for i = 2: 0.0101491
DEBUG: mu_n = -0.796666
DEBUG: Albedo flux for i = 1: 0.00680006
DEBUG: mu_n = -0.96029
DEBUG: Albedo flux for i = 0: 0.782753
        Iteration 146: Error = 1.318843e-06
DEBUG: mu_n = -0.183435
DEBUG: Albedo flux for i = 3: 0.0268064
DEBUG: mu_n = -0.525532
DEBUG: Albedo flux for i = 2: 0.0101491
DEBUG: mu_n = -0.796666
DEBUG: Albedo flux for i = 1: 0.00680006
DEBUG: mu_n = -0.96029
DEBUG: Albedo flux for i = 0: 0.782753
        Iteration 147: Error = 1.224357e-06
DEBUG: mu_n = -0.183435
DEBUG: Albedo flux for i = 3: 0.0268064
DEBUG: mu_n = -0.525532
DEBUG: Albedo flux for i = 2: 0.0101491
DEBUG: mu_n = -0.796666
DEBUG: Albedo flux for i = 1: 0.00680007
DEBUG: mu_n = -0.96029
DEBUG: Albedo flux for i = 0: 0.782753
        Iteration 148: Error = 1.136640e-06
DEBUG: mu_n = -0.183435
DEBUG: Albedo flux for i = 3: 0.0268064
DEBUG: mu_n = -0.525532
DEBUG: Albedo flux for i = 2: 0.0101491
DEBUG: mu_n = -0.796666
DEBUG: Albedo flux for i = 1: 0.00680007
DEBUG: mu_n = -0.96029
DEBUG: Albedo flux for i = 0: 0.782753
        Iteration 149: Error = 1.055208e-06
DEBUG: mu_n = -0.183435
DEBUG: Albedo flux for i = 3: 0.0268065
DEBUG: mu_n = -0.525532
DEBUG: Albedo flux for i = 2: 0.0101491
DEBUG: mu_n = -0.796666
DEBUG: Albedo flux for i = 1: 0.00680007
DEBUG: mu_n = -0.96029
DEBUG: Albedo flux for i = 0: 0.782753
        Iteration 150: Error = 9.796098e-07
    Completed processing 100 cells.
    Exporting scalar fluxes to CSV file...
    CSV export completed: 100_case5_albedo-0.5_out.csv


SN1 Code Completed Successfully.


