
***************************************************
                 SN1 CODE EXECUTION
***************************************************


Run Specifications:
    Sigma_s: 1.0000               Sigma_f: 0.0000
    Sigma_t: 1.0000               Length (L): 5.0
    Alpha: 0.5000                 Max Iterations: 1000
    Quadrature Nodes: 4           Error Tolerance: 1.0e-06

Calculating GQ weights and discrete ordinates... Done.
Casting GQ data to a vector (weights) and array/vector (scattering angle)...Done.
Initializing variables and iterating over cell sizes...

GQ Weights:  w = [0.3479,0.6521,0.6521,0.3479]
GQ Nodes:   mu = [-0.8611,-0.3400,0.3400,0.8611]

Assigning boundary conditions...
    Analytical fluxes set.
    Calculating scaling factor... Done.
    LH Scaling factor = 0.3479
    Scaling numerical flux values... j_left = 1
Done.

---------------------------------------------
Begin looping over cell numbers...
---------------------------------------------

Number of cells = 20
    Set spatial step size... dz = 0.2500
    Initializing angular flux arrays... Done.
    Intializing scattering source terms... Done.
    Initialize computational error... Done.
    Beginning source iteration...
DEBUG: mu_n = -0.339981
DEBUG: Albedo flux for i = 1: 0
DEBUG: mu_n = -0.861136
DEBUG: Albedo flux for i = 0: 0.396617
DEBUG: mu_n = -0.339981
DEBUG: Albedo flux for i = 1: 0.0435121
DEBUG: mu_n = -0.861136
DEBUG: Albedo flux for i = 0: 0.417134
        Iteration 1: Error = 7.383810e-01
DEBUG: mu_n = -0.339981
DEBUG: Albedo flux for i = 1: 0.0624009
DEBUG: mu_n = -0.861136
DEBUG: Albedo flux for i = 0: 0.42604
        Iteration 2: Error = 3.491602e-01
DEBUG: mu_n = -0.339981
DEBUG: Albedo flux for i = 1: 0.0737034
DEBUG: mu_n = -0.861136
DEBUG: Albedo flux for i = 0: 0.43137
        Iteration 3: Error = 2.255784e-01
DEBUG: mu_n = -0.339981
DEBUG: Albedo flux for i = 1: 0.081577
DEBUG: mu_n = -0.861136
DEBUG: Albedo flux for i = 0: 0.435082
        Iteration 4: Error = 1.659592e-01
DEBUG: mu_n = -0.339981
DEBUG: Albedo flux for i = 1: 0.087579
DEBUG: mu_n = -0.861136
DEBUG: Albedo flux for i = 0: 0.437912
        Iteration 5: Error = 1.308029e-01
DEBUG: mu_n = -0.339981
DEBUG: Albedo flux for i = 1: 0.0924363
DEBUG: mu_n = -0.861136
DEBUG: Albedo flux for i = 0: 0.440203
        Iteration 6: Error = 1.073891e-01
DEBUG: mu_n = -0.339981
DEBUG: Albedo flux for i = 1: 0.096535
DEBUG: mu_n = -0.861136
DEBUG: Albedo flux for i = 0: 0.442135
        Iteration 7: Error = 9.049656e-02
DEBUG: mu_n = -0.339981
DEBUG: Albedo flux for i = 1: 0.100098
DEBUG: mu_n = -0.861136
DEBUG: Albedo flux for i = 0: 0.443815
        Iteration 8: Error = 7.762708e-02
DEBUG: mu_n = -0.339981
DEBUG: Albedo flux for i = 1: 0.10326
DEBUG: mu_n = -0.861136
DEBUG: Albedo flux for i = 0: 0.445306
        Iteration 9: Error = 6.744324e-02
DEBUG: mu_n = -0.339981
DEBUG: Albedo flux for i = 1: 0.10611
DEBUG: mu_n = -0.861136
DEBUG: Albedo flux for i = 0: 0.44665
        Iteration 10: Error = 5.916229e-02
DEBUG: mu_n = -0.339981
DEBUG: Albedo flux for i = 1: 0.108706
DEBUG: mu_n = -0.861136
DEBUG: Albedo flux for i = 0: 0.447874
        Iteration 11: Error = 5.229169e-02
DEBUG: mu_n = -0.339981
DEBUG: Albedo flux for i = 1: 0.111086
DEBUG: mu_n = -0.861136
DEBUG: Albedo flux for i = 0: 0.448996
        Iteration 12: Error = 4.650272e-02
DEBUG: mu_n = -0.339981
DEBUG: Albedo flux for i = 1: 0.113281
DEBUG: mu_n = -0.861136
DEBUG: Albedo flux for i = 0: 0.450031
        Iteration 13: Error = 4.156538e-02
DEBUG: mu_n = -0.339981
DEBUG: Albedo flux for i = 1: 0.115311
DEBUG: mu_n = -0.861136
DEBUG: Albedo flux for i = 0: 0.450988
        Iteration 14: Error = 3.731253e-02
DEBUG: mu_n = -0.339981
DEBUG: Albedo flux for i = 1: 0.117193
DEBUG: mu_n = -0.861136
DEBUG: Albedo flux for i = 0: 0.451876
        Iteration 15: Error = 3.361898e-02
DEBUG: mu_n = -0.339981
DEBUG: Albedo flux for i = 1: 0.118941
DEBUG: mu_n = -0.861136
DEBUG: Albedo flux for i = 0: 0.4527
        Iteration 16: Error = 3.038869e-02
DEBUG: mu_n = -0.339981
DEBUG: Albedo flux for i = 1: 0.120567
DEBUG: mu_n = -0.861136
DEBUG: Albedo flux for i = 0: 0.453467
        Iteration 17: Error = 2.754646e-02
DEBUG: mu_n = -0.339981
DEBUG: Albedo flux for i = 1: 0.12208
DEBUG: mu_n = -0.861136
DEBUG: Albedo flux for i = 0: 0.45418
        Iteration 18: Error = 2.503248e-02
DEBUG: mu_n = -0.339981
DEBUG: Albedo flux for i = 1: 0.123488
DEBUG: mu_n = -0.861136
DEBUG: Albedo flux for i = 0: 0.454844
        Iteration 19: Error = 2.279850e-02
DEBUG: mu_n = -0.339981
DEBUG: Albedo flux for i = 1: 0.1248
DEBUG: mu_n = -0.861136
DEBUG: Albedo flux for i = 0: 0.455462
        Iteration 20: Error = 2.080514e-02
DEBUG: mu_n = -0.339981
DEBUG: Albedo flux for i = 1: 0.126022
DEBUG: mu_n = -0.861136
DEBUG: Albedo flux for i = 0: 0.456039
        Iteration 21: Error = 1.901990e-02
DEBUG: mu_n = -0.339981
DEBUG: Albedo flux for i = 1: 0.12716
DEBUG: mu_n = -0.861136
DEBUG: Albedo flux for i = 0: 0.456575
        Iteration 22: Error = 1.741576e-02
DEBUG: mu_n = -0.339981
DEBUG: Albedo flux for i = 1: 0.128221
DEBUG: mu_n = -0.861136
DEBUG: Albedo flux for i = 0: 0.457075
        Iteration 23: Error = 1.597003e-02
DEBUG: mu_n = -0.339981
DEBUG: Albedo flux for i = 1: 0.129209
DEBUG: mu_n = -0.861136
DEBUG: Albedo flux for i = 0: 0.457542
        Iteration 24: Error = 1.466354e-02
DEBUG: mu_n = -0.339981
DEBUG: Albedo flux for i = 1: 0.13013
DEBUG: mu_n = -0.861136
DEBUG: Albedo flux for i = 0: 0.457976
        Iteration 25: Error = 1.347999e-02
DEBUG: mu_n = -0.339981
DEBUG: Albedo flux for i = 1: 0.130989
DEBUG: mu_n = -0.861136
DEBUG: Albedo flux for i = 0: 0.458381
        Iteration 26: Error = 1.240540e-02
DEBUG: mu_n = -0.339981
DEBUG: Albedo flux for i = 1: 0.131789
DEBUG: mu_n = -0.861136
DEBUG: Albedo flux for i = 0: 0.458758
        Iteration 27: Error = 1.142776e-02
DEBUG: mu_n = -0.339981
DEBUG: Albedo flux for i = 1: 0.132534
DEBUG: mu_n = -0.861136
DEBUG: Albedo flux for i = 0: 0.45911
        Iteration 28: Error = 1.053667e-02
DEBUG: mu_n = -0.339981
DEBUG: Albedo flux for i = 1: 0.133229
DEBUG: mu_n = -0.861136
DEBUG: Albedo flux for i = 0: 0.459437
        Iteration 29: Error = 9.723076e-03
DEBUG: mu_n = -0.339981
DEBUG: Albedo flux for i = 1: 0.133877
DEBUG: mu_n = -0.861136
DEBUG: Albedo flux for i = 0: 0.459743
        Iteration 30: Error = 8.979087e-03
DEBUG: mu_n = -0.339981
DEBUG: Albedo flux for i = 1: 0.134481
DEBUG: mu_n = -0.861136
DEBUG: Albedo flux for i = 0: 0.460027
        Iteration 31: Error = 8.297773e-03
DEBUG: mu_n = -0.339981
DEBUG: Albedo flux for i = 1: 0.135043
DEBUG: mu_n = -0.861136
DEBUG: Albedo flux for i = 0: 0.460293
        Iteration 32: Error = 7.673034e-03
DEBUG: mu_n = -0.339981
DEBUG: Albedo flux for i = 1: 0.135568
DEBUG: mu_n = -0.861136
DEBUG: Albedo flux for i = 0: 0.46054
        Iteration 33: Error = 7.099481e-03
DEBUG: mu_n = -0.339981
DEBUG: Albedo flux for i = 1: 0.136056
DEBUG: mu_n = -0.861136
DEBUG: Albedo flux for i = 0: 0.46077
        Iteration 34: Error = 6.572335e-03
DEBUG: mu_n = -0.339981
DEBUG: Albedo flux for i = 1: 0.136512
DEBUG: mu_n = -0.861136
DEBUG: Albedo flux for i = 0: 0.460985
        Iteration 35: Error = 6.087344e-03
DEBUG: mu_n = -0.339981
DEBUG: Albedo flux for i = 1: 0.136936
DEBUG: mu_n = -0.861136
DEBUG: Albedo flux for i = 0: 0.461185
        Iteration 36: Error = 5.640717e-03
DEBUG: mu_n = -0.339981
DEBUG: Albedo flux for i = 1: 0.137332
DEBUG: mu_n = -0.861136
DEBUG: Albedo flux for i = 0: 0.461372
        Iteration 37: Error = 5.229060e-03
DEBUG: mu_n = -0.339981
DEBUG: Albedo flux for i = 1: 0.137701
DEBUG: mu_n = -0.861136
DEBUG: Albedo flux for i = 0: 0.461546
        Iteration 38: Error = 4.849329e-03
DEBUG: mu_n = -0.339981
DEBUG: Albedo flux for i = 1: 0.138045
DEBUG: mu_n = -0.861136
DEBUG: Albedo flux for i = 0: 0.461708
        Iteration 39: Error = 4.498790e-03
DEBUG: mu_n = -0.339981
DEBUG: Albedo flux for i = 1: 0.138365
DEBUG: mu_n = -0.861136
DEBUG: Albedo flux for i = 0: 0.461859
        Iteration 40: Error = 4.174975e-03
DEBUG: mu_n = -0.339981
DEBUG: Albedo flux for i = 1: 0.138663
DEBUG: mu_n = -0.861136
DEBUG: Albedo flux for i = 0: 0.461999
        Iteration 41: Error = 3.875657e-03
DEBUG: mu_n = -0.339981
DEBUG: Albedo flux for i = 1: 0.138942
DEBUG: mu_n = -0.861136
DEBUG: Albedo flux for i = 0: 0.462131
        Iteration 42: Error = 3.598820e-03
DEBUG: mu_n = -0.339981
DEBUG: Albedo flux for i = 1: 0.139201
DEBUG: mu_n = -0.861136
DEBUG: Albedo flux for i = 0: 0.462253
        Iteration 43: Error = 3.342636e-03
DEBUG: mu_n = -0.339981
DEBUG: Albedo flux for i = 1: 0.139443
DEBUG: mu_n = -0.861136
DEBUG: Albedo flux for i = 0: 0.462367
        Iteration 44: Error = 3.105445e-03
DEBUG: mu_n = -0.339981
DEBUG: Albedo flux for i = 1: 0.139668
DEBUG: mu_n = -0.861136
DEBUG: Albedo flux for i = 0: 0.462473
        Iteration 45: Error = 2.885736e-03
DEBUG: mu_n = -0.339981
DEBUG: Albedo flux for i = 1: 0.139878
DEBUG: mu_n = -0.861136
DEBUG: Albedo flux for i = 0: 0.462572
        Iteration 46: Error = 2.682132e-03
DEBUG: mu_n = -0.339981
DEBUG: Albedo flux for i = 1: 0.140074
DEBUG: mu_n = -0.861136
DEBUG: Albedo flux for i = 0: 0.462664
        Iteration 47: Error = 2.493378e-03
DEBUG: mu_n = -0.339981
DEBUG: Albedo flux for i = 1: 0.140256
DEBUG: mu_n = -0.861136
DEBUG: Albedo flux for i = 0: 0.46275
        Iteration 48: Error = 2.318324e-03
DEBUG: mu_n = -0.339981
DEBUG: Albedo flux for i = 1: 0.140426
DEBUG: mu_n = -0.861136
DEBUG: Albedo flux for i = 0: 0.46283
        Iteration 49: Error = 2.155920e-03
DEBUG: mu_n = -0.339981
DEBUG: Albedo flux for i = 1: 0.140584
DEBUG: mu_n = -0.861136
DEBUG: Albedo flux for i = 0: 0.462905
        Iteration 50: Error = 2.005204e-03
DEBUG: mu_n = -0.339981
DEBUG: Albedo flux for i = 1: 0.140732
DEBUG: mu_n = -0.861136
DEBUG: Albedo flux for i = 0: 0.462975
        Iteration 51: Error = 1.865293e-03
DEBUG: mu_n = -0.339981
DEBUG: Albedo flux for i = 1: 0.14087
DEBUG: mu_n = -0.861136
DEBUG: Albedo flux for i = 0: 0.46304
        Iteration 52: Error = 1.735375e-03
DEBUG: mu_n = -0.339981
DEBUG: Albedo flux for i = 1: 0.140998
DEBUG: mu_n = -0.861136
DEBUG: Albedo flux for i = 0: 0.4631
        Iteration 53: Error = 1.614707e-03
DEBUG: mu_n = -0.339981
DEBUG: Albedo flux for i = 1: 0.141117
DEBUG: mu_n = -0.861136
DEBUG: Albedo flux for i = 0: 0.463157
        Iteration 54: Error = 1.502603e-03
DEBUG: mu_n = -0.339981
DEBUG: Albedo flux for i = 1: 0.141229
DEBUG: mu_n = -0.861136
DEBUG: Albedo flux for i = 0: 0.463209
        Iteration 55: Error = 1.398432e-03
DEBUG: mu_n = -0.339981
DEBUG: Albedo flux for i = 1: 0.141333
DEBUG: mu_n = -0.861136
DEBUG: Albedo flux for i = 0: 0.463258
        Iteration 56: Error = 1.301613e-03
DEBUG: mu_n = -0.339981
DEBUG: Albedo flux for i = 1: 0.141429
DEBUG: mu_n = -0.861136
DEBUG: Albedo flux for i = 0: 0.463304
        Iteration 57: Error = 1.211609e-03
DEBUG: mu_n = -0.339981
DEBUG: Albedo flux for i = 1: 0.14152
DEBUG: mu_n = -0.861136
DEBUG: Albedo flux for i = 0: 0.463346
        Iteration 58: Error = 1.127926e-03
DEBUG: mu_n = -0.339981
DEBUG: Albedo flux for i = 1: 0.141604
DEBUG: mu_n = -0.861136
DEBUG: Albedo flux for i = 0: 0.463386
        Iteration 59: Error = 1.050107e-03
DEBUG: mu_n = -0.339981
DEBUG: Albedo flux for i = 1: 0.141682
DEBUG: mu_n = -0.861136
DEBUG: Albedo flux for i = 0: 0.463423
        Iteration 60: Error = 9.777301e-04
DEBUG: mu_n = -0.339981
DEBUG: Albedo flux for i = 1: 0.141755
DEBUG: mu_n = -0.861136
DEBUG: Albedo flux for i = 0: 0.463457
        Iteration 61: Error = 9.104045e-04
DEBUG: mu_n = -0.339981
DEBUG: Albedo flux for i = 1: 0.141823
DEBUG: mu_n = -0.861136
DEBUG: Albedo flux for i = 0: 0.463489
        Iteration 62: Error = 8.477697e-04
DEBUG: mu_n = -0.339981
DEBUG: Albedo flux for i = 1: 0.141887
DEBUG: mu_n = -0.861136
DEBUG: Albedo flux for i = 0: 0.463519
        Iteration 63: Error = 7.894915e-04
DEBUG: mu_n = -0.339981
DEBUG: Albedo flux for i = 1: 0.141946
DEBUG: mu_n = -0.861136
DEBUG: Albedo flux for i = 0: 0.463547
        Iteration 64: Error = 7.352606e-04
DEBUG: mu_n = -0.339981
DEBUG: Albedo flux for i = 1: 0.142001
DEBUG: mu_n = -0.861136
DEBUG: Albedo flux for i = 0: 0.463573
        Iteration 65: Error = 6.847905e-04
DEBUG: mu_n = -0.339981
DEBUG: Albedo flux for i = 1: 0.142052
DEBUG: mu_n = -0.861136
DEBUG: Albedo flux for i = 0: 0.463597
        Iteration 66: Error = 6.378157e-04
DEBUG: mu_n = -0.339981
DEBUG: Albedo flux for i = 1: 0.1421
DEBUG: mu_n = -0.861136
DEBUG: Albedo flux for i = 0: 0.46362
        Iteration 67: Error = 5.940900e-04
DEBUG: mu_n = -0.339981
DEBUG: Albedo flux for i = 1: 0.142145
DEBUG: mu_n = -0.861136
DEBUG: Albedo flux for i = 0: 0.463641
        Iteration 68: Error = 5.533851e-04
DEBUG: mu_n = -0.339981
DEBUG: Albedo flux for i = 1: 0.142186
DEBUG: mu_n = -0.861136
DEBUG: Albedo flux for i = 0: 0.463661
        Iteration 69: Error = 5.154894e-04
DEBUG: mu_n = -0.339981
DEBUG: Albedo flux for i = 1: 0.142225
DEBUG: mu_n = -0.861136
DEBUG: Albedo flux for i = 0: 0.463679
        Iteration 70: Error = 4.802062e-04
DEBUG: mu_n = -0.339981
DEBUG: Albedo flux for i = 1: 0.142261
DEBUG: mu_n = -0.861136
DEBUG: Albedo flux for i = 0: 0.463696
        Iteration 71: Error = 4.473532e-04
DEBUG: mu_n = -0.339981
DEBUG: Albedo flux for i = 1: 0.142295
DEBUG: mu_n = -0.861136
DEBUG: Albedo flux for i = 0: 0.463712
        Iteration 72: Error = 4.167609e-04
DEBUG: mu_n = -0.339981
DEBUG: Albedo flux for i = 1: 0.142326
DEBUG: mu_n = -0.861136
DEBUG: Albedo flux for i = 0: 0.463726
        Iteration 73: Error = 3.882721e-04
DEBUG: mu_n = -0.339981
DEBUG: Albedo flux for i = 1: 0.142355
DEBUG: mu_n = -0.861136
DEBUG: Albedo flux for i = 0: 0.46374
        Iteration 74: Error = 3.617406e-04
DEBUG: mu_n = -0.339981
DEBUG: Albedo flux for i = 1: 0.142383
DEBUG: mu_n = -0.861136
DEBUG: Albedo flux for i = 0: 0.463753
        Iteration 75: Error = 3.370307e-04
DEBUG: mu_n = -0.339981
DEBUG: Albedo flux for i = 1: 0.142408
DEBUG: mu_n = -0.861136
DEBUG: Albedo flux for i = 0: 0.463765
        Iteration 76: Error = 3.140161e-04
DEBUG: mu_n = -0.339981
DEBUG: Albedo flux for i = 1: 0.142432
DEBUG: mu_n = -0.861136
DEBUG: Albedo flux for i = 0: 0.463776
        Iteration 77: Error = 2.925795e-04
DEBUG: mu_n = -0.339981
DEBUG: Albedo flux for i = 1: 0.142454
DEBUG: mu_n = -0.861136
DEBUG: Albedo flux for i = 0: 0.463787
        Iteration 78: Error = 2.726120e-04
DEBUG: mu_n = -0.339981
DEBUG: Albedo flux for i = 1: 0.142474
DEBUG: mu_n = -0.861136
DEBUG: Albedo flux for i = 0: 0.463796
        Iteration 79: Error = 2.540120e-04
DEBUG: mu_n = -0.339981
DEBUG: Albedo flux for i = 1: 0.142494
DEBUG: mu_n = -0.861136
DEBUG: Albedo flux for i = 0: 0.463805
        Iteration 80: Error = 2.366854e-04
DEBUG: mu_n = -0.339981
DEBUG: Albedo flux for i = 1: 0.142511
DEBUG: mu_n = -0.861136
DEBUG: Albedo flux for i = 0: 0.463814
        Iteration 81: Error = 2.205442e-04
DEBUG: mu_n = -0.339981
DEBUG: Albedo flux for i = 1: 0.142528
DEBUG: mu_n = -0.861136
DEBUG: Albedo flux for i = 0: 0.463822
        Iteration 82: Error = 2.055071e-04
DEBUG: mu_n = -0.339981
DEBUG: Albedo flux for i = 1: 0.142544
DEBUG: mu_n = -0.861136
DEBUG: Albedo flux for i = 0: 0.463829
        Iteration 83: Error = 1.914980e-04
DEBUG: mu_n = -0.339981
DEBUG: Albedo flux for i = 1: 0.142558
DEBUG: mu_n = -0.861136
DEBUG: Albedo flux for i = 0: 0.463836
        Iteration 84: Error = 1.784462e-04
DEBUG: mu_n = -0.339981
DEBUG: Albedo flux for i = 1: 0.142571
DEBUG: mu_n = -0.861136
DEBUG: Albedo flux for i = 0: 0.463842
        Iteration 85: Error = 1.662861e-04
DEBUG: mu_n = -0.339981
DEBUG: Albedo flux for i = 1: 0.142584
DEBUG: mu_n = -0.861136
DEBUG: Albedo flux for i = 0: 0.463848
        Iteration 86: Error = 1.549565e-04
DEBUG: mu_n = -0.339981
DEBUG: Albedo flux for i = 1: 0.142596
DEBUG: mu_n = -0.861136
DEBUG: Albedo flux for i = 0: 0.463854
        Iteration 87: Error = 1.444003e-04
DEBUG: mu_n = -0.339981
DEBUG: Albedo flux for i = 1: 0.142607
DEBUG: mu_n = -0.861136
DEBUG: Albedo flux for i = 0: 0.463859
        Iteration 88: Error = 1.345647e-04
DEBUG: mu_n = -0.339981
DEBUG: Albedo flux for i = 1: 0.142617
DEBUG: mu_n = -0.861136
DEBUG: Albedo flux for i = 0: 0.463864
        Iteration 89: Error = 1.254001e-04
DEBUG: mu_n = -0.339981
DEBUG: Albedo flux for i = 1: 0.142626
DEBUG: mu_n = -0.861136
DEBUG: Albedo flux for i = 0: 0.463868
        Iteration 90: Error = 1.168608e-04
DEBUG: mu_n = -0.339981
DEBUG: Albedo flux for i = 1: 0.142635
DEBUG: mu_n = -0.861136
DEBUG: Albedo flux for i = 0: 0.463872
        Iteration 91: Error = 1.089038e-04
DEBUG: mu_n = -0.339981
DEBUG: Albedo flux for i = 1: 0.142643
DEBUG: mu_n = -0.861136
DEBUG: Albedo flux for i = 0: 0.463876
        Iteration 92: Error = 1.014894e-04
DEBUG: mu_n = -0.339981
DEBUG: Albedo flux for i = 1: 0.142651
DEBUG: mu_n = -0.861136
DEBUG: Albedo flux for i = 0: 0.46388
        Iteration 93: Error = 9.458049e-05
DEBUG: mu_n = -0.339981
DEBUG: Albedo flux for i = 1: 0.142658
DEBUG: mu_n = -0.861136
DEBUG: Albedo flux for i = 0: 0.463883
        Iteration 94: Error = 8.814247e-05
DEBUG: mu_n = -0.339981
DEBUG: Albedo flux for i = 1: 0.142665
DEBUG: mu_n = -0.861136
DEBUG: Albedo flux for i = 0: 0.463886
        Iteration 95: Error = 8.214319e-05
DEBUG: mu_n = -0.339981
DEBUG: Albedo flux for i = 1: 0.142671
DEBUG: mu_n = -0.861136
DEBUG: Albedo flux for i = 0: 0.463889
        Iteration 96: Error = 7.655268e-05
DEBUG: mu_n = -0.339981
DEBUG: Albedo flux for i = 1: 0.142677
DEBUG: mu_n = -0.861136
DEBUG: Albedo flux for i = 0: 0.463892
        Iteration 97: Error = 7.134304e-05
DEBUG: mu_n = -0.339981
DEBUG: Albedo flux for i = 1: 0.142682
DEBUG: mu_n = -0.861136
DEBUG: Albedo flux for i = 0: 0.463894
        Iteration 98: Error = 6.648826e-05
DEBUG: mu_n = -0.339981
DEBUG: Albedo flux for i = 1: 0.142687
DEBUG: mu_n = -0.861136
DEBUG: Albedo flux for i = 0: 0.463897
        Iteration 99: Error = 6.196413e-05
DEBUG: mu_n = -0.339981
DEBUG: Albedo flux for i = 1: 0.142692
DEBUG: mu_n = -0.861136
DEBUG: Albedo flux for i = 0: 0.463899
        Iteration 100: Error = 5.774809e-05
DEBUG: mu_n = -0.339981
DEBUG: Albedo flux for i = 1: 0.142696
DEBUG: mu_n = -0.861136
DEBUG: Albedo flux for i = 0: 0.463901
        Iteration 101: Error = 5.381913e-05
DEBUG: mu_n = -0.339981
DEBUG: Albedo flux for i = 1: 0.1427
DEBUG: mu_n = -0.861136
DEBUG: Albedo flux for i = 0: 0.463903
        Iteration 102: Error = 5.015766e-05
DEBUG: mu_n = -0.339981
DEBUG: Albedo flux for i = 1: 0.142704
DEBUG: mu_n = -0.861136
DEBUG: Albedo flux for i = 0: 0.463905
        Iteration 103: Error = 4.674547e-05
DEBUG: mu_n = -0.339981
DEBUG: Albedo flux for i = 1: 0.142708
DEBUG: mu_n = -0.861136
DEBUG: Albedo flux for i = 0: 0.463906
        Iteration 104: Error = 4.356554e-05
DEBUG: mu_n = -0.339981
DEBUG: Albedo flux for i = 1: 0.142711
DEBUG: mu_n = -0.861136
DEBUG: Albedo flux for i = 0: 0.463908
        Iteration 105: Error = 4.060206e-05
DEBUG: mu_n = -0.339981
DEBUG: Albedo flux for i = 1: 0.142714
DEBUG: mu_n = -0.861136
DEBUG: Albedo flux for i = 0: 0.463909
        Iteration 106: Error = 3.784028e-05
DEBUG: mu_n = -0.339981
DEBUG: Albedo flux for i = 1: 0.142717
DEBUG: mu_n = -0.861136
DEBUG: Albedo flux for i = 0: 0.463911
        Iteration 107: Error = 3.526644e-05
DEBUG: mu_n = -0.339981
DEBUG: Albedo flux for i = 1: 0.14272
DEBUG: mu_n = -0.861136
DEBUG: Albedo flux for i = 0: 0.463912
        Iteration 108: Error = 3.286776e-05
DEBUG: mu_n = -0.339981
DEBUG: Albedo flux for i = 1: 0.142722
DEBUG: mu_n = -0.861136
DEBUG: Albedo flux for i = 0: 0.463913
        Iteration 109: Error = 3.063229e-05
DEBUG: mu_n = -0.339981
DEBUG: Albedo flux for i = 1: 0.142724
DEBUG: mu_n = -0.861136
DEBUG: Albedo flux for i = 0: 0.463914
        Iteration 110: Error = 2.854893e-05
DEBUG: mu_n = -0.339981
DEBUG: Albedo flux for i = 1: 0.142727
DEBUG: mu_n = -0.861136
DEBUG: Albedo flux for i = 0: 0.463915
        Iteration 111: Error = 2.660732e-05
DEBUG: mu_n = -0.339981
DEBUG: Albedo flux for i = 1: 0.142729
DEBUG: mu_n = -0.861136
DEBUG: Albedo flux for i = 0: 0.463916
        Iteration 112: Error = 2.479780e-05
DEBUG: mu_n = -0.339981
DEBUG: Albedo flux for i = 1: 0.142731
DEBUG: mu_n = -0.861136
DEBUG: Albedo flux for i = 0: 0.463917
        Iteration 113: Error = 2.311138e-05
DEBUG: mu_n = -0.339981
DEBUG: Albedo flux for i = 1: 0.142732
DEBUG: mu_n = -0.861136
DEBUG: Albedo flux for i = 0: 0.463918
        Iteration 114: Error = 2.153969e-05
DEBUG: mu_n = -0.339981
DEBUG: Albedo flux for i = 1: 0.142734
DEBUG: mu_n = -0.861136
DEBUG: Albedo flux for i = 0: 0.463919
        Iteration 115: Error = 2.007491e-05
DEBUG: mu_n = -0.339981
DEBUG: Albedo flux for i = 1: 0.142735
DEBUG: mu_n = -0.861136
DEBUG: Albedo flux for i = 0: 0.463919
        Iteration 116: Error = 1.870976e-05
DEBUG: mu_n = -0.339981
DEBUG: Albedo flux for i = 1: 0.142737
DEBUG: mu_n = -0.861136
DEBUG: Albedo flux for i = 0: 0.46392
        Iteration 117: Error = 1.743748e-05
DEBUG: mu_n = -0.339981
DEBUG: Albedo flux for i = 1: 0.142738
DEBUG: mu_n = -0.861136
DEBUG: Albedo flux for i = 0: 0.463921
        Iteration 118: Error = 1.625173e-05
DEBUG: mu_n = -0.339981
DEBUG: Albedo flux for i = 1: 0.142739
DEBUG: mu_n = -0.861136
DEBUG: Albedo flux for i = 0: 0.463921
        Iteration 119: Error = 1.514663e-05
DEBUG: mu_n = -0.339981
DEBUG: Albedo flux for i = 1: 0.142741
DEBUG: mu_n = -0.861136
DEBUG: Albedo flux for i = 0: 0.463922
        Iteration 120: Error = 1.411668e-05
DEBUG: mu_n = -0.339981
DEBUG: Albedo flux for i = 1: 0.142742
DEBUG: mu_n = -0.861136
DEBUG: Albedo flux for i = 0: 0.463922
        Iteration 121: Error = 1.315679e-05
DEBUG: mu_n = -0.339981
DEBUG: Albedo flux for i = 1: 0.142743
DEBUG: mu_n = -0.861136
DEBUG: Albedo flux for i = 0: 0.463923
        Iteration 122: Error = 1.226218e-05
DEBUG: mu_n = -0.339981
DEBUG: Albedo flux for i = 1: 0.142744
DEBUG: mu_n = -0.861136
DEBUG: Albedo flux for i = 0: 0.463923
        Iteration 123: Error = 1.142841e-05
DEBUG: mu_n = -0.339981
DEBUG: Albedo flux for i = 1: 0.142744
DEBUG: mu_n = -0.861136
DEBUG: Albedo flux for i = 0: 0.463924
        Iteration 124: Error = 1.065133e-05
DEBUG: mu_n = -0.339981
DEBUG: Albedo flux for i = 1: 0.142745
DEBUG: mu_n = -0.861136
DEBUG: Albedo flux for i = 0: 0.463924
        Iteration 125: Error = 9.927108e-06
DEBUG: mu_n = -0.339981
DEBUG: Albedo flux for i = 1: 0.142746
DEBUG: mu_n = -0.861136
DEBUG: Albedo flux for i = 0: 0.463924
        Iteration 126: Error = 9.252130e-06
DEBUG: mu_n = -0.339981
DEBUG: Albedo flux for i = 1: 0.142747
DEBUG: mu_n = -0.861136
DEBUG: Albedo flux for i = 0: 0.463925
        Iteration 127: Error = 8.623052e-06
DEBUG: mu_n = -0.339981
DEBUG: Albedo flux for i = 1: 0.142747
DEBUG: mu_n = -0.861136
DEBUG: Albedo flux for i = 0: 0.463925
        Iteration 128: Error = 8.036752e-06
DEBUG: mu_n = -0.339981
DEBUG: Albedo flux for i = 1: 0.142748
DEBUG: mu_n = -0.861136
DEBUG: Albedo flux for i = 0: 0.463925
        Iteration 129: Error = 7.490320e-06
DEBUG: mu_n = -0.339981
DEBUG: Albedo flux for i = 1: 0.142748
DEBUG: mu_n = -0.861136
DEBUG: Albedo flux for i = 0: 0.463926
        Iteration 130: Error = 6.981044e-06
DEBUG: mu_n = -0.339981
DEBUG: Albedo flux for i = 1: 0.142749
DEBUG: mu_n = -0.861136
DEBUG: Albedo flux for i = 0: 0.463926
        Iteration 131: Error = 6.506398e-06
DEBUG: mu_n = -0.339981
DEBUG: Albedo flux for i = 1: 0.142749
DEBUG: mu_n = -0.861136
DEBUG: Albedo flux for i = 0: 0.463926
        Iteration 132: Error = 6.064026e-06
DEBUG: mu_n = -0.339981
DEBUG: Albedo flux for i = 1: 0.14275
DEBUG: mu_n = -0.861136
DEBUG: Albedo flux for i = 0: 0.463926
        Iteration 133: Error = 5.651733e-06
DEBUG: mu_n = -0.339981
DEBUG: Albedo flux for i = 1: 0.14275
DEBUG: mu_n = -0.861136
DEBUG: Albedo flux for i = 0: 0.463927
        Iteration 134: Error = 5.267475e-06
DEBUG: mu_n = -0.339981
DEBUG: Albedo flux for i = 1: 0.142751
DEBUG: mu_n = -0.861136
DEBUG: Albedo flux for i = 0: 0.463927
        Iteration 135: Error = 4.909343e-06
DEBUG: mu_n = -0.339981
DEBUG: Albedo flux for i = 1: 0.142751
DEBUG: mu_n = -0.861136
DEBUG: Albedo flux for i = 0: 0.463927
        Iteration 136: Error = 4.575563e-06
DEBUG: mu_n = -0.339981
DEBUG: Albedo flux for i = 1: 0.142751
DEBUG: mu_n = -0.861136
DEBUG: Albedo flux for i = 0: 0.463927
        Iteration 137: Error = 4.264477e-06
DEBUG: mu_n = -0.339981
DEBUG: Albedo flux for i = 1: 0.142752
DEBUG: mu_n = -0.861136
DEBUG: Albedo flux for i = 0: 0.463927
        Iteration 138: Error = 3.974542e-06
DEBUG: mu_n = -0.339981
DEBUG: Albedo flux for i = 1: 0.142752
DEBUG: mu_n = -0.861136
DEBUG: Albedo flux for i = 0: 0.463927
        Iteration 139: Error = 3.704321e-06
DEBUG: mu_n = -0.339981
DEBUG: Albedo flux for i = 1: 0.142752
DEBUG: mu_n = -0.861136
DEBUG: Albedo flux for i = 0: 0.463927
        Iteration 140: Error = 3.452472e-06
DEBUG: mu_n = -0.339981
DEBUG: Albedo flux for i = 1: 0.142753
DEBUG: mu_n = -0.861136
DEBUG: Albedo flux for i = 0: 0.463928
        Iteration 141: Error = 3.217747e-06
DEBUG: mu_n = -0.339981
DEBUG: Albedo flux for i = 1: 0.142753
DEBUG: mu_n = -0.861136
DEBUG: Albedo flux for i = 0: 0.463928
        Iteration 142: Error = 2.998981e-06
DEBUG: mu_n = -0.339981
DEBUG: Albedo flux for i = 1: 0.142753
DEBUG: mu_n = -0.861136
DEBUG: Albedo flux for i = 0: 0.463928
        Iteration 143: Error = 2.795089e-06
DEBUG: mu_n = -0.339981
DEBUG: Albedo flux for i = 1: 0.142753
DEBUG: mu_n = -0.861136
DEBUG: Albedo flux for i = 0: 0.463928
        Iteration 144: Error = 2.605059e-06
DEBUG: mu_n = -0.339981
DEBUG: Albedo flux for i = 1: 0.142754
DEBUG: mu_n = -0.861136
DEBUG: Albedo flux for i = 0: 0.463928
        Iteration 145: Error = 2.427950e-06
DEBUG: mu_n = -0.339981
DEBUG: Albedo flux for i = 1: 0.142754
DEBUG: mu_n = -0.861136
DEBUG: Albedo flux for i = 0: 0.463928
        Iteration 146: Error = 2.262881e-06
DEBUG: mu_n = -0.339981
DEBUG: Albedo flux for i = 1: 0.142754
DEBUG: mu_n = -0.861136
DEBUG: Albedo flux for i = 0: 0.463928
        Iteration 147: Error = 2.109036e-06
DEBUG: mu_n = -0.339981
DEBUG: Albedo flux for i = 1: 0.142754
DEBUG: mu_n = -0.861136
DEBUG: Albedo flux for i = 0: 0.463928
        Iteration 148: Error = 1.965650e-06
DEBUG: mu_n = -0.339981
DEBUG: Albedo flux for i = 1: 0.142754
DEBUG: mu_n = -0.861136
DEBUG: Albedo flux for i = 0: 0.463928
        Iteration 149: Error = 1.832013e-06
DEBUG: mu_n = -0.339981
DEBUG: Albedo flux for i = 1: 0.142754
DEBUG: mu_n = -0.861136
DEBUG: Albedo flux for i = 0: 0.463928
        Iteration 150: Error = 1.707462e-06
DEBUG: mu_n = -0.339981
DEBUG: Albedo flux for i = 1: 0.142754
DEBUG: mu_n = -0.861136
DEBUG: Albedo flux for i = 0: 0.463928
        Iteration 151: Error = 1.591378e-06
DEBUG: mu_n = -0.339981
DEBUG: Albedo flux for i = 1: 0.142755
DEBUG: mu_n = -0.861136
DEBUG: Albedo flux for i = 0: 0.463928
        Iteration 152: Error = 1.483187e-06
DEBUG: mu_n = -0.339981
DEBUG: Albedo flux for i = 1: 0.142755
DEBUG: mu_n = -0.861136
DEBUG: Albedo flux for i = 0: 0.463929
        Iteration 153: Error = 1.382351e-06
DEBUG: mu_n = -0.339981
DEBUG: Albedo flux for i = 1: 0.142755
DEBUG: mu_n = -0.861136
DEBUG: Albedo flux for i = 0: 0.463929
        Iteration 154: Error = 1.288371e-06
DEBUG: mu_n = -0.339981
DEBUG: Albedo flux for i = 1: 0.142755
DEBUG: mu_n = -0.861136
DEBUG: Albedo flux for i = 0: 0.463929
        Iteration 155: Error = 1.200781e-06
DEBUG: mu_n = -0.339981
DEBUG: Albedo flux for i = 1: 0.142755
DEBUG: mu_n = -0.861136
DEBUG: Albedo flux for i = 0: 0.463929
        Iteration 156: Error = 1.119145e-06
DEBUG: mu_n = -0.339981
DEBUG: Albedo flux for i = 1: 0.142755
DEBUG: mu_n = -0.861136
DEBUG: Albedo flux for i = 0: 0.463929
        Iteration 157: Error = 1.043059e-06
DEBUG: mu_n = -0.339981
DEBUG: Albedo flux for i = 1: 0.142755
DEBUG: mu_n = -0.861136
DEBUG: Albedo flux for i = 0: 0.463929
        Iteration 158: Error = 9.721464e-07
    Completed processing 20 cells.
    Exporting scalar fluxes to CSV file...
    CSV export completed: 20_case5_albedo-1.0_out.csv

Number of cells = 100
    Set spatial step size... dz = 0.0500
    Initializing angular flux arrays... Done.
    Intializing scattering source terms... Done.
    Initialize computational error... Done.
    Beginning source iteration...
DEBUG: mu_n = -0.339981
DEBUG: Albedo flux for i = 1: 0
DEBUG: mu_n = -0.861136
DEBUG: Albedo flux for i = 0: 0.501333
DEBUG: mu_n = -0.339981
DEBUG: Albedo flux for i = 1: 0.0123393
DEBUG: mu_n = -0.861136
DEBUG: Albedo flux for i = 0: 0.506416
        Iteration 1: Error = 6.969820e-01
DEBUG: mu_n = -0.339981
DEBUG: Albedo flux for i = 1: 0.0166788
DEBUG: mu_n = -0.861136
DEBUG: Albedo flux for i = 0: 0.508203
        Iteration 2: Error = 3.322537e-01
DEBUG: mu_n = -0.339981
DEBUG: Albedo flux for i = 1: 0.0191754
DEBUG: mu_n = -0.861136
DEBUG: Albedo flux for i = 0: 0.509231
        Iteration 3: Error = 2.161845e-01
DEBUG: mu_n = -0.339981
DEBUG: Albedo flux for i = 1: 0.0208978
DEBUG: mu_n = -0.861136
DEBUG: Albedo flux for i = 0: 0.509941
        Iteration 4: Error = 1.597954e-01
DEBUG: mu_n = -0.339981
DEBUG: Albedo flux for i = 1: 0.0222089
DEBUG: mu_n = -0.861136
DEBUG: Albedo flux for i = 0: 0.510481
        Iteration 5: Error = 1.262679e-01
DEBUG: mu_n = -0.339981
DEBUG: Albedo flux for i = 1: 0.0232711
DEBUG: mu_n = -0.861136
DEBUG: Albedo flux for i = 0: 0.510918
        Iteration 6: Error = 1.037674e-01
DEBUG: mu_n = -0.339981
DEBUG: Albedo flux for i = 1: 0.024169
DEBUG: mu_n = -0.861136
DEBUG: Albedo flux for i = 0: 0.511288
        Iteration 7: Error = 8.743399e-02
DEBUG: mu_n = -0.339981
DEBUG: Albedo flux for i = 1: 0.0249503
DEBUG: mu_n = -0.861136
DEBUG: Albedo flux for i = 0: 0.51161
        Iteration 8: Error = 7.493515e-02
DEBUG: mu_n = -0.339981
DEBUG: Albedo flux for i = 1: 0.0256442
DEBUG: mu_n = -0.861136
DEBUG: Albedo flux for i = 0: 0.511896
        Iteration 9: Error = 6.501538e-02
DEBUG: mu_n = -0.339981
DEBUG: Albedo flux for i = 1: 0.0262691
DEBUG: mu_n = -0.861136
DEBUG: Albedo flux for i = 0: 0.512153
        Iteration 10: Error = 5.693472e-02
DEBUG: mu_n = -0.339981
DEBUG: Albedo flux for i = 1: 0.0268375
DEBUG: mu_n = -0.861136
DEBUG: Albedo flux for i = 0: 0.512387
        Iteration 11: Error = 5.022410e-02
DEBUG: mu_n = -0.339981
DEBUG: Albedo flux for i = 1: 0.0273578
DEBUG: mu_n = -0.861136
DEBUG: Albedo flux for i = 0: 0.512602
        Iteration 12: Error = 4.456827e-02
DEBUG: mu_n = -0.339981
DEBUG: Albedo flux for i = 1: 0.0278362
DEBUG: mu_n = -0.861136
DEBUG: Albedo flux for i = 0: 0.512799
        Iteration 13: Error = 3.974530e-02
DEBUG: mu_n = -0.339981
DEBUG: Albedo flux for i = 1: 0.0282774
DEBUG: mu_n = -0.861136
DEBUG: Albedo flux for i = 0: 0.51298
        Iteration 14: Error = 3.559308e-02
DEBUG: mu_n = -0.339981
DEBUG: Albedo flux for i = 1: 0.0286853
DEBUG: mu_n = -0.861136
DEBUG: Albedo flux for i = 0: 0.513148
        Iteration 15: Error = 3.198975e-02
DEBUG: mu_n = -0.339981
DEBUG: Albedo flux for i = 1: 0.0290628
DEBUG: mu_n = -0.861136
DEBUG: Albedo flux for i = 0: 0.513304
        Iteration 16: Error = 2.884148e-02
DEBUG: mu_n = -0.339981
DEBUG: Albedo flux for i = 1: 0.0294125
DEBUG: mu_n = -0.861136
DEBUG: Albedo flux for i = 0: 0.513448
        Iteration 17: Error = 2.607464e-02
DEBUG: mu_n = -0.339981
DEBUG: Albedo flux for i = 1: 0.0297366
DEBUG: mu_n = -0.861136
DEBUG: Albedo flux for i = 0: 0.513581
        Iteration 18: Error = 2.363057e-02
DEBUG: mu_n = -0.339981
DEBUG: Albedo flux for i = 1: 0.0300372
DEBUG: mu_n = -0.861136
DEBUG: Albedo flux for i = 0: 0.513705
        Iteration 19: Error = 2.146186e-02
DEBUG: mu_n = -0.339981
DEBUG: Albedo flux for i = 1: 0.0303161
DEBUG: mu_n = -0.861136
DEBUG: Albedo flux for i = 0: 0.51382
        Iteration 20: Error = 1.952977e-02
DEBUG: mu_n = -0.339981
DEBUG: Albedo flux for i = 1: 0.0305749
DEBUG: mu_n = -0.861136
DEBUG: Albedo flux for i = 0: 0.513927
        Iteration 21: Error = 1.780231e-02
DEBUG: mu_n = -0.339981
DEBUG: Albedo flux for i = 1: 0.030815
DEBUG: mu_n = -0.861136
DEBUG: Albedo flux for i = 0: 0.514026
        Iteration 22: Error = 1.625284e-02
DEBUG: mu_n = -0.339981
DEBUG: Albedo flux for i = 1: 0.0310378
DEBUG: mu_n = -0.861136
DEBUG: Albedo flux for i = 0: 0.514117
        Iteration 23: Error = 1.485902e-02
DEBUG: mu_n = -0.339981
DEBUG: Albedo flux for i = 1: 0.0312446
DEBUG: mu_n = -0.861136
DEBUG: Albedo flux for i = 0: 0.514202
        Iteration 24: Error = 1.360192e-02
DEBUG: mu_n = -0.339981
DEBUG: Albedo flux for i = 1: 0.0314365
DEBUG: mu_n = -0.861136
DEBUG: Albedo flux for i = 0: 0.514282
        Iteration 25: Error = 1.246545e-02
DEBUG: mu_n = -0.339981
DEBUG: Albedo flux for i = 1: 0.0316147
DEBUG: mu_n = -0.861136
DEBUG: Albedo flux for i = 0: 0.514355
        Iteration 26: Error = 1.143582e-02
DEBUG: mu_n = -0.339981
DEBUG: Albedo flux for i = 1: 0.03178
DEBUG: mu_n = -0.861136
DEBUG: Albedo flux for i = 0: 0.514423
        Iteration 27: Error = 1.050117e-02
DEBUG: mu_n = -0.339981
DEBUG: Albedo flux for i = 1: 0.0319335
DEBUG: mu_n = -0.861136
DEBUG: Albedo flux for i = 0: 0.514486
        Iteration 28: Error = 9.651219e-03
DEBUG: mu_n = -0.339981
DEBUG: Albedo flux for i = 1: 0.0320759
DEBUG: mu_n = -0.861136
DEBUG: Albedo flux for i = 0: 0.514545
        Iteration 29: Error = 8.877041e-03
DEBUG: mu_n = -0.339981
DEBUG: Albedo flux for i = 1: 0.0322081
DEBUG: mu_n = -0.861136
DEBUG: Albedo flux for i = 0: 0.514599
        Iteration 30: Error = 8.170832e-03
DEBUG: mu_n = -0.339981
DEBUG: Albedo flux for i = 1: 0.0323308
DEBUG: mu_n = -0.861136
DEBUG: Albedo flux for i = 0: 0.51465
        Iteration 31: Error = 7.525746e-03
DEBUG: mu_n = -0.339981
DEBUG: Albedo flux for i = 1: 0.0324447
DEBUG: mu_n = -0.861136
DEBUG: Albedo flux for i = 0: 0.514697
        Iteration 32: Error = 6.935761e-03
DEBUG: mu_n = -0.339981
DEBUG: Albedo flux for i = 1: 0.0325505
DEBUG: mu_n = -0.861136
DEBUG: Albedo flux for i = 0: 0.51474
        Iteration 33: Error = 6.395554e-03
DEBUG: mu_n = -0.339981
DEBUG: Albedo flux for i = 1: 0.0326486
DEBUG: mu_n = -0.861136
DEBUG: Albedo flux for i = 0: 0.514781
        Iteration 34: Error = 5.900406e-03
DEBUG: mu_n = -0.339981
DEBUG: Albedo flux for i = 1: 0.0327397
DEBUG: mu_n = -0.861136
DEBUG: Albedo flux for i = 0: 0.514818
        Iteration 35: Error = 5.446123e-03
DEBUG: mu_n = -0.339981
DEBUG: Albedo flux for i = 1: 0.0328242
DEBUG: mu_n = -0.861136
DEBUG: Albedo flux for i = 0: 0.514853
        Iteration 36: Error = 5.028962e-03
DEBUG: mu_n = -0.339981
DEBUG: Albedo flux for i = 1: 0.0329027
DEBUG: mu_n = -0.861136
DEBUG: Albedo flux for i = 0: 0.514885
        Iteration 37: Error = 4.645578e-03
DEBUG: mu_n = -0.339981
DEBUG: Albedo flux for i = 1: 0.0329755
DEBUG: mu_n = -0.861136
DEBUG: Albedo flux for i = 0: 0.514915
        Iteration 38: Error = 4.292973e-03
DEBUG: mu_n = -0.339981
DEBUG: Albedo flux for i = 1: 0.0330431
DEBUG: mu_n = -0.861136
DEBUG: Albedo flux for i = 0: 0.514943
        Iteration 39: Error = 3.968452e-03
DEBUG: mu_n = -0.339981
DEBUG: Albedo flux for i = 1: 0.0331059
DEBUG: mu_n = -0.861136
DEBUG: Albedo flux for i = 0: 0.514969
        Iteration 40: Error = 3.669587e-03
DEBUG: mu_n = -0.339981
DEBUG: Albedo flux for i = 1: 0.0331641
DEBUG: mu_n = -0.861136
DEBUG: Albedo flux for i = 0: 0.514993
        Iteration 41: Error = 3.394190e-03
DEBUG: mu_n = -0.339981
DEBUG: Albedo flux for i = 1: 0.0332182
DEBUG: mu_n = -0.861136
DEBUG: Albedo flux for i = 0: 0.515015
        Iteration 42: Error = 3.140279e-03
DEBUG: mu_n = -0.339981
DEBUG: Albedo flux for i = 1: 0.0332684
DEBUG: mu_n = -0.861136
DEBUG: Albedo flux for i = 0: 0.515036
        Iteration 43: Error = 2.906063e-03
DEBUG: mu_n = -0.339981
DEBUG: Albedo flux for i = 1: 0.033315
DEBUG: mu_n = -0.861136
DEBUG: Albedo flux for i = 0: 0.515055
        Iteration 44: Error = 2.689912e-03
DEBUG: mu_n = -0.339981
DEBUG: Albedo flux for i = 1: 0.0333582
DEBUG: mu_n = -0.861136
DEBUG: Albedo flux for i = 0: 0.515073
        Iteration 45: Error = 2.490350e-03
DEBUG: mu_n = -0.339981
DEBUG: Albedo flux for i = 1: 0.0333983
DEBUG: mu_n = -0.861136
DEBUG: Albedo flux for i = 0: 0.51509
        Iteration 46: Error = 2.306030e-03
DEBUG: mu_n = -0.339981
DEBUG: Albedo flux for i = 1: 0.0334356
DEBUG: mu_n = -0.861136
DEBUG: Albedo flux for i = 0: 0.515105
        Iteration 47: Error = 2.135727e-03
DEBUG: mu_n = -0.339981
DEBUG: Albedo flux for i = 1: 0.0334701
DEBUG: mu_n = -0.861136
DEBUG: Albedo flux for i = 0: 0.515119
        Iteration 48: Error = 1.978321e-03
DEBUG: mu_n = -0.339981
DEBUG: Albedo flux for i = 1: 0.0335022
DEBUG: mu_n = -0.861136
DEBUG: Albedo flux for i = 0: 0.515132
        Iteration 49: Error = 1.832791e-03
DEBUG: mu_n = -0.339981
DEBUG: Albedo flux for i = 1: 0.033532
DEBUG: mu_n = -0.861136
DEBUG: Albedo flux for i = 0: 0.515145
        Iteration 50: Error = 1.698202e-03
DEBUG: mu_n = -0.339981
DEBUG: Albedo flux for i = 1: 0.0335597
DEBUG: mu_n = -0.861136
DEBUG: Albedo flux for i = 0: 0.515156
        Iteration 51: Error = 1.573698e-03
DEBUG: mu_n = -0.339981
DEBUG: Albedo flux for i = 1: 0.0335853
DEBUG: mu_n = -0.861136
DEBUG: Albedo flux for i = 0: 0.515167
        Iteration 52: Error = 1.458495e-03
DEBUG: mu_n = -0.339981
DEBUG: Albedo flux for i = 1: 0.0336091
DEBUG: mu_n = -0.861136
DEBUG: Albedo flux for i = 0: 0.515176
        Iteration 53: Error = 1.351873e-03
DEBUG: mu_n = -0.339981
DEBUG: Albedo flux for i = 1: 0.0336312
DEBUG: mu_n = -0.861136
DEBUG: Albedo flux for i = 0: 0.515186
        Iteration 54: Error = 1.253174e-03
DEBUG: mu_n = -0.339981
DEBUG: Albedo flux for i = 1: 0.0336518
DEBUG: mu_n = -0.861136
DEBUG: Albedo flux for i = 0: 0.515194
        Iteration 55: Error = 1.161790e-03
DEBUG: mu_n = -0.339981
DEBUG: Albedo flux for i = 1: 0.0336708
DEBUG: mu_n = -0.861136
DEBUG: Albedo flux for i = 0: 0.515202
        Iteration 56: Error = 1.077164e-03
DEBUG: mu_n = -0.339981
DEBUG: Albedo flux for i = 1: 0.0336885
DEBUG: mu_n = -0.861136
DEBUG: Albedo flux for i = 0: 0.515209
        Iteration 57: Error = 9.987833e-04
DEBUG: mu_n = -0.339981
DEBUG: Albedo flux for i = 1: 0.0337049
DEBUG: mu_n = -0.861136
DEBUG: Albedo flux for i = 0: 0.515216
        Iteration 58: Error = 9.261751e-04
DEBUG: mu_n = -0.339981
DEBUG: Albedo flux for i = 1: 0.0337201
DEBUG: mu_n = -0.861136
DEBUG: Albedo flux for i = 0: 0.515222
        Iteration 59: Error = 8.589048e-04
DEBUG: mu_n = -0.339981
DEBUG: Albedo flux for i = 1: 0.0337343
DEBUG: mu_n = -0.861136
DEBUG: Albedo flux for i = 0: 0.515228
        Iteration 60: Error = 7.965717e-04
DEBUG: mu_n = -0.339981
DEBUG: Albedo flux for i = 1: 0.0337474
DEBUG: mu_n = -0.861136
DEBUG: Albedo flux for i = 0: 0.515233
        Iteration 61: Error = 7.388063e-04
DEBUG: mu_n = -0.339981
DEBUG: Albedo flux for i = 1: 0.0337596
DEBUG: mu_n = -0.861136
DEBUG: Albedo flux for i = 0: 0.515238
        Iteration 62: Error = 6.852677e-04
DEBUG: mu_n = -0.339981
DEBUG: Albedo flux for i = 1: 0.0337709
DEBUG: mu_n = -0.861136
DEBUG: Albedo flux for i = 0: 0.515243
        Iteration 63: Error = 6.356414e-04
DEBUG: mu_n = -0.339981
DEBUG: Albedo flux for i = 1: 0.0337814
DEBUG: mu_n = -0.861136
DEBUG: Albedo flux for i = 0: 0.515247
        Iteration 64: Error = 5.896370e-04
DEBUG: mu_n = -0.339981
DEBUG: Albedo flux for i = 1: 0.0337911
DEBUG: mu_n = -0.861136
DEBUG: Albedo flux for i = 0: 0.515251
        Iteration 65: Error = 5.469862e-04
DEBUG: mu_n = -0.339981
DEBUG: Albedo flux for i = 1: 0.0338001
DEBUG: mu_n = -0.861136
DEBUG: Albedo flux for i = 0: 0.515255
        Iteration 66: Error = 5.074412e-04
DEBUG: mu_n = -0.339981
DEBUG: Albedo flux for i = 1: 0.0338085
DEBUG: mu_n = -0.861136
DEBUG: Albedo flux for i = 0: 0.515259
        Iteration 67: Error = 4.707730e-04
DEBUG: mu_n = -0.339981
DEBUG: Albedo flux for i = 1: 0.0338163
DEBUG: mu_n = -0.861136
DEBUG: Albedo flux for i = 0: 0.515262
        Iteration 68: Error = 4.367698e-04
DEBUG: mu_n = -0.339981
DEBUG: Albedo flux for i = 1: 0.0338235
DEBUG: mu_n = -0.861136
DEBUG: Albedo flux for i = 0: 0.515265
        Iteration 69: Error = 4.052357e-04
DEBUG: mu_n = -0.339981
DEBUG: Albedo flux for i = 1: 0.0338303
DEBUG: mu_n = -0.861136
DEBUG: Albedo flux for i = 0: 0.515267
        Iteration 70: Error = 3.759897e-04
DEBUG: mu_n = -0.339981
DEBUG: Albedo flux for i = 1: 0.0338365
DEBUG: mu_n = -0.861136
DEBUG: Albedo flux for i = 0: 0.51527
        Iteration 71: Error = 3.488642e-04
DEBUG: mu_n = -0.339981
DEBUG: Albedo flux for i = 1: 0.0338423
DEBUG: mu_n = -0.861136
DEBUG: Albedo flux for i = 0: 0.515272
        Iteration 72: Error = 3.237040e-04
DEBUG: mu_n = -0.339981
DEBUG: Albedo flux for i = 1: 0.0338476
DEBUG: mu_n = -0.861136
DEBUG: Albedo flux for i = 0: 0.515275
        Iteration 73: Error = 3.003657e-04
DEBUG: mu_n = -0.339981
DEBUG: Albedo flux for i = 1: 0.0338526
DEBUG: mu_n = -0.861136
DEBUG: Albedo flux for i = 0: 0.515277
        Iteration 74: Error = 2.787162e-04
DEBUG: mu_n = -0.339981
DEBUG: Albedo flux for i = 1: 0.0338572
DEBUG: mu_n = -0.861136
DEBUG: Albedo flux for i = 0: 0.515279
        Iteration 75: Error = 2.586325e-04
DEBUG: mu_n = -0.339981
DEBUG: Albedo flux for i = 1: 0.0338615
DEBUG: mu_n = -0.861136
DEBUG: Albedo flux for i = 0: 0.51528
        Iteration 76: Error = 2.400006e-04
DEBUG: mu_n = -0.339981
DEBUG: Albedo flux for i = 1: 0.0338655
DEBUG: mu_n = -0.861136
DEBUG: Albedo flux for i = 0: 0.515282
        Iteration 77: Error = 2.227149e-04
DEBUG: mu_n = -0.339981
DEBUG: Albedo flux for i = 1: 0.0338692
DEBUG: mu_n = -0.861136
DEBUG: Albedo flux for i = 0: 0.515284
        Iteration 78: Error = 2.066776e-04
DEBUG: mu_n = -0.339981
DEBUG: Albedo flux for i = 1: 0.0338726
DEBUG: mu_n = -0.861136
DEBUG: Albedo flux for i = 0: 0.515285
        Iteration 79: Error = 1.917981e-04
DEBUG: mu_n = -0.339981
DEBUG: Albedo flux for i = 1: 0.0338758
DEBUG: mu_n = -0.861136
DEBUG: Albedo flux for i = 0: 0.515286
        Iteration 80: Error = 1.779923e-04
DEBUG: mu_n = -0.339981
DEBUG: Albedo flux for i = 1: 0.0338788
DEBUG: mu_n = -0.861136
DEBUG: Albedo flux for i = 0: 0.515287
        Iteration 81: Error = 1.651825e-04
DEBUG: mu_n = -0.339981
DEBUG: Albedo flux for i = 1: 0.0338815
DEBUG: mu_n = -0.861136
DEBUG: Albedo flux for i = 0: 0.515289
        Iteration 82: Error = 1.532964e-04
DEBUG: mu_n = -0.339981
DEBUG: Albedo flux for i = 1: 0.0338841
DEBUG: mu_n = -0.861136
DEBUG: Albedo flux for i = 0: 0.51529
        Iteration 83: Error = 1.422673e-04
DEBUG: mu_n = -0.339981
DEBUG: Albedo flux for i = 1: 0.0338864
DEBUG: mu_n = -0.861136
DEBUG: Albedo flux for i = 0: 0.515291
        Iteration 84: Error = 1.320331e-04
DEBUG: mu_n = -0.339981
DEBUG: Albedo flux for i = 1: 0.0338886
DEBUG: mu_n = -0.861136
DEBUG: Albedo flux for i = 0: 0.515292
        Iteration 85: Error = 1.225363e-04
DEBUG: mu_n = -0.339981
DEBUG: Albedo flux for i = 1: 0.0338907
DEBUG: mu_n = -0.861136
DEBUG: Albedo flux for i = 0: 0.515292
        Iteration 86: Error = 1.137236e-04
DEBUG: mu_n = -0.339981
DEBUG: Albedo flux for i = 1: 0.0338926
DEBUG: mu_n = -0.861136
DEBUG: Albedo flux for i = 0: 0.515293
        Iteration 87: Error = 1.055456e-04
DEBUG: mu_n = -0.339981
DEBUG: Albedo flux for i = 1: 0.0338943
DEBUG: mu_n = -0.861136
DEBUG: Albedo flux for i = 0: 0.515294
        Iteration 88: Error = 9.795640e-05
DEBUG: mu_n = -0.339981
DEBUG: Albedo flux for i = 1: 0.0338959
DEBUG: mu_n = -0.861136
DEBUG: Albedo flux for i = 0: 0.515295
        Iteration 89: Error = 9.091361e-05
DEBUG: mu_n = -0.339981
DEBUG: Albedo flux for i = 1: 0.0338975
DEBUG: mu_n = -0.861136
DEBUG: Albedo flux for i = 0: 0.515295
        Iteration 90: Error = 8.437774e-05
DEBUG: mu_n = -0.339981
DEBUG: Albedo flux for i = 1: 0.0338989
DEBUG: mu_n = -0.861136
DEBUG: Albedo flux for i = 0: 0.515296
        Iteration 91: Error = 7.831223e-05
DEBUG: mu_n = -0.339981
DEBUG: Albedo flux for i = 1: 0.0339002
DEBUG: mu_n = -0.861136
DEBUG: Albedo flux for i = 0: 0.515296
        Iteration 92: Error = 7.268316e-05
DEBUG: mu_n = -0.339981
DEBUG: Albedo flux for i = 1: 0.0339014
DEBUG: mu_n = -0.861136
DEBUG: Albedo flux for i = 0: 0.515297
        Iteration 93: Error = 6.745908e-05
DEBUG: mu_n = -0.339981
DEBUG: Albedo flux for i = 1: 0.0339025
DEBUG: mu_n = -0.861136
DEBUG: Albedo flux for i = 0: 0.515297
        Iteration 94: Error = 6.261078e-05
DEBUG: mu_n = -0.339981
DEBUG: Albedo flux for i = 1: 0.0339035
DEBUG: mu_n = -0.861136
DEBUG: Albedo flux for i = 0: 0.515298
        Iteration 95: Error = 5.811121e-05
DEBUG: mu_n = -0.339981
DEBUG: Albedo flux for i = 1: 0.0339045
DEBUG: mu_n = -0.861136
DEBUG: Albedo flux for i = 0: 0.515298
        Iteration 96: Error = 5.393523e-05
DEBUG: mu_n = -0.339981
DEBUG: Albedo flux for i = 1: 0.0339054
DEBUG: mu_n = -0.861136
DEBUG: Albedo flux for i = 0: 0.515298
        Iteration 97: Error = 5.005955e-05
DEBUG: mu_n = -0.339981
DEBUG: Albedo flux for i = 1: 0.0339062
DEBUG: mu_n = -0.861136
DEBUG: Albedo flux for i = 0: 0.515299
        Iteration 98: Error = 4.646253e-05
DEBUG: mu_n = -0.339981
DEBUG: Albedo flux for i = 1: 0.033907
DEBUG: mu_n = -0.861136
DEBUG: Albedo flux for i = 0: 0.515299
        Iteration 99: Error = 4.312413e-05
DEBUG: mu_n = -0.339981
DEBUG: Albedo flux for i = 1: 0.0339077
DEBUG: mu_n = -0.861136
DEBUG: Albedo flux for i = 0: 0.515299
        Iteration 100: Error = 4.002573e-05
DEBUG: mu_n = -0.339981
DEBUG: Albedo flux for i = 1: 0.0339084
DEBUG: mu_n = -0.861136
DEBUG: Albedo flux for i = 0: 0.5153
        Iteration 101: Error = 3.715005e-05
DEBUG: mu_n = -0.339981
DEBUG: Albedo flux for i = 1: 0.033909
DEBUG: mu_n = -0.861136
DEBUG: Albedo flux for i = 0: 0.5153
        Iteration 102: Error = 3.448107e-05
DEBUG: mu_n = -0.339981
DEBUG: Albedo flux for i = 1: 0.0339096
DEBUG: mu_n = -0.861136
DEBUG: Albedo flux for i = 0: 0.5153
        Iteration 103: Error = 3.200392e-05
DEBUG: mu_n = -0.339981
DEBUG: Albedo flux for i = 1: 0.0339101
DEBUG: mu_n = -0.861136
DEBUG: Albedo flux for i = 0: 0.5153
        Iteration 104: Error = 2.970481e-05
DEBUG: mu_n = -0.339981
DEBUG: Albedo flux for i = 1: 0.0339106
DEBUG: mu_n = -0.861136
DEBUG: Albedo flux for i = 0: 0.515301
        Iteration 105: Error = 2.757092e-05
DEBUG: mu_n = -0.339981
DEBUG: Albedo flux for i = 1: 0.0339111
DEBUG: mu_n = -0.861136
DEBUG: Albedo flux for i = 0: 0.515301
        Iteration 106: Error = 2.559037e-05
DEBUG: mu_n = -0.339981
DEBUG: Albedo flux for i = 1: 0.0339115
DEBUG: mu_n = -0.861136
DEBUG: Albedo flux for i = 0: 0.515301
        Iteration 107: Error = 2.375214e-05
DEBUG: mu_n = -0.339981
DEBUG: Albedo flux for i = 1: 0.0339119
DEBUG: mu_n = -0.861136
DEBUG: Albedo flux for i = 0: 0.515301
        Iteration 108: Error = 2.204599e-05
DEBUG: mu_n = -0.339981
DEBUG: Albedo flux for i = 1: 0.0339122
DEBUG: mu_n = -0.861136
DEBUG: Albedo flux for i = 0: 0.515301
        Iteration 109: Error = 2.046243e-05
DEBUG: mu_n = -0.339981
DEBUG: Albedo flux for i = 1: 0.0339126
DEBUG: mu_n = -0.861136
DEBUG: Albedo flux for i = 0: 0.515301
        Iteration 110: Error = 1.899265e-05
DEBUG: mu_n = -0.339981
DEBUG: Albedo flux for i = 1: 0.0339129
DEBUG: mu_n = -0.861136
DEBUG: Albedo flux for i = 0: 0.515302
        Iteration 111: Error = 1.762847e-05
DEBUG: mu_n = -0.339981
DEBUG: Albedo flux for i = 1: 0.0339132
DEBUG: mu_n = -0.861136
DEBUG: Albedo flux for i = 0: 0.515302
        Iteration 112: Error = 1.636229e-05
DEBUG: mu_n = -0.339981
DEBUG: Albedo flux for i = 1: 0.0339135
DEBUG: mu_n = -0.861136
DEBUG: Albedo flux for i = 0: 0.515302
        Iteration 113: Error = 1.518707e-05
DEBUG: mu_n = -0.339981
DEBUG: Albedo flux for i = 1: 0.0339137
DEBUG: mu_n = -0.861136
DEBUG: Albedo flux for i = 0: 0.515302
        Iteration 114: Error = 1.409628e-05
DEBUG: mu_n = -0.339981
DEBUG: Albedo flux for i = 1: 0.033914
DEBUG: mu_n = -0.861136
DEBUG: Albedo flux for i = 0: 0.515302
        Iteration 115: Error = 1.308385e-05
DEBUG: mu_n = -0.339981
DEBUG: Albedo flux for i = 1: 0.0339142
DEBUG: mu_n = -0.861136
DEBUG: Albedo flux for i = 0: 0.515302
        Iteration 116: Error = 1.214414e-05
DEBUG: mu_n = -0.339981
DEBUG: Albedo flux for i = 1: 0.0339144
DEBUG: mu_n = -0.861136
DEBUG: Albedo flux for i = 0: 0.515302
        Iteration 117: Error = 1.127194e-05
DEBUG: mu_n = -0.339981
DEBUG: Albedo flux for i = 1: 0.0339146
DEBUG: mu_n = -0.861136
DEBUG: Albedo flux for i = 0: 0.515302
        Iteration 118: Error = 1.046239e-05
DEBUG: mu_n = -0.339981
DEBUG: Albedo flux for i = 1: 0.0339147
DEBUG: mu_n = -0.861136
DEBUG: Albedo flux for i = 0: 0.515302
        Iteration 119: Error = 9.710983e-06
DEBUG: mu_n = -0.339981
DEBUG: Albedo flux for i = 1: 0.0339149
DEBUG: mu_n = -0.861136
DEBUG: Albedo flux for i = 0: 0.515302
        Iteration 120: Error = 9.013552e-06
DEBUG: mu_n = -0.339981
DEBUG: Albedo flux for i = 1: 0.0339151
DEBUG: mu_n = -0.861136
DEBUG: Albedo flux for i = 0: 0.515302
        Iteration 121: Error = 8.366216e-06
DEBUG: mu_n = -0.339981
DEBUG: Albedo flux for i = 1: 0.0339152
DEBUG: mu_n = -0.861136
DEBUG: Albedo flux for i = 0: 0.515302
        Iteration 122: Error = 7.765374e-06
DEBUG: mu_n = -0.339981
DEBUG: Albedo flux for i = 1: 0.0339153
DEBUG: mu_n = -0.861136
DEBUG: Albedo flux for i = 0: 0.515303
        Iteration 123: Error = 7.207688e-06
DEBUG: mu_n = -0.339981
DEBUG: Albedo flux for i = 1: 0.0339154
DEBUG: mu_n = -0.861136
DEBUG: Albedo flux for i = 0: 0.515303
        Iteration 124: Error = 6.690057e-06
DEBUG: mu_n = -0.339981
DEBUG: Albedo flux for i = 1: 0.0339156
DEBUG: mu_n = -0.861136
DEBUG: Albedo flux for i = 0: 0.515303
        Iteration 125: Error = 6.209603e-06
DEBUG: mu_n = -0.339981
DEBUG: Albedo flux for i = 1: 0.0339157
DEBUG: mu_n = -0.861136
DEBUG: Albedo flux for i = 0: 0.515303
        Iteration 126: Error = 5.763656e-06
DEBUG: mu_n = -0.339981
DEBUG: Albedo flux for i = 1: 0.0339158
DEBUG: mu_n = -0.861136
DEBUG: Albedo flux for i = 0: 0.515303
        Iteration 127: Error = 5.349738e-06
DEBUG: mu_n = -0.339981
DEBUG: Albedo flux for i = 1: 0.0339158
DEBUG: mu_n = -0.861136
DEBUG: Albedo flux for i = 0: 0.515303
        Iteration 128: Error = 4.965547e-06
DEBUG: mu_n = -0.339981
DEBUG: Albedo flux for i = 1: 0.0339159
DEBUG: mu_n = -0.861136
DEBUG: Albedo flux for i = 0: 0.515303
        Iteration 129: Error = 4.608948e-06
DEBUG: mu_n = -0.339981
DEBUG: Albedo flux for i = 1: 0.033916
DEBUG: mu_n = -0.861136
DEBUG: Albedo flux for i = 0: 0.515303
        Iteration 130: Error = 4.277960e-06
DEBUG: mu_n = -0.339981
DEBUG: Albedo flux for i = 1: 0.0339161
DEBUG: mu_n = -0.861136
DEBUG: Albedo flux for i = 0: 0.515303
        Iteration 131: Error = 3.970743e-06
DEBUG: mu_n = -0.339981
DEBUG: Albedo flux for i = 1: 0.0339161
DEBUG: mu_n = -0.861136
DEBUG: Albedo flux for i = 0: 0.515303
        Iteration 132: Error = 3.685589e-06
DEBUG: mu_n = -0.339981
DEBUG: Albedo flux for i = 1: 0.0339162
DEBUG: mu_n = -0.861136
DEBUG: Albedo flux for i = 0: 0.515303
        Iteration 133: Error = 3.420915e-06
DEBUG: mu_n = -0.339981
DEBUG: Albedo flux for i = 1: 0.0339163
DEBUG: mu_n = -0.861136
DEBUG: Albedo flux for i = 0: 0.515303
        Iteration 134: Error = 3.175248e-06
DEBUG: mu_n = -0.339981
DEBUG: Albedo flux for i = 1: 0.0339163
DEBUG: mu_n = -0.861136
DEBUG: Albedo flux for i = 0: 0.515303
        Iteration 135: Error = 2.947224e-06
DEBUG: mu_n = -0.339981
DEBUG: Albedo flux for i = 1: 0.0339164
DEBUG: mu_n = -0.861136
DEBUG: Albedo flux for i = 0: 0.515303
        Iteration 136: Error = 2.735576e-06
DEBUG: mu_n = -0.339981
DEBUG: Albedo flux for i = 1: 0.0339164
DEBUG: mu_n = -0.861136
DEBUG: Albedo flux for i = 0: 0.515303
        Iteration 137: Error = 2.539127e-06
DEBUG: mu_n = -0.339981
DEBUG: Albedo flux for i = 1: 0.0339164
DEBUG: mu_n = -0.861136
DEBUG: Albedo flux for i = 0: 0.515303
        Iteration 138: Error = 2.356786e-06
DEBUG: mu_n = -0.339981
DEBUG: Albedo flux for i = 1: 0.0339165
DEBUG: mu_n = -0.861136
DEBUG: Albedo flux for i = 0: 0.515303
        Iteration 139: Error = 2.187540e-06
DEBUG: mu_n = -0.339981
DEBUG: Albedo flux for i = 1: 0.0339165
DEBUG: mu_n = -0.861136
DEBUG: Albedo flux for i = 0: 0.515303
        Iteration 140: Error = 2.030448e-06
DEBUG: mu_n = -0.339981
DEBUG: Albedo flux for i = 1: 0.0339166
DEBUG: mu_n = -0.861136
DEBUG: Albedo flux for i = 0: 0.515303
        Iteration 141: Error = 1.884638e-06
DEBUG: mu_n = -0.339981
DEBUG: Albedo flux for i = 1: 0.0339166
DEBUG: mu_n = -0.861136
DEBUG: Albedo flux for i = 0: 0.515303
        Iteration 142: Error = 1.749299e-06
DEBUG: mu_n = -0.339981
DEBUG: Albedo flux for i = 1: 0.0339166
DEBUG: mu_n = -0.861136
DEBUG: Albedo flux for i = 0: 0.515303
        Iteration 143: Error = 1.623678e-06
DEBUG: mu_n = -0.339981
DEBUG: Albedo flux for i = 1: 0.0339166
DEBUG: mu_n = -0.861136
DEBUG: Albedo flux for i = 0: 0.515303
        Iteration 144: Error = 1.507080e-06
DEBUG: mu_n = -0.339981
DEBUG: Albedo flux for i = 1: 0.0339167
DEBUG: mu_n = -0.861136
DEBUG: Albedo flux for i = 0: 0.515303
        Iteration 145: Error = 1.398854e-06
DEBUG: mu_n = -0.339981
DEBUG: Albedo flux for i = 1: 0.0339167
DEBUG: mu_n = -0.861136
DEBUG: Albedo flux for i = 0: 0.515303
        Iteration 146: Error = 1.298400e-06
DEBUG: mu_n = -0.339981
DEBUG: Albedo flux for i = 1: 0.0339167
DEBUG: mu_n = -0.861136
DEBUG: Albedo flux for i = 0: 0.515303
        Iteration 147: Error = 1.205161e-06
DEBUG: mu_n = -0.339981
DEBUG: Albedo flux for i = 1: 0.0339167
DEBUG: mu_n = -0.861136
DEBUG: Albedo flux for i = 0: 0.515303
        Iteration 148: Error = 1.118616e-06
DEBUG: mu_n = -0.339981
DEBUG: Albedo flux for i = 1: 0.0339168
DEBUG: mu_n = -0.861136
DEBUG: Albedo flux for i = 0: 0.515303
        Iteration 149: Error = 1.038287e-06
DEBUG: mu_n = -0.339981
DEBUG: Albedo flux for i = 1: 0.0339168
DEBUG: mu_n = -0.861136
DEBUG: Albedo flux for i = 0: 0.515303
        Iteration 150: Error = 9.637268e-07
    Completed processing 100 cells.
    Exporting scalar fluxes to CSV file...
    CSV export completed: 100_case5_albedo-1.0_out.csv


SN1 Code Completed Successfully.


