This is pdfTeX, Version 3.141592653-2.6-1.40.22 (TeX Live 2022/dev/Debian) (preloaded format=pdflatex 2024.11.11)  16 DEC 2024 16:38
entering extended mode
 \write18 enabled.
 file:line:error style messages enabled.
 %&-line parsing enabled.
**Pohlmann_NE515_finalReport.tex
(./Pohlmann_NE515_finalReport.tex
LaTeX2e <2021-11-15> patch level 1
L3 programming layer <2022-01-21> (./NE515.cls

LaTeX Warning: You have requested document class `NE515',
               but the document class provides `math_hw'.

Document Class: math_hw 2024/02/04 Custom Homework Class
(/usr/share/texlive/texmf-dist/tex/latex/base/article.cls
Document Class: article 2021/10/04 v1.4n Standard LaTeX document class
(/usr/share/texlive/texmf-dist/tex/latex/base/size12.clo
File: size12.clo 2021/10/04 v1.4n Standard LaTeX file (size option)
)
\c@part=\count185
\c@section=\count186
\c@subsection=\count187
\c@subsubsection=\count188
\c@paragraph=\count189
\c@subparagraph=\count190
\c@figure=\count191
\c@table=\count192
\abovecaptionskip=\skip47
\belowcaptionskip=\skip48
\bibindent=\dimen138
)
(/usr/share/texlive/texmf-dist/tex/latex/base/fontenc.sty
Package: fontenc 2021/04/29 v2.0v Standard LaTeX package
)
(/usr/share/texmf/tex/latex/tex-gyre/tgpagella.sty
Package: tgpagella 2009/09/27 v1.2 TeX Gyre Pagella as default roman family

(/usr/share/texlive/texmf-dist/tex/latex/kvoptions/kvoptions.sty
Package: kvoptions 2020-10-07 v3.14 Key value format for package options (HO)

(/usr/share/texlive/texmf-dist/tex/latex/graphics/keyval.sty
Package: keyval 2014/10/28 v1.15 key=value parser (DPC)
\KV@toks@=\toks16
)
(/usr/share/texlive/texmf-dist/tex/generic/ltxcmds/ltxcmds.sty
Package: ltxcmds 2020-05-10 v1.25 LaTeX kernel commands for general use (HO)
)
(/usr/share/texlive/texmf-dist/tex/generic/kvsetkeys/kvsetkeys.sty
Package: kvsetkeys 2019/12/15 v1.18 Key value parser (HO)
)))
(/usr/share/texlive/texmf-dist/tex/latex/mathtools/mathtools.sty
Package: mathtools 2021/02/02 v1.28 mathematical typesetting tools

(/usr/share/texlive/texmf-dist/tex/latex/tools/calc.sty
Package: calc 2017/05/25 v4.3 Infix arithmetic (KKT,FJ)
\calc@Acount=\count193
\calc@Bcount=\count194
\calc@Adimen=\dimen139
\calc@Bdimen=\dimen140
\calc@Askip=\skip49
\calc@Bskip=\skip50
LaTeX Info: Redefining \setlength on input line 80.
LaTeX Info: Redefining \addtolength on input line 81.
\calc@Ccount=\count195
\calc@Cskip=\skip51
)
(/usr/share/texlive/texmf-dist/tex/latex/mathtools/mhsetup.sty
Package: mhsetup 2021/03/18 v1.4 programming setup (MH)
)
(/usr/share/texlive/texmf-dist/tex/latex/amsmath/amsmath.sty
Package: amsmath 2021/10/15 v2.17l AMS math features
\@mathmargin=\skip52

For additional information on amsmath, use the `?' option.
(/usr/share/texlive/texmf-dist/tex/latex/amsmath/amstext.sty
Package: amstext 2021/08/26 v2.01 AMS text

(/usr/share/texlive/texmf-dist/tex/latex/amsmath/amsgen.sty
File: amsgen.sty 1999/11/30 v2.0 generic functions
\@emptytoks=\toks17
\ex@=\dimen141
))
(/usr/share/texlive/texmf-dist/tex/latex/amsmath/amsbsy.sty
Package: amsbsy 1999/11/29 v1.2d Bold Symbols
\pmbraise@=\dimen142
)
(/usr/share/texlive/texmf-dist/tex/latex/amsmath/amsopn.sty
Package: amsopn 2021/08/26 v2.02 operator names
)
\inf@bad=\count196
LaTeX Info: Redefining \frac on input line 234.
\uproot@=\count197
\leftroot@=\count198
LaTeX Info: Redefining \overline on input line 399.
\classnum@=\count199
\DOTSCASE@=\count266
LaTeX Info: Redefining \ldots on input line 496.
LaTeX Info: Redefining \dots on input line 499.
LaTeX Info: Redefining \cdots on input line 620.
\Mathstrutbox@=\box50
\strutbox@=\box51
\big@size=\dimen143
LaTeX Font Info:    Redeclaring font encoding OML on input line 743.
LaTeX Font Info:    Redeclaring font encoding OMS on input line 744.
\macc@depth=\count267
\c@MaxMatrixCols=\count268
\dotsspace@=\muskip16
\c@parentequation=\count269
\dspbrk@lvl=\count270
\tag@help=\toks18
\row@=\count271
\column@=\count272
\maxfields@=\count273
\andhelp@=\toks19
\eqnshift@=\dimen144
\alignsep@=\dimen145
\tagshift@=\dimen146
\tagwidth@=\dimen147
\totwidth@=\dimen148
\lineht@=\dimen149
\@envbody=\toks20
\multlinegap=\skip53
\multlinetaggap=\skip54
\mathdisplay@stack=\toks21
LaTeX Info: Redefining \[ on input line 2938.
LaTeX Info: Redefining \] on input line 2939.
)
\g_MT_multlinerow_int=\count274
\l_MT_multwidth_dim=\dimen150
\origjot=\skip55
\l_MT_shortvdotswithinadjustabove_dim=\dimen151
\l_MT_shortvdotswithinadjustbelow_dim=\dimen152
\l_MT_above_intertext_sep=\dimen153
\l_MT_below_intertext_sep=\dimen154
\l_MT_above_shortintertext_sep=\dimen155
\l_MT_below_shortintertext_sep=\dimen156
\xmathstrut@box=\box52
\xmathstrut@dim=\dimen157
)
(/usr/share/texlive/texmf-dist/tex/latex/geometry/geometry.sty
Package: geometry 2020/01/02 v5.9 Page Geometry

(/usr/share/texlive/texmf-dist/tex/generic/iftex/ifvtex.sty
Package: ifvtex 2019/10/25 v1.7 ifvtex legacy package. Use iftex instead.

(/usr/share/texlive/texmf-dist/tex/generic/iftex/iftex.sty
Package: iftex 2020/03/06 v1.0d TeX engine tests
))
\Gm@cnth=\count275
\Gm@cntv=\count276
\c@Gm@tempcnt=\count277
\Gm@bindingoffset=\dimen158
\Gm@wd@mp=\dimen159
\Gm@odd@mp=\dimen160
\Gm@even@mp=\dimen161
\Gm@layoutwidth=\dimen162
\Gm@layoutheight=\dimen163
\Gm@layouthoffset=\dimen164
\Gm@layoutvoffset=\dimen165
\Gm@dimlist=\toks22
)
(/usr/share/texlive/texmf-dist/tex/latex/microtype/microtype.sty
Package: microtype 2021/12/10 v3.0b Micro-typographical refinements (RS)

(/usr/share/texlive/texmf-dist/tex/latex/etoolbox/etoolbox.sty
Package: etoolbox 2020/10/05 v2.5k e-TeX tools for LaTeX (JAW)
\etb@tempcnta=\count278
)
\MT@toks=\toks23
\MT@count=\count279
\MT@tempbox=\box53
LaTeX Info: Redefining \leftprotrusion on input line 1010.
LaTeX Info: Redefining \rightprotrusion on input line 1018.
LaTeX Info: Redefining \textls on input line 1173.
\MT@outer@kern=\dimen166
LaTeX Info: Redefining \textmicrotypecontext on input line 1759.
\MT@listname@count=\count280

(/usr/share/texlive/texmf-dist/tex/latex/microtype/microtype-pdftex.def
File: microtype-pdftex.def 2021/12/10 v3.0b Definitions specific to pdftex (RS)

LaTeX Info: Redefining \lsstyle on input line 897.
LaTeX Info: Redefining \lslig on input line 897.
\MT@outer@space=\skip56
)
Package microtype Info: Loading configuration file microtype.cfg.

(/usr/share/texlive/texmf-dist/tex/latex/microtype/microtype.cfg
File: microtype.cfg 2021/12/10 v3.0b microtype main configuration file (RS)
))
(/usr/share/texlive/texmf-dist/tex/latex/titlesec/titlesec.sty
Package: titlesec 2021/07/05 v2.14 Sectioning titles
\ttl@box=\box54
\beforetitleunit=\skip57
\aftertitleunit=\skip58
\ttl@plus=\dimen167
\ttl@minus=\dimen168
\ttl@toksa=\toks24
\titlewidth=\dimen169
\titlewidthlast=\dimen170
\titlewidthfirst=\dimen171
)
(/usr/share/texlive/texmf-dist/tex/latex/amsfonts/amsfonts.sty
Package: amsfonts 2013/01/14 v3.01 Basic AMSFonts support
\symAMSa=\mathgroup4
\symAMSb=\mathgroup5
LaTeX Font Info:    Redeclaring math symbol \hbar on input line 98.
LaTeX Font Info:    Overwriting math alphabet `\mathfrak' in version `bold'
(Font)                  U/euf/m/n --> U/euf/b/n on input line 106.
)
(/usr/share/texlive/texmf-dist/tex/latex/amsfonts/amssymb.sty
Package: amssymb 2013/01/14 v3.01 AMS font symbols
)
(/usr/share/texlive/texmf-dist/tex/latex/setspace/setspace.sty
Package: setspace 2011/12/19 v6.7a set line spacing
)
(/usr/share/texlive/texmf-dist/tex/latex/hyperref/hyperref.sty
Package: hyperref 2021-06-07 v7.00m Hypertext links for LaTeX

(/usr/share/texlive/texmf-dist/tex/generic/pdftexcmds/pdftexcmds.sty
Package: pdftexcmds 2020-06-27 v0.33 Utility functions of pdfTeX for LuaTeX (HO
)

(/usr/share/texlive/texmf-dist/tex/generic/infwarerr/infwarerr.sty
Package: infwarerr 2019/12/03 v1.5 Providing info/warning/error messages (HO)
)
Package pdftexcmds Info: \pdf@primitive is available.
Package pdftexcmds Info: \pdf@ifprimitive is available.
Package pdftexcmds Info: \pdfdraftmode found.
)
(/usr/share/texlive/texmf-dist/tex/generic/kvdefinekeys/kvdefinekeys.sty
Package: kvdefinekeys 2019-12-19 v1.6 Define keys (HO)
)
(/usr/share/texlive/texmf-dist/tex/generic/pdfescape/pdfescape.sty
Package: pdfescape 2019/12/09 v1.15 Implements pdfTeX's escape features (HO)
)
(/usr/share/texlive/texmf-dist/tex/latex/hycolor/hycolor.sty
Package: hycolor 2020-01-27 v1.10 Color options for hyperref/bookmark (HO)
)
(/usr/share/texlive/texmf-dist/tex/latex/letltxmacro/letltxmacro.sty
Package: letltxmacro 2019/12/03 v1.6 Let assignment for LaTeX macros (HO)
)
(/usr/share/texlive/texmf-dist/tex/latex/auxhook/auxhook.sty
Package: auxhook 2019-12-17 v1.6 Hooks for auxiliary files (HO)
)
\@linkdim=\dimen172
\Hy@linkcounter=\count281
\Hy@pagecounter=\count282

(/usr/share/texlive/texmf-dist/tex/latex/hyperref/pd1enc.def
File: pd1enc.def 2021-06-07 v7.00m Hyperref: PDFDocEncoding definition (HO)
Now handling font encoding PD1 ...
... no UTF-8 mapping file for font encoding PD1
)
(/usr/share/texlive/texmf-dist/tex/latex/hyperref/hyperref-langpatches.def
File: hyperref-langpatches.def 2021-06-07 v7.00m Hyperref: patches for babel la
nguages
)
(/usr/share/texlive/texmf-dist/tex/generic/intcalc/intcalc.sty
Package: intcalc 2019/12/15 v1.3 Expandable calculations with integers (HO)
)
(/usr/share/texlive/texmf-dist/tex/generic/etexcmds/etexcmds.sty
Package: etexcmds 2019/12/15 v1.7 Avoid name clashes with e-TeX commands (HO)
)
\Hy@SavedSpaceFactor=\count283

(/usr/share/texlive/texmf-dist/tex/latex/hyperref/puenc.def
File: puenc.def 2021-06-07 v7.00m Hyperref: PDF Unicode definition (HO)
Now handling font encoding PU ...
... no UTF-8 mapping file for font encoding PU
)
Package hyperref Info: Hyper figures OFF on input line 4192.
Package hyperref Info: Link nesting OFF on input line 4197.
Package hyperref Info: Hyper index ON on input line 4200.
Package hyperref Info: Plain pages OFF on input line 4207.
Package hyperref Info: Backreferencing OFF on input line 4212.
Package hyperref Info: Implicit mode ON; LaTeX internals redefined.
Package hyperref Info: Bookmarks ON on input line 4445.
\c@Hy@tempcnt=\count284

(/usr/share/texlive/texmf-dist/tex/latex/url/url.sty
\Urlmuskip=\muskip17
Package: url 2013/09/16  ver 3.4  Verb mode for urls, etc.
)
LaTeX Info: Redefining \url on input line 4804.
\XeTeXLinkMargin=\dimen173

(/usr/share/texlive/texmf-dist/tex/generic/bitset/bitset.sty
Package: bitset 2019/12/09 v1.3 Handle bit-vector datatype (HO)

(/usr/share/texlive/texmf-dist/tex/generic/bigintcalc/bigintcalc.sty
Package: bigintcalc 2019/12/15 v1.5 Expandable calculations on big integers (HO
)
))
\Fld@menulength=\count285
\Field@Width=\dimen174
\Fld@charsize=\dimen175
Package hyperref Info: Hyper figures OFF on input line 6076.
Package hyperref Info: Link nesting OFF on input line 6081.
Package hyperref Info: Hyper index ON on input line 6084.
Package hyperref Info: backreferencing OFF on input line 6091.
Package hyperref Info: Link coloring OFF on input line 6096.
Package hyperref Info: Link coloring with OCG OFF on input line 6101.
Package hyperref Info: PDF/A mode OFF on input line 6106.
LaTeX Info: Redefining \ref on input line 6146.
LaTeX Info: Redefining \pageref on input line 6150.

(/usr/share/texlive/texmf-dist/tex/latex/base/atbegshi-ltx.sty
Package: atbegshi-ltx 2021/01/10 v1.0c Emulation of the original atbegshi
package with kernel methods
)
\Hy@abspage=\count286
\c@Item=\count287
\c@Hfootnote=\count288
)
Package hyperref Info: Driver (autodetected): hpdftex.

(/usr/share/texlive/texmf-dist/tex/latex/hyperref/hpdftex.def
File: hpdftex.def 2021-06-07 v7.00m Hyperref driver for pdfTeX

(/usr/share/texlive/texmf-dist/tex/latex/base/atveryend-ltx.sty
Package: atveryend-ltx 2020/08/19 v1.0a Emulation of the original atveryend pac
kage
with kernel methods
)
\Fld@listcount=\count289
\c@bookmark@seq@number=\count290

(/usr/share/texlive/texmf-dist/tex/latex/rerunfilecheck/rerunfilecheck.sty
Package: rerunfilecheck 2019/12/05 v1.9 Rerun checks for auxiliary files (HO)

(/usr/share/texlive/texmf-dist/tex/generic/uniquecounter/uniquecounter.sty
Package: uniquecounter 2019/12/15 v1.4 Provide unlimited unique counter (HO)
)
Package uniquecounter Info: New unique counter `rerunfilecheck' on input line 2
86.
)
\Hy@SectionHShift=\skip59
)
(/usr/share/texlive/texmf-dist/tex/latex/fancyhdr/fancyhdr.sty
Package: fancyhdr 2021/01/28 v4.0.1 Extensive control of page headers and foote
rs
\f@nch@headwidth=\skip60
\f@nch@O@elh=\skip61
\f@nch@O@erh=\skip62
\f@nch@O@olh=\skip63
\f@nch@O@orh=\skip64
\f@nch@O@elf=\skip65
\f@nch@O@erf=\skip66
\f@nch@O@olf=\skip67
\f@nch@O@orf=\skip68
)
(/usr/share/texlive/texmf-dist/tex/latex/graphics/graphicx.sty
Package: graphicx 2021/09/16 v1.2d Enhanced LaTeX Graphics (DPC,SPQR)

(/usr/share/texlive/texmf-dist/tex/latex/graphics/graphics.sty
Package: graphics 2021/03/04 v1.4d Standard LaTeX Graphics (DPC,SPQR)

(/usr/share/texlive/texmf-dist/tex/latex/graphics/trig.sty
Package: trig 2021/08/11 v1.11 sin cos tan (DPC)
)
(/usr/share/texlive/texmf-dist/tex/latex/graphics-cfg/graphics.cfg
File: graphics.cfg 2016/06/04 v1.11 sample graphics configuration
)
Package graphics Info: Driver file: pdftex.def on input line 107.

(/usr/share/texlive/texmf-dist/tex/latex/graphics-def/pdftex.def
File: pdftex.def 2020/10/05 v1.2a Graphics/color driver for pdftex
))
\Gin@req@height=\dimen176
\Gin@req@width=\dimen177
)
(/usr/share/texlive/texmf-dist/tex/latex/float/float.sty
Package: float 2001/11/08 v1.3d Float enhancements (AL)
\c@float@type=\count291
\float@exts=\toks25
\float@box=\box55
\@float@everytoks=\toks26
\@floatcapt=\box56
)
(/usr/share/texlive/texmf-dist/tex/latex/xcolor/xcolor.sty
Package: xcolor 2021/10/31 v2.13 LaTeX color extensions (UK)

(/usr/share/texlive/texmf-dist/tex/latex/graphics-cfg/color.cfg
File: color.cfg 2016/01/02 v1.6 sample color configuration
)
Package xcolor Info: Driver file: pdftex.def on input line 227.
Package xcolor Info: Model `cmy' substituted by `cmy0' on input line 1352.
Package xcolor Info: Model `hsb' substituted by `rgb' on input line 1356.
Package xcolor Info: Model `RGB' extended on input line 1368.
Package xcolor Info: Model `HTML' substituted by `rgb' on input line 1370.
Package xcolor Info: Model `Hsb' substituted by `hsb' on input line 1371.
Package xcolor Info: Model `tHsb' substituted by `hsb' on input line 1372.
Package xcolor Info: Model `HSB' substituted by `hsb' on input line 1373.
Package xcolor Info: Model `Gray' substituted by `gray' on input line 1374.
Package xcolor Info: Model `wave' substituted by `hsb' on input line 1375.
)
(/usr/share/texlive/texmf-dist/tex/latex/apptools/apptools.sty
Package: apptools 2012/11/28 v1.0 Tools for customizing appendices
)
(/usr/share/texlive/texmf-dist/tex/latex/minted/minted.sty
Package: minted 2021/12/24 v2.6 Yet another Pygments shim for LaTeX

(/usr/share/texlive/texmf-dist/tex/latex/fvextra/fvextra.sty
Package: fvextra 2019/02/04 v1.4 fvextra - extensions and patches for fancyvrb

(/usr/share/texlive/texmf-dist/tex/latex/base/ifthen.sty
Package: ifthen 2020/11/24 v1.1c Standard LaTeX ifthen package (DPC)
)
(/usr/share/texlive/texmf-dist/tex/latex/fancyvrb/fancyvrb.sty
Package: fancyvrb 2021/12/21 4.1b verbatim text (tvz,hv)
\FV@CodeLineNo=\count292
\FV@InFile=\read2
\FV@TabBox=\box57
\c@FancyVerbLine=\count293
\FV@StepNumber=\count294
\FV@OutFile=\write3
)
(/usr/share/texlive/texmf-dist/tex/latex/upquote/upquote.sty
Package: upquote 2012/04/19 v1.3 upright-quote and grave-accent glyphs in verba
tim

(/usr/share/texlive/texmf-dist/tex/latex/base/textcomp.sty
Package: textcomp 2020/02/02 v2.0n Standard LaTeX package
))
(/usr/share/texlive/texmf-dist/tex/latex/lineno/lineno.sty
Package: lineno 2005/11/02 line numbers on paragraphs v4.41
\linenopenalty=\count295
\output=\toks27
\linenoprevgraf=\count296
\linenumbersep=\dimen178
\linenumberwidth=\dimen179
\c@linenumber=\count297
\c@pagewiselinenumber=\count298
\c@LN@truepage=\count299
\c@internallinenumber=\count300
\c@internallinenumbers=\count301
\quotelinenumbersep=\dimen180
\bframerule=\dimen181
\bframesep=\dimen182
\bframebox=\box58
LaTeX Info: Redefining \\ on input line 3056.
)
\c@FV@TrueTabGroupLevel=\count302
\c@FV@TrueTabCounter=\count303
\FV@TabBox@Group=\box59
\FV@TmpLength=\skip69
\c@FV@HighlightLinesStart=\count304
\c@FV@HighlightLinesStop=\count305
\FV@LoopCount=\count306
\FV@NCharsBox=\box60
\FV@BreakIndent=\dimen183
\FV@BreakIndentNChars=\count307
\FV@BreakSymbolSepLeft=\dimen184
\FV@BreakSymbolSepLeftNChars=\count308
\FV@BreakSymbolSepRight=\dimen185
\FV@BreakSymbolSepRightNChars=\count309
\FV@BreakSymbolIndentLeft=\dimen186
\FV@BreakSymbolIndentLeftNChars=\count310
\FV@BreakSymbolIndentRight=\dimen187
\FV@BreakSymbolIndentRightNChars=\count311
\c@FancyVerbLineBreakLast=\count312
\FV@LineBox=\box61
\FV@LineIndentBox=\box62
\FV@LineWidth=\dimen188
)
(/usr/share/texlive/texmf-dist/tex/latex/tools/shellesc.sty
Package: shellesc 2019/11/08 v1.0c unified shell escape interface for LaTeX
Package shellesc Info: Unrestricted shell escape enabled on input line 75.
)
(/usr/share/texlive/texmf-dist/tex/latex/ifplatform/ifplatform.sty
Package: ifplatform 2017/10/13 v0.4a Testing for the operating system

(/usr/share/texlive/texmf-dist/tex/generic/catchfile/catchfile.sty
Package: catchfile 2019/12/09 v1.8 Catch the contents of a file (HO)
)
(/usr/share/texlive/texmf-dist/tex/generic/iftex/ifluatex.sty
Package: ifluatex 2019/10/25 v1.5 ifluatex legacy package. Use iftex instead.
)
runsystem(uname -s > "Pohlmann_NE515_finalReport.w18")...executed.


(./Pohlmann_NE515_finalReport.w18)
runsystem(rm -- "Pohlmann_NE515_finalReport.w18")...executed.

)
(/usr/share/texlive/texmf-dist/tex/generic/xstring/xstring.sty
(/usr/share/texlive/texmf-dist/tex/generic/xstring/xstring.tex
\integerpart=\count313
\decimalpart=\count314
)
Package: xstring 2021/07/21 v1.84 String manipulations (CT)
)
(/usr/share/texlive/texmf-dist/tex/latex/framed/framed.sty
Package: framed 2011/10/22 v 0.96: framed or shaded text with page breaks
\OuterFrameSep=\skip70
\fb@frw=\dimen189
\fb@frh=\dimen190
\FrameRule=\dimen191
\FrameSep=\dimen192
)
\minted@appexistsfile=\read3
\minted@bgbox=\box63
\minted@code=\write4
\c@minted@FancyVerbLineTemp=\count315
\c@minted@pygmentizecounter=\count316
\@float@every@listing=\toks28
\c@listing=\count317
)
runsystem(mkdir -p _minted-Pohlmann_NE515_finalReport)...executed.


(/usr/share/texlive/texmf-dist/tex/latex/preprint/authblk.sty
Package: authblk 2001/02/27 1.3 (PWD)
\affilsep=\skip71
\@affilsep=\skip72
\c@Maxaffil=\count318
\c@authors=\count319
\c@affil=\count320
)
(/usr/share/texlive/texmf-dist/tex/latex/units/units.sty
Package: units 1998/08/04 v0.9b Typesetting units

(/usr/share/texlive/texmf-dist/tex/latex/units/nicefrac.sty
Package: nicefrac 1998/08/04 v0.9b Nice fractions
\L@UnitsRaiseDisplaystyle=\skip73
\L@UnitsRaiseTextstyle=\skip74
\L@UnitsRaiseScriptstyle=\skip75
))
(/usr/share/texlive/texmf-dist/tex/latex/caption/caption.sty
Package: caption 2020/10/26 v3.5g Customizing captions (AR)

(/usr/share/texlive/texmf-dist/tex/latex/caption/caption3.sty
Package: caption3 2020/10/21 v2.2e caption3 kernel (AR)
\captionmargin=\dimen193
\captionmargin@=\dimen194
\captionwidth=\dimen195
\caption@tempdima=\dimen196
\caption@indent=\dimen197
\caption@parindent=\dimen198
\caption@hangindent=\dimen199
Package caption Info: Standard document class detected.
)
\c@caption@flags=\count321
\c@continuedfloat=\count322
Package caption Info: float package is loaded.
Package caption Info: hyperref package is loaded.
)
(/usr/share/texlive/texmf-dist/tex/latex/cleveref/cleveref.sty
Package: cleveref 2018/03/27 v0.21.4 Intelligent cross-referencing
Package cleveref Info: `hyperref' support loaded on input line 2370.
LaTeX Info: Redefining \cref on input line 2370.
LaTeX Info: Redefining \Cref on input line 2370.
LaTeX Info: Redefining \crefrange on input line 2370.
LaTeX Info: Redefining \Crefrange on input line 2370.
LaTeX Info: Redefining \cpageref on input line 2370.
LaTeX Info: Redefining \Cpageref on input line 2370.
LaTeX Info: Redefining \cpagerefrange on input line 2370.
LaTeX Info: Redefining \Cpagerefrange on input line 2370.
LaTeX Info: Redefining \labelcref on input line 2370.
LaTeX Info: Redefining \labelcpageref on input line 2370.
Package cleveref Info: always capitalise cross-reference names on input line 78
30.
Package cleveref Info: no abbreviation of names on input line 7852.
Package cleveref Info: always capitalise cross-reference names on input line 78
52.
)
(/usr/share/texlive/texmf-dist/tex/latex/amscls/amsthm.sty
Package: amsthm 2020/05/29 v2.20.6
\thm@style=\toks29
\thm@bodyfont=\toks30
\thm@headfont=\toks31
\thm@notefont=\toks32
\thm@headpunct=\toks33
\thm@preskip=\skip76
\thm@postskip=\skip77
\thm@headsep=\skip78
\dth@everypar=\toks34
)
(/usr/share/texlive/texmf-dist/tex/latex/tools/bm.sty
Package: bm 2021/04/25 v1.2e Bold Symbol Support (DPC/FMi)
\symboldoperators=\mathgroup6
\symboldletters=\mathgroup7
\symboldsymbols=\mathgroup8
Package bm Info: No bold for \OMX/cmex/m/n, using \pmb.
Package bm Info: No bold for \U/msa/m/n, using \pmb.
Package bm Info: No bold for \U/msb/m/n, using \pmb.
LaTeX Font Info:    Redeclaring math alphabet \mathbf on input line 149.
)
(/usr/share/texlive/texmf-dist/tex/latex/caption/subcaption.sty
Package: subcaption 2020/10/07 v1.3j Sub-captions (AR)
\c@subfigure=\count323
\c@subtable=\count324
)
Package hyperref Info: Option `colorlinks' set `true' on input line 48.
LaTeX Font Info:    Trying to load font information for T1+qpl on input line 60
.

(/usr/share/texmf/tex/latex/tex-gyre/t1qpl.fd
File: t1qpl.fd 2009/09/25 v1.2 font definition file for T1/qpl
))
(/usr/share/texlive/texmf-dist/tex/latex/physics/physics.sty
Package: physics 

(/usr/share/texlive/texmf-dist/tex/latex/l3packages/xparse/xparse.sty
(/usr/share/texlive/texmf-dist/tex/latex/l3kernel/expl3.sty
Package: expl3 2022-01-21 L3 programming layer (loader) 

(/usr/share/texlive/texmf-dist/tex/latex/l3backend/l3backend-pdftex.def
File: l3backend-pdftex.def 2022-01-12 L3 backend support: PDF output (pdfTeX)
\l__color_backend_stack_int=\count325
\l__pdf_internal_box=\box64
))
Package: xparse 2022-01-12 L3 Experimental document command parser
))
(/usr/share/texlive/texmf-dist/tex/latex/booktabs/booktabs.sty
Package: booktabs 2020/01/12 v1.61803398 Publication quality tables
\heavyrulewidth=\dimen256
\lightrulewidth=\dimen257
\cmidrulewidth=\dimen258
\belowrulesep=\dimen259
\belowbottomsep=\dimen260
\aboverulesep=\dimen261
\abovetopsep=\dimen262
\cmidrulesep=\dimen263
\cmidrulekern=\dimen264
\defaultaddspace=\dimen265
\@cmidla=\count326
\@cmidlb=\count327
\@aboverulesep=\dimen266
\@belowrulesep=\dimen267
\@thisruleclass=\count328
\@lastruleclass=\count329
\@thisrulewidth=\dimen268
)
\c@definition=\count330
runsystem(which pygmentize && touch Pohlmann_NE515_finalReport.aex)...executed.

runsystem(rm Pohlmann_NE515_finalReport.aex)...executed.


(/home/lipohlmann/Desktop/Previous Semesters/Fall 2024/NE_515/NE515_SNCodes/rep
ort/out/Pohlmann_NE515_finalReport.aux)
\openout1 = `Pohlmann_NE515_finalReport.aux'.

LaTeX Font Info:    Checking defaults for OML/cmm/m/it on input line 18.
LaTeX Font Info:    ... okay on input line 18.
LaTeX Font Info:    Checking defaults for OMS/cmsy/m/n on input line 18.
LaTeX Font Info:    ... okay on input line 18.
LaTeX Font Info:    Checking defaults for OT1/cmr/m/n on input line 18.
LaTeX Font Info:    ... okay on input line 18.
LaTeX Font Info:    Checking defaults for T1/cmr/m/n on input line 18.
LaTeX Font Info:    ... okay on input line 18.
LaTeX Font Info:    Checking defaults for TS1/cmr/m/n on input line 18.
LaTeX Font Info:    ... okay on input line 18.
LaTeX Font Info:    Checking defaults for OMX/cmex/m/n on input line 18.
LaTeX Font Info:    ... okay on input line 18.
LaTeX Font Info:    Checking defaults for U/cmr/m/n on input line 18.
LaTeX Font Info:    ... okay on input line 18.
LaTeX Font Info:    Checking defaults for PD1/pdf/m/n on input line 18.
LaTeX Font Info:    ... okay on input line 18.
LaTeX Font Info:    Checking defaults for PU/pdf/m/n on input line 18.
LaTeX Font Info:    ... okay on input line 18.

*geometry* driver: auto-detecting
*geometry* detected driver: pdftex
*geometry* verbose mode - [ preamble ] result:
* driver: pdftex
* paper: <default>
* layout: <same size as paper>
* layoutoffset:(h,v)=(0.0pt,0.0pt)
* modes: 
* h-part:(L,W,R)=(72.26999pt, 469.75502pt, 72.26999pt)
* v-part:(T,H,B)=(72.26999pt, 650.43001pt, 72.26999pt)
* \paperwidth=614.295pt
* \paperheight=794.96999pt
* \textwidth=469.75502pt
* \textheight=650.43001pt
* \oddsidemargin=0.0pt
* \evensidemargin=0.0pt
* \topmargin=-37.0pt
* \headheight=20.0pt
* \headsep=25.0pt
* \topskip=12.0pt
* \footskip=30.0pt
* \marginparwidth=44.0pt
* \marginparsep=10.0pt
* \columnsep=10.0pt
* \skip\footins=10.8pt plus 4.0pt minus 2.0pt
* \hoffset=0.0pt
* \voffset=0.0pt
* \mag=1000
* \@twocolumnfalse
* \@twosidefalse
* \@mparswitchfalse
* \@reversemarginfalse
* (1in=72.27pt=25.4mm, 1cm=28.453pt)

LaTeX Info: Redefining \microtypecontext on input line 18.
Package microtype Info: Applying patch `item' on input line 18.
Package microtype Info: Applying patch `toc' on input line 18.
Package microtype Info: Applying patch `eqnum' on input line 18.
Package microtype Info: Applying patch `footnote' on input line 18.
Package microtype Info: Generating PDF output.
Package microtype Info: Character protrusion enabled (level 2).
Package microtype Info: Using default protrusion set `alltext'.
Package microtype Info: Automatic font expansion enabled (level 2),
(microtype)             stretch: 20, shrink: 20, step: 1, non-selected.
Package microtype Info: Using default expansion set `alltext-nott'.
LaTeX Info: Redefining \showhyphens on input line 18.
Package microtype Info: No adjustment of tracking.
Package microtype Info: No adjustment of interword spacing.
Package microtype Info: No adjustment of character kerning.
(/usr/share/texlive/texmf-dist/tex/latex/microtype/mt-ppl.cfg
File: mt-ppl.cfg 2005/11/16 v1.6 microtype config. file: Palatino (RS)
)
Package hyperref Info: Link coloring ON on input line 18.

(/usr/share/texlive/texmf-dist/tex/latex/hyperref/nameref.sty
Package: nameref 2021-04-02 v2.47 Cross-referencing by name of section

(/usr/share/texlive/texmf-dist/tex/latex/refcount/refcount.sty
Package: refcount 2019/12/15 v3.6 Data extraction from label references (HO)
)
(/usr/share/texlive/texmf-dist/tex/generic/gettitlestring/gettitlestring.sty
Package: gettitlestring 2019/12/15 v1.6 Cleanup title references (HO)
)
\c@section@level=\count331
)
LaTeX Info: Redefining \ref on input line 18.
LaTeX Info: Redefining \pageref on input line 18.
LaTeX Info: Redefining \nameref on input line 18.

(/home/lipohlmann/Desktop/Previous Semesters/Fall 2024/NE_515/NE515_SNCodes/rep
ort/out/Pohlmann_NE515_finalReport.out)
(/home/lipohlmann/Desktop/Previous Semesters/Fall 2024/NE_515/NE515_SNCodes/rep
ort/out/Pohlmann_NE515_finalReport.out)
\@outlinefile=\write5
\openout5 = `Pohlmann_NE515_finalReport.out'.


(/usr/share/texlive/texmf-dist/tex/context/base/mkii/supp-pdf.mkii
[Loading MPS to PDF converter (version 2006.09.02).]
\scratchcounter=\count332
\scratchdimen=\dimen269
\scratchbox=\box65
\nofMPsegments=\count333
\nofMParguments=\count334
\everyMPshowfont=\toks35
\MPscratchCnt=\count335
\MPscratchDim=\dimen270
\MPnumerator=\count336
\makeMPintoPDFobject=\count337
\everyMPtoPDFconversion=\toks36
) (/usr/share/texlive/texmf-dist/tex/latex/epstopdf-pkg/epstopdf-base.sty
Package: epstopdf-base 2020-01-24 v2.11 Base part for package epstopdf
Package epstopdf-base Info: Redefining graphics rule for `.eps' on input line 4
85.

(/usr/share/texlive/texmf-dist/tex/latex/latexconfig/epstopdf-sys.cfg
File: epstopdf-sys.cfg 2010/07/13 v1.3 Configuration of (r)epstopdf for TeX Liv
e
))
Package caption Info: Begin \AtBeginDocument code.
Package caption Info: End \AtBeginDocument code.

(/usr/share/texlive/texmf-dist/tex/latex/microtype/mt-cmr.cfg
File: mt-cmr.cfg 2013/05/19 v2.2 microtype config. file: Computer Modern Roman 
(RS)
)
LaTeX Font Info:    Trying to load font information for U+msa on input line 19.


(/usr/share/texlive/texmf-dist/tex/latex/amsfonts/umsa.fd
File: umsa.fd 2013/01/14 v3.01 AMS symbols A
)
(/usr/share/texlive/texmf-dist/tex/latex/microtype/mt-msa.cfg
File: mt-msa.cfg 2006/02/04 v1.1 microtype config. file: AMS symbols (a) (RS)
)
LaTeX Font Info:    Trying to load font information for U+msb on input line 19.


(/usr/share/texlive/texmf-dist/tex/latex/amsfonts/umsb.fd
File: umsb.fd 2013/01/14 v3.01 AMS symbols B
)
(/usr/share/texlive/texmf-dist/tex/latex/microtype/mt-msb.cfg
File: mt-msb.cfg 2005/06/01 v1.0 microtype config. file: AMS symbols (b) (RS)
) [1

{/var/lib/texmf/fonts/map/pdftex/updmap/pdftex.map}]
(/home/lipohlmann/Desktop/Previous Semesters/Fall 2024/NE_515/NE515_SNCodes/rep
ort/out/Pohlmann_NE515_finalReport.toc)
\tf@toc=\write6
\openout6 = `Pohlmann_NE515_finalReport.toc'.


(/home/lipohlmann/Desktop/Previous Semesters/Fall 2024/NE_515/NE515_SNCodes/rep
ort/out/Pohlmann_NE515_finalReport.lof)
\tf@lof=\write7
\openout7 = `Pohlmann_NE515_finalReport.lof'.

pdfTeX warning (ext4): destination with the same identifier (name{page.1}) has 
been already used, duplicate ignored
<to be read again> 
                   \relax 
l.22     \clearpage
                    [1]
LaTeX Font Info:    Trying to load font information for T1+cmtt on input line 2
6.
 (/usr/share/texlive/texmf-dist/tex/latex/base/t1cmtt.fd
File: t1cmtt.fd 2019/12/16 v2.5j Standard LaTeX font definitions
)
Package microtype Info: Loading generic protrusion settings for font family
(microtype)             `cmtt' (encoding: T1).
(microtype)             For optimal results, create family-specific settings.
(microtype)             See the microtype manual for details.
 [2

] [3] [4] [5]
<../SN1_validation/plots/MMS_plot.png, id=168, 462.528pt x 346.896pt>
File: ../SN1_validation/plots/MMS_plot.png Graphic file (type png)
<use ../SN1_validation/plots/MMS_plot.png>
Package pdftex.def Info: ../SN1_validation/plots/MMS_plot.png  used on input li
ne 204.
(pdftex.def)             Requested size: 375.80544pt x 281.86818pt.
<../SN1_validation/plots/L2error_plot.png, id=170, 462.528pt x 346.896pt>
File: ../SN1_validation/plots/L2error_plot.png Graphic file (type png)
<use ../SN1_validation/plots/L2error_plot.png>
Package pdftex.def Info: ../SN1_validation/plots/L2error_plot.png  used on inpu
t line 211.
(pdftex.def)             Requested size: 375.80544pt x 281.86818pt.
 [6]

LaTeX Warning: Text page 7 contains only floats.

[7 <../SN1_validation/plots/MMS_plot.png> <../SN1_validation/plots/L2error_plot
.png>]
LaTeX Font Info:    Trying to load font information for TS1+qpl on input line 2
24.
 (/usr/share/texmf/tex/latex/tex-gyre/ts1qpl.fd
File: ts1qpl.fd 2009/09/25 v1.2 font definition file for TS1/qpl
) [8

]
<../SN_Cases/plots/10_case1_out_plot.png, id=192, 462.528pt x 346.896pt>
File: ../SN_Cases/plots/10_case1_out_plot.png Graphic file (type png)
<use ../SN_Cases/plots/10_case1_out_plot.png>
Package pdftex.def Info: ../SN_Cases/plots/10_case1_out_plot.png  used on input
 line 246.
(pdftex.def)             Requested size: 211.38832pt x 158.54192pt.
<../SN_Cases/plots/20_case1_out_plot.png, id=193, 462.528pt x 346.896pt>
File: ../SN_Cases/plots/20_case1_out_plot.png Graphic file (type png)
<use ../SN_Cases/plots/20_case1_out_plot.png>
Package pdftex.def Info: ../SN_Cases/plots/20_case1_out_plot.png  used on input
 line 252.
(pdftex.def)             Requested size: 211.38832pt x 158.54192pt.
<../SN_Cases/plots/50_case1_out_plot.png, id=194, 462.528pt x 346.896pt>
File: ../SN_Cases/plots/50_case1_out_plot.png Graphic file (type png)
<use ../SN_Cases/plots/50_case1_out_plot.png>
Package pdftex.def Info: ../SN_Cases/plots/50_case1_out_plot.png  used on input
 line 258.
(pdftex.def)             Requested size: 211.38832pt x 158.54192pt.
<../SN_Cases/plots/100_case1_out_plot.png, id=195, 462.528pt x 346.896pt>
File: ../SN_Cases/plots/100_case1_out_plot.png Graphic file (type png)
<use ../SN_Cases/plots/100_case1_out_plot.png>
Package pdftex.def Info: ../SN_Cases/plots/100_case1_out_plot.png  used on inpu
t line 264.
(pdftex.def)             Requested size: 211.38832pt x 158.54192pt.
<../SN_Cases/plots/10_case2_out_plot.png, id=196, 462.528pt x 346.896pt>
File: ../SN_Cases/plots/10_case2_out_plot.png Graphic file (type png)
<use ../SN_Cases/plots/10_case2_out_plot.png>
Package pdftex.def Info: ../SN_Cases/plots/10_case2_out_plot.png  used on input
 line 276.
(pdftex.def)             Requested size: 211.38832pt x 158.54192pt.
<../SN_Cases/plots/20_case2_out_plot.png, id=197, 462.528pt x 346.896pt>
File: ../SN_Cases/plots/20_case2_out_plot.png Graphic file (type png)
<use ../SN_Cases/plots/20_case2_out_plot.png>
Package pdftex.def Info: ../SN_Cases/plots/20_case2_out_plot.png  used on input
 line 282.
(pdftex.def)             Requested size: 211.38832pt x 158.54192pt.
<../SN_Cases/plots/50_case2_out_plot.png, id=198, 462.528pt x 346.896pt>
File: ../SN_Cases/plots/50_case2_out_plot.png Graphic file (type png)
<use ../SN_Cases/plots/50_case2_out_plot.png>
Package pdftex.def Info: ../SN_Cases/plots/50_case2_out_plot.png  used on input
 line 288.
(pdftex.def)             Requested size: 211.38832pt x 158.54192pt.
<../SN_Cases/plots/100_case2_out_plot.png, id=199, 462.528pt x 346.896pt>
File: ../SN_Cases/plots/100_case2_out_plot.png Graphic file (type png)
<use ../SN_Cases/plots/100_case2_out_plot.png>
Package pdftex.def Info: ../SN_Cases/plots/100_case2_out_plot.png  used on inpu
t line 294.
(pdftex.def)             Requested size: 211.38832pt x 158.54192pt.
 [9

 <../SN_Cases/plots/10_case1_out_plot.png> <../SN_Cases/plots/20_case1_out_plot
.png> <../SN_Cases/plots/50_case1_out_plot.png> <../SN_Cases/plots/100_case1_ou
t_plot.png>]
[10 <../SN_Cases/plots/10_case2_out_plot.png> <../SN_Cases/plots/20_case2_out_p
lot.png> <../SN_Cases/plots/50_case2_out_plot.png> <../SN_Cases/plots/100_case2
_out_plot.png>]
<../SN_Cases/plots/10_case3_step_out_plot.png, id=218, 462.528pt x 346.896pt>
File: ../SN_Cases/plots/10_case3_step_out_plot.png Graphic file (type png)
<use ../SN_Cases/plots/10_case3_step_out_plot.png>
Package pdftex.def Info: ../SN_Cases/plots/10_case3_step_out_plot.png  used on 
input line 318.
(pdftex.def)             Requested size: 211.38832pt x 158.54192pt.
<../SN_Cases/plots/20_case3_step_out_plot.png, id=219, 462.528pt x 346.896pt>
File: ../SN_Cases/plots/20_case3_step_out_plot.png Graphic file (type png)
<use ../SN_Cases/plots/20_case3_step_out_plot.png>
Package pdftex.def Info: ../SN_Cases/plots/20_case3_step_out_plot.png  used on 
input line 324.
(pdftex.def)             Requested size: 211.38832pt x 158.54192pt.
<../SN_Cases/plots/50_case3_step_out_plot.png, id=220, 462.528pt x 346.896pt>
File: ../SN_Cases/plots/50_case3_step_out_plot.png Graphic file (type png)
<use ../SN_Cases/plots/50_case3_step_out_plot.png>
Package pdftex.def Info: ../SN_Cases/plots/50_case3_step_out_plot.png  used on 
input line 330.
(pdftex.def)             Requested size: 211.38832pt x 158.54192pt.
<../SN_Cases/plots/100_case3_step_out_plot.png, id=221, 462.528pt x 346.896pt>
File: ../SN_Cases/plots/100_case3_step_out_plot.png Graphic file (type png)
<use ../SN_Cases/plots/100_case3_step_out_plot.png>
Package pdftex.def Info: ../SN_Cases/plots/100_case3_step_out_plot.png  used on
 input line 336.
(pdftex.def)             Requested size: 211.38832pt x 158.54192pt.
<../SN_Cases/plots/10_case3_diamond_out_plot.png, id=222, 462.528pt x 346.896pt
>
File: ../SN_Cases/plots/10_case3_diamond_out_plot.png Graphic file (type png)
<use ../SN_Cases/plots/10_case3_diamond_out_plot.png>
Package pdftex.def Info: ../SN_Cases/plots/10_case3_diamond_out_plot.png  used 
on input line 349.
(pdftex.def)             Requested size: 211.38832pt x 158.54192pt.
<../SN_Cases/plots/20_case3_diamond_out_plot.png, id=223, 462.528pt x 346.896pt
>
File: ../SN_Cases/plots/20_case3_diamond_out_plot.png Graphic file (type png)
<use ../SN_Cases/plots/20_case3_diamond_out_plot.png>
Package pdftex.def Info: ../SN_Cases/plots/20_case3_diamond_out_plot.png  used 
on input line 355.
(pdftex.def)             Requested size: 211.38832pt x 158.54192pt.
<../SN_Cases/plots/50_case3_diamond_out_plot.png, id=224, 462.528pt x 346.896pt
>
File: ../SN_Cases/plots/50_case3_diamond_out_plot.png Graphic file (type png)
<use ../SN_Cases/plots/50_case3_diamond_out_plot.png>
Package pdftex.def Info: ../SN_Cases/plots/50_case3_diamond_out_plot.png  used 
on input line 361.
(pdftex.def)             Requested size: 211.38832pt x 158.54192pt.
<../SN_Cases/plots/100_case3_diamond_out_plot.png, id=225, 462.528pt x 346.896p
t>
File: ../SN_Cases/plots/100_case3_diamond_out_plot.png Graphic file (type png)
<use ../SN_Cases/plots/100_case3_diamond_out_plot.png>
Package pdftex.def Info: ../SN_Cases/plots/100_case3_diamond_out_plot.png  used
 on input line 367.
(pdftex.def)             Requested size: 211.38832pt x 158.54192pt.
 [11

 <../SN_Cases/plots/10_case3_step_out_plot.png> <../SN_Cases/plots/20_case3_ste
p_out_plot.png> <../SN_Cases/plots/50_case3_step_out_plot.png> <../SN_Cases/plo
ts/100_case3_step_out_plot.png>] [12 <../SN_Cases/plots/10_case3_diamond_out_pl
ot.png> <../SN_Cases/plots/20_case3_diamond_out_plot.png> <../SN_Cases/plots/50
_case3_diamond_out_plot.png> <../SN_Cases/plots/100_case3_diamond_out_plot.png>
]
<../SN_Cases/plots/100_case4_out_plot.png, id=243, 462.528pt x 346.896pt>
File: ../SN_Cases/plots/100_case4_out_plot.png Graphic file (type png)
<use ../SN_Cases/plots/100_case4_out_plot.png>
Package pdftex.def Info: ../SN_Cases/plots/100_case4_out_plot.png  used on inpu
t line 389.
(pdftex.def)             Requested size: 375.80544pt x 281.86818pt.
 [13

 <../SN_Cases/plots/100_case4_out_plot.png>]
<../SN_Cases/plots/20_case5_albedo-0.5_out_plot.png, id=249, 462.528pt x 346.89
6pt>
File: ../SN_Cases/plots/20_case5_albedo-0.5_out_plot.png Graphic file (type png
)
<use ../SN_Cases/plots/20_case5_albedo-0.5_out_plot.png>
Package pdftex.def Info: ../SN_Cases/plots/20_case5_albedo-0.5_out_plot.png  us
ed on input line 409.
(pdftex.def)             Requested size: 211.38832pt x 158.54192pt.
<../SN_Cases/plots/20_case5_albedo-1.0_out_plot.png, id=250, 462.528pt x 346.89
6pt>
File: ../SN_Cases/plots/20_case5_albedo-1.0_out_plot.png Graphic file (type png
)
<use ../SN_Cases/plots/20_case5_albedo-1.0_out_plot.png>
Package pdftex.def Info: ../SN_Cases/plots/20_case5_albedo-1.0_out_plot.png  us
ed on input line 415.
(pdftex.def)             Requested size: 211.38832pt x 158.54192pt.
<../SN_Cases/plots/100_case5_albedo-0.5_out_plot.png, id=251, 462.528pt x 346.8
96pt>
File: ../SN_Cases/plots/100_case5_albedo-0.5_out_plot.png Graphic file (type pn
g)
<use ../SN_Cases/plots/100_case5_albedo-0.5_out_plot.png>
Package pdftex.def Info: ../SN_Cases/plots/100_case5_albedo-0.5_out_plot.png  u
sed on input line 421.
(pdftex.def)             Requested size: 211.38832pt x 158.54192pt.
<../SN_Cases/plots/100_case5_albedo-1.0_out_plot.png, id=252, 462.528pt x 346.8
96pt>
File: ../SN_Cases/plots/100_case5_albedo-1.0_out_plot.png Graphic file (type pn
g)
<use ../SN_Cases/plots/100_case5_albedo-1.0_out_plot.png>
Package pdftex.def Info: ../SN_Cases/plots/100_case5_albedo-1.0_out_plot.png  u
sed on input line 427.
(pdftex.def)             Requested size: 211.38832pt x 158.54192pt.
 [14

 <../SN_Cases/plots/20_case5_albedo-0.5_out_plot.png> <../SN_Cases/plots/20_cas
e5_albedo-1.0_out_plot.png> <../SN_Cases/plots/100_case5_albedo-0.5_out_plot.pn
g> <../SN_Cases/plots/100_case5_albedo-1.0_out_plot.png>]
<../SN2/plots/freeSurface1_alpha0_input_out.csv.png, id=261, 462.528pt x 346.89
6pt>
File: ../SN2/plots/freeSurface1_alpha0_input_out.csv.png Graphic file (type png
)
<use ../SN2/plots/freeSurface1_alpha0_input_out.csv.png>
Package pdftex.def Info: ../SN2/plots/freeSurface1_alpha0_input_out.csv.png  us
ed on input line 450.
(pdftex.def)             Requested size: 211.38832pt x 158.54192pt.
<../SN2/plots/freeSurface1_diamond_input_out.csv.png, id=262, 462.528pt x 346.8
96pt>
File: ../SN2/plots/freeSurface1_diamond_input_out.csv.png Graphic file (type pn
g)
<use ../SN2/plots/freeSurface1_diamond_input_out.csv.png>
Package pdftex.def Info: ../SN2/plots/freeSurface1_diamond_input_out.csv.png  u
sed on input line 456.
(pdftex.def)             Requested size: 211.38832pt x 158.54192pt.
<../SN2/plots/freeSurface2_alpha0_input_out.csv.png, id=263, 462.528pt x 346.89
6pt>
File: ../SN2/plots/freeSurface2_alpha0_input_out.csv.png Graphic file (type png
)
<use ../SN2/plots/freeSurface2_alpha0_input_out.csv.png>
Package pdftex.def Info: ../SN2/plots/freeSurface2_alpha0_input_out.csv.png  us
ed on input line 462.
(pdftex.def)             Requested size: 211.38832pt x 158.54192pt.
<../SN2/plots/freeSurface2_diamond_input_out.csv.png, id=264, 462.528pt x 346.8
96pt>
File: ../SN2/plots/freeSurface2_diamond_input_out.csv.png Graphic file (type pn
g)
<use ../SN2/plots/freeSurface2_diamond_input_out.csv.png>
Package pdftex.def Info: ../SN2/plots/freeSurface2_diamond_input_out.csv.png  u
sed on input line 468.
(pdftex.def)             Requested size: 211.38832pt x 158.54192pt.
 [15

 <../SN2/plots/freeSurface1_alpha0_input_out.csv.png> <../SN2/plots/freeSurface
1_diamond_input_out.csv.png> <../SN2/plots/freeSurface2_alpha0_input_out.csv.pn
g> <../SN2/plots/freeSurface2_diamond_input_out.csv.png>]
<../SN2/plots/reed_out.csv.png, id=276, 462.528pt x 346.896pt>
File: ../SN2/plots/reed_out.csv.png Graphic file (type png)
<use ../SN2/plots/reed_out.csv.png>
Package pdftex.def Info: ../SN2/plots/reed_out.csv.png  used on input line 507.

(pdftex.def)             Requested size: 422.77664pt x 317.09972pt.
 [16

] [17 <../SN2/plots/reed_out.csv.png>]
(./_minted-Pohlmann_NE515_finalReport/default.pygstyle)
(./_minted-Pohlmann_NE515_finalReport/BE6B88CF8525287CE3234FCD45E11D968449C92CD
92A3EE92AEDE8ADC6067C6E.pygtex)
(/home/lipohlmann/Desktop/Previous Semesters/Fall 2024/NE_515/NE515_SNCodes/rep
ort/out/Pohlmann_NE515_finalReport.bbl [18

]) [19]
(/home/lipohlmann/Desktop/Previous Semesters/Fall 2024/NE_515/NE515_SNCodes/rep
ort/out/Pohlmann_NE515_finalReport.aux)
Package rerunfilecheck Info: File `Pohlmann_NE515_finalReport.out' has not chan
ged.
(rerunfilecheck)             Checksum: AF32C425080AD9057E7D971B206E2367;1513.
 ) 
Here is how much of TeX's memory you used:
 21390 strings out of 478287
 382870 string characters out of 5849288
 735662 words of memory out of 5000000
 39016 multiletter control sequences out of 15000+600000
 537122 words of font info for 162 fonts, out of 8000000 for 9000
 1141 hyphenation exceptions out of 8191
 90i,15n,95p,1023b,612s stack positions out of 5000i,500n,10000p,200000b,80000s
{/usr/share/texmf/fonts/enc/dvips/cm-super/cm-super-t1.enc}{/usr/share/texmf/
fonts/enc/dvips/tex-gyre/q-ts1.enc}{/usr/share/texmf/fonts/enc/dvips/tex-gyre/q
-ec.enc}</usr/share/texlive/texmf-dist/fonts/type1/public/amsfonts/cm/cmex10.pf
b></usr/share/texlive/texmf-dist/fonts/type1/public/amsfonts/cm/cmmi10.pfb></us
r/share/texlive/texmf-dist/fonts/type1/public/amsfonts/cm/cmmi12.pfb></usr/shar
e/texlive/texmf-dist/fonts/type1/public/amsfonts/cm/cmmi6.pfb></usr/share/texli
ve/texmf-dist/fonts/type1/public/amsfonts/cm/cmmi8.pfb></usr/share/texlive/texm
f-dist/fonts/type1/public/amsfonts/cm/cmr10.pfb></usr/share/texlive/texmf-dist/
fonts/type1/public/amsfonts/cm/cmr12.pfb></usr/share/texlive/texmf-dist/fonts/t
ype1/public/amsfonts/cm/cmr6.pfb></usr/share/texlive/texmf-dist/fonts/type1/pub
lic/amsfonts/cm/cmr8.pfb></usr/share/texlive/texmf-dist/fonts/type1/public/amsf
onts/cm/cmsy10.pfb></usr/share/texlive/texmf-dist/fonts/type1/public/amsfonts/c
m/cmsy6.pfb></usr/share/texlive/texmf-dist/fonts/type1/public/amsfonts/cm/cmsy8
.pfb></usr/share/texmf/fonts/type1/public/tex-gyre/qplb.pfb></usr/share/texmf/f
onts/type1/public/tex-gyre/qplbi.pfb></usr/share/texmf/fonts/type1/public/tex-g
yre/qplr.pfb></usr/share/texmf/fonts/type1/public/tex-gyre/qplri.pfb></usr/shar
e/texmf/fonts/type1/public/cm-super/sftt1000.pfb></usr/share/texmf/fonts/type1/
public/cm-super/sftt1200.pfb>
Output written on "/home/lipohlmann/Desktop/Previous Semesters/Fall 2024/NE_515
/NE515_SNCodes/report/out/Pohlmann_NE515_finalReport.pdf" (20 pages, 2745504 by
tes).
PDF statistics:
 395 PDF objects out of 1000 (max. 8388607)
 277 compressed objects within 3 object streams
 72 named destinations out of 1000 (max. 500000)
 41189 words of extra memory for PDF output out of 42996 (max. 10000000)

